[0.010s] Invoking command in '/home/seyeongw/ros2_ws/src/ROS2-Mobile-Manipulator/wave_rover/build/waver_viz': CMAKE_PREFIX_PATH=${CMAKE_PREFIX_PATH}:/home/seyeongw/ros2_ws/install/ros2_aruco:/home/seyeongw/ros2_ws/install/camera_detection:/opt/ros/humble /usr/bin/cmake /home/seyeongw/ros2_ws/src/ROS2-Mobile-Manipulator/wave_rover/waver_viz -DCMAKE_INSTALL_PREFIX=/home/seyeongw/ros2_ws/src/ROS2-Mobile-Manipulator/wave_rover/install/waver_viz
[0.053s] -- The C compiler identification is GNU 11.4.0
[0.096s] -- The CXX compiler identification is GNU 11.4.0
[0.100s] -- Detecting C compiler ABI info
[0.160s] -- Detecting C compiler ABI info - done
[0.164s] -- Check for working C compiler: /usr/bin/cc - skipped
[0.164s] -- Detecting C compile features
[0.164s] -- Detecting C compile features - done
[0.166s] -- Detecting CXX compiler ABI info
[0.240s] -- Detecting CXX compiler ABI info - done
[0.245s] -- Check for working CXX compiler: /usr/bin/c++ - skipped
[0.245s] -- Detecting CXX compile features
[0.245s] -- Detecting CXX compile features - done
[0.247s] -- Found ament_cmake: 1.3.12 (/opt/ros/humble/share/ament_cmake/cmake)
[0.363s] -- Found Python3: /usr/bin/python3 (found version "3.10.12") found components: Interpreter 
[0.443s] -- Found ament_lint_auto: 0.12.14 (/opt/ros/humble/share/ament_lint_auto/cmake)
[0.503s] -- Configuring done
[0.504s] -- Generating done
[0.505s] -- Build files have been written to: /home/seyeongw/ros2_ws/src/ROS2-Mobile-Manipulator/wave_rover/build/waver_viz
[0.508s] Invoked command in '/home/seyeongw/ros2_ws/src/ROS2-Mobile-Manipulator/wave_rover/build/waver_viz' returned '0': CMAKE_PREFIX_PATH=${CMAKE_PREFIX_PATH}:/home/seyeongw/ros2_ws/install/ros2_aruco:/home/seyeongw/ros2_ws/install/camera_detection:/opt/ros/humble /usr/bin/cmake /home/seyeongw/ros2_ws/src/ROS2-Mobile-Manipulator/wave_rover/waver_viz -DCMAKE_INSTALL_PREFIX=/home/seyeongw/ros2_ws/src/ROS2-Mobile-Manipulator/wave_rover/install/waver_viz
[0.511s] Invoking command in '/home/seyeongw/ros2_ws/src/ROS2-Mobile-Manipulator/wave_rover/build/waver_viz': CMAKE_PREFIX_PATH=${CMAKE_PREFIX_PATH}:/home/seyeongw/ros2_ws/install/ros2_aruco:/home/seyeongw/ros2_ws/install/camera_detection:/opt/ros/humble /usr/bin/cmake --build /home/seyeongw/ros2_ws/src/ROS2-Mobile-Manipulator/wave_rover/build/waver_viz -- -j18 -l18
[0.544s] Invoked command in '/home/seyeongw/ros2_ws/src/ROS2-Mobile-Manipulator/wave_rover/build/waver_viz' returned '0': CMAKE_PREFIX_PATH=${CMAKE_PREFIX_PATH}:/home/seyeongw/ros2_ws/install/ros2_aruco:/home/seyeongw/ros2_ws/install/camera_detection:/opt/ros/humble /usr/bin/cmake --build /home/seyeongw/ros2_ws/src/ROS2-Mobile-Manipulator/wave_rover/build/waver_viz -- -j18 -l18
[0.551s] Invoking command in '/home/seyeongw/ros2_ws/src/ROS2-Mobile-Manipulator/wave_rover/build/waver_viz': CMAKE_PREFIX_PATH=${CMAKE_PREFIX_PATH}:/home/seyeongw/ros2_ws/install/ros2_aruco:/home/seyeongw/ros2_ws/install/camera_detection:/opt/ros/humble /usr/bin/cmake --install /home/seyeongw/ros2_ws/src/ROS2-Mobile-Manipulator/wave_rover/build/waver_viz
[0.555s] -- Install configuration: ""
[0.555s] -- Installing: /home/seyeongw/ros2_ws/src/ROS2-Mobile-Manipulator/wave_rover/install/waver_viz/share/ament_index/resource_index/package_run_dependencies/waver_viz
[0.555s] -- Installing: /home/seyeongw/ros2_ws/src/ROS2-Mobile-Manipulator/wave_rover/install/waver_viz/share/ament_index/resource_index/parent_prefix_path/waver_viz
[0.555s] -- Installing: /home/seyeongw/ros2_ws/src/ROS2-Mobile-Manipulator/wave_rover/install/waver_viz/share/waver_viz/environment/ament_prefix_path.sh
[0.555s] -- Installing: /home/seyeongw/ros2_ws/src/ROS2-Mobile-Manipulator/wave_rover/install/waver_viz/share/waver_viz/environment/ament_prefix_path.dsv
[0.555s] -- Installing: /home/seyeongw/ros2_ws/src/ROS2-Mobile-Manipulator/wave_rover/install/waver_viz/share/waver_viz/environment/path.sh
[0.555s] -- Installing: /home/seyeongw/ros2_ws/src/ROS2-Mobile-Manipulator/wave_rover/install/waver_viz/share/waver_viz/environment/path.dsv
[0.555s] -- Installing: /home/seyeongw/ros2_ws/src/ROS2-Mobile-Manipulator/wave_rover/install/waver_viz/share/waver_viz/local_setup.bash
[0.555s] -- Installing: /home/seyeongw/ros2_ws/src/ROS2-Mobile-Manipulator/wave_rover/install/waver_viz/share/waver_viz/local_setup.sh
[0.555s] -- Installing: /home/seyeongw/ros2_ws/src/ROS2-Mobile-Manipulator/wave_rover/install/waver_viz/share/waver_viz/local_setup.zsh
[0.555s] -- Installing: /home/seyeongw/ros2_ws/src/ROS2-Mobile-Manipulator/wave_rover/install/waver_viz/share/waver_viz/local_setup.dsv
[0.555s] -- Installing: /home/seyeongw/ros2_ws/src/ROS2-Mobile-Manipulator/wave_rover/install/waver_viz/share/waver_viz/package.dsv
[0.556s] -- Installing: /home/seyeongw/ros2_ws/src/ROS2-Mobile-Manipulator/wave_rover/install/waver_viz/share/ament_index/resource_index/packages/waver_viz
[0.556s] -- Installing: /home/seyeongw/ros2_ws/src/ROS2-Mobile-Manipulator/wave_rover/install/waver_viz/share/waver_viz/cmake/waver_vizConfig.cmake
[0.556s] -- Installing: /home/seyeongw/ros2_ws/src/ROS2-Mobile-Manipulator/wave_rover/install/waver_viz/share/waver_viz/cmake/waver_vizConfig-version.cmake
[0.556s] -- Installing: /home/seyeongw/ros2_ws/src/ROS2-Mobile-Manipulator/wave_rover/install/waver_viz/share/waver_viz/package.xml
[0.556s] -- Installing: /home/seyeongw/ros2_ws/src/ROS2-Mobile-Manipulator/wave_rover/install/waver_viz/share/waver_viz//launch
[0.556s] -- Installing: /home/seyeongw/ros2_ws/src/ROS2-Mobile-Manipulator/wave_rover/install/waver_viz/share/waver_viz//launch/rviz.launch.xml
[0.556s] -- Installing: /home/seyeongw/ros2_ws/src/ROS2-Mobile-Manipulator/wave_rover/install/waver_viz/share/waver_viz//rviz
[0.556s] -- Installing: /home/seyeongw/ros2_ws/src/ROS2-Mobile-Manipulator/wave_rover/install/waver_viz/share/waver_viz//rviz/waver.rviz
[0.557s] Invoked command in '/home/seyeongw/ros2_ws/src/ROS2-Mobile-Manipulator/wave_rover/build/waver_viz' returned '0': CMAKE_PREFIX_PATH=${CMAKE_PREFIX_PATH}:/home/seyeongw/ros2_ws/install/ros2_aruco:/home/seyeongw/ros2_ws/install/camera_detection:/opt/ros/humble /usr/bin/cmake --install /home/seyeongw/ros2_ws/src/ROS2-Mobile-Manipulator/wave_rover/build/waver_viz
