-- Install configuration: ""
-- Up-to-date: /home/seyeongw/ros2_ws/src/ROS2-Mobile-Manipulator/wave_rover/install/waver_gazebo/share/ament_index/resource_index/package_run_dependencies/waver_gazebo
-- Up-to-date: /home/seyeongw/ros2_ws/src/ROS2-Mobile-Manipulator/wave_rover/install/waver_gazebo/share/ament_index/resource_index/parent_prefix_path/waver_gazebo
-- Up-to-date: /home/seyeongw/ros2_ws/src/ROS2-Mobile-Manipulator/wave_rover/install/waver_gazebo/share/waver_gazebo/environment/ament_prefix_path.sh
-- Up-to-date: /home/seyeongw/ros2_ws/src/ROS2-Mobile-Manipulator/wave_rover/install/waver_gazebo/share/waver_gazebo/environment/ament_prefix_path.dsv
-- Up-to-date: /home/seyeongw/ros2_ws/src/ROS2-Mobile-Manipulator/wave_rover/install/waver_gazebo/share/waver_gazebo/environment/path.sh
-- Up-to-date: /home/seyeongw/ros2_ws/src/ROS2-Mobile-Manipulator/wave_rover/install/waver_gazebo/share/waver_gazebo/environment/path.dsv
-- Up-to-date: /home/seyeongw/ros2_ws/src/ROS2-Mobile-Manipulator/wave_rover/install/waver_gazebo/share/waver_gazebo/local_setup.bash
-- Up-to-date: /home/seyeongw/ros2_ws/src/ROS2-Mobile-Manipulator/wave_rover/install/waver_gazebo/share/waver_gazebo/local_setup.sh
-- Up-to-date: /home/seyeongw/ros2_ws/src/ROS2-Mobile-Manipulator/wave_rover/install/waver_gazebo/share/waver_gazebo/local_setup.zsh
-- Up-to-date: /home/seyeongw/ros2_ws/src/ROS2-Mobile-Manipulator/wave_rover/install/waver_gazebo/share/waver_gazebo/local_setup.dsv
-- Up-to-date: /home/seyeongw/ros2_ws/src/ROS2-Mobile-Manipulator/wave_rover/install/waver_gazebo/share/waver_gazebo/package.dsv
-- Up-to-date: /home/seyeongw/ros2_ws/src/ROS2-Mobile-Manipulator/wave_rover/install/waver_gazebo/share/ament_index/resource_index/packages/waver_gazebo
-- Up-to-date: /home/seyeongw/ros2_ws/src/ROS2-Mobile-Manipulator/wave_rover/install/waver_gazebo/share/waver_gazebo/cmake/waver_gazeboConfig.cmake
-- Up-to-date: /home/seyeongw/ros2_ws/src/ROS2-Mobile-Manipulator/wave_rover/install/waver_gazebo/share/waver_gazebo/cmake/waver_gazeboConfig-version.cmake
-- Up-to-date: /home/seyeongw/ros2_ws/src/ROS2-Mobile-Manipulator/wave_rover/install/waver_gazebo/share/waver_gazebo/package.xml
-- Up-to-date: /home/seyeongw/ros2_ws/src/ROS2-Mobile-Manipulator/wave_rover/install/waver_gazebo/share/waver_gazebo//config
-- Up-to-date: /home/seyeongw/ros2_ws/src/ROS2-Mobile-Manipulator/wave_rover/install/waver_gazebo/share/waver_gazebo//config/ros_gz_bridge.yaml
-- Up-to-date: /home/seyeongw/ros2_ws/src/ROS2-Mobile-Manipulator/wave_rover/install/waver_gazebo/share/waver_gazebo//launch
-- Up-to-date: /home/seyeongw/ros2_ws/src/ROS2-Mobile-Manipulator/wave_rover/install/waver_gazebo/share/waver_gazebo//launch/gazebo.launch.xml
-- Up-to-date: /home/seyeongw/ros2_ws/src/ROS2-Mobile-Manipulator/wave_rover/install/waver_gazebo/share/waver_gazebo//worlds
-- Up-to-date: /home/seyeongw/ros2_ws/src/ROS2-Mobile-Manipulator/wave_rover/install/waver_gazebo/share/waver_gazebo//worlds/room.sdf
