-- Install configuration: ""
-- Up-to-date: /home/seyeongw/ros2_ws/src/ROS2-Mobile-Manipulator/wave_rover/install/waver_viz/share/ament_index/resource_index/package_run_dependencies/waver_viz
-- Up-to-date: /home/seyeongw/ros2_ws/src/ROS2-Mobile-Manipulator/wave_rover/install/waver_viz/share/ament_index/resource_index/parent_prefix_path/waver_viz
-- Up-to-date: /home/seyeongw/ros2_ws/src/ROS2-Mobile-Manipulator/wave_rover/install/waver_viz/share/waver_viz/environment/ament_prefix_path.sh
-- Up-to-date: /home/seyeongw/ros2_ws/src/ROS2-Mobile-Manipulator/wave_rover/install/waver_viz/share/waver_viz/environment/ament_prefix_path.dsv
-- Up-to-date: /home/seyeongw/ros2_ws/src/ROS2-Mobile-Manipulator/wave_rover/install/waver_viz/share/waver_viz/environment/path.sh
-- Up-to-date: /home/seyeongw/ros2_ws/src/ROS2-Mobile-Manipulator/wave_rover/install/waver_viz/share/waver_viz/environment/path.dsv
-- Up-to-date: /home/seyeongw/ros2_ws/src/ROS2-Mobile-Manipulator/wave_rover/install/waver_viz/share/waver_viz/local_setup.bash
-- Up-to-date: /home/seyeongw/ros2_ws/src/ROS2-Mobile-Manipulator/wave_rover/install/waver_viz/share/waver_viz/local_setup.sh
-- Up-to-date: /home/seyeongw/ros2_ws/src/ROS2-Mobile-Manipulator/wave_rover/install/waver_viz/share/waver_viz/local_setup.zsh
-- Up-to-date: /home/seyeongw/ros2_ws/src/ROS2-Mobile-Manipulator/wave_rover/install/waver_viz/share/waver_viz/local_setup.dsv
-- Installing: /home/seyeongw/ros2_ws/src/ROS2-Mobile-Manipulator/wave_rover/install/waver_viz/share/waver_viz/package.dsv
-- Up-to-date: /home/seyeongw/ros2_ws/src/ROS2-Mobile-Manipulator/wave_rover/install/waver_viz/share/ament_index/resource_index/packages/waver_viz
-- Up-to-date: /home/seyeongw/ros2_ws/src/ROS2-Mobile-Manipulator/wave_rover/install/waver_viz/share/waver_viz/cmake/waver_vizConfig.cmake
-- Up-to-date: /home/seyeongw/ros2_ws/src/ROS2-Mobile-Manipulator/wave_rover/install/waver_viz/share/waver_viz/cmake/waver_vizConfig-version.cmake
-- Up-to-date: /home/seyeongw/ros2_ws/src/ROS2-Mobile-Manipulator/wave_rover/install/waver_viz/share/waver_viz/package.xml
-- Up-to-date: /home/seyeongw/ros2_ws/src/ROS2-Mobile-Manipulator/wave_rover/install/waver_viz/share/waver_viz//launch
-- Up-to-date: /home/seyeongw/ros2_ws/src/ROS2-Mobile-Manipulator/wave_rover/install/waver_viz/share/waver_viz//launch/rviz.launch.xml
-- Up-to-date: /home/seyeongw/ros2_ws/src/ROS2-Mobile-Manipulator/wave_rover/install/waver_viz/share/waver_viz//rviz
-- Up-to-date: /home/seyeongw/ros2_ws/src/ROS2-Mobile-Manipulator/wave_rover/install/waver_viz/share/waver_viz//rviz/waver.rviz
