-- The C compiler identification is GNU 11.4.0
-- The CXX compiler identification is GNU 11.4.0
-- Detecting C compiler ABI info
-- Detecting C compiler ABI info - done
-- Check for working C compiler: /usr/bin/cc - skipped
-- Detecting C compile features
-- Detecting C compile features - done
-- Detecting CXX compiler ABI info
-- Detecting CXX compiler ABI info - done
-- Check for working CXX compiler: /usr/bin/c++ - skipped
-- Detecting CXX compile features
-- Detecting CXX compile features - done
-- Found ament_cmake: 1.3.12 (/opt/ros/humble/share/ament_cmake/cmake)
-- Found Python3: /usr/bin/python3 (found version "3.10.12") found components: Interpreter 
-- Found urdf: 2.6.1 (/opt/ros/humble/share/urdf/cmake)
-- Found xacro: 2.1.1 (/opt/ros/humble/share/xacro/cmake)
-- Found ament_lint_auto: 0.12.14 (/opt/ros/humble/share/ament_lint_auto/cmake)
-- Configuring done
-- Generating done
-- Build files have been written to: /home/seyeongw/ros2_ws/src/ROS2-Mobile-Manipulator/wave_rover/build/waver_description
-- Install configuration: ""
-- Installing: /home/seyeongw/ros2_ws/src/ROS2-Mobile-Manipulator/wave_rover/install/waver_description/share/waver_description//config
-- Installing: /home/seyeongw/ros2_ws/src/ROS2-Mobile-Manipulator/wave_rover/install/waver_description/share/waver_description//config/waver_controllers.yaml
-- Installing: /home/seyeongw/ros2_ws/src/ROS2-Mobile-Manipulator/wave_rover/install/waver_description/share/waver_description//launch
-- Installing: /home/seyeongw/ros2_ws/src/ROS2-Mobile-Manipulator/wave_rover/install/waver_description/share/waver_description//launch/description.launch.xml
-- Installing: /home/seyeongw/ros2_ws/src/ROS2-Mobile-Manipulator/wave_rover/install/waver_description/share/waver_description//meshes
-- Installing: /home/seyeongw/ros2_ws/src/ROS2-Mobile-Manipulator/wave_rover/install/waver_description/share/waver_description//meshes/rasp_pi_camera.stl
-- Installing: /home/seyeongw/ros2_ws/src/ROS2-Mobile-Manipulator/wave_rover/install/waver_description/share/waver_description//meshes/wheel_back_left_link.stl
-- Installing: /home/seyeongw/ros2_ws/src/ROS2-Mobile-Manipulator/wave_rover/install/waver_description/share/waver_description//meshes/LD19.stl
-- Installing: /home/seyeongw/ros2_ws/src/ROS2-Mobile-Manipulator/wave_rover/install/waver_description/share/waver_description//meshes/wheel_front_right_link.stl
-- Installing: /home/seyeongw/ros2_ws/src/ROS2-Mobile-Manipulator/wave_rover/install/waver_description/share/waver_description//meshes/wheel_front_left_link.stl
-- Installing: /home/seyeongw/ros2_ws/src/ROS2-Mobile-Manipulator/wave_rover/install/waver_description/share/waver_description//meshes/board_link.stl
-- Installing: /home/seyeongw/ros2_ws/src/ROS2-Mobile-Manipulator/wave_rover/install/waver_description/share/waver_description//meshes/base_link.stl
-- Installing: /home/seyeongw/ros2_ws/src/ROS2-Mobile-Manipulator/wave_rover/install/waver_description/share/waver_description//meshes/accessories1_link.stl
-- Installing: /home/seyeongw/ros2_ws/src/ROS2-Mobile-Manipulator/wave_rover/install/waver_description/share/waver_description//meshes/zedxm.stl
-- Installing: /home/seyeongw/ros2_ws/src/ROS2-Mobile-Manipulator/wave_rover/install/waver_description/share/waver_description//meshes/oled_screen_link.stl
-- Installing: /home/seyeongw/ros2_ws/src/ROS2-Mobile-Manipulator/wave_rover/install/waver_description/share/waver_description//meshes/wheel_back_right_link.stl
-- Installing: /home/seyeongw/ros2_ws/src/ROS2-Mobile-Manipulator/wave_rover/install/waver_description/share/waver_description//meshes/accessories_link.stl
-- Installing: /home/seyeongw/ros2_ws/src/ROS2-Mobile-Manipulator/wave_rover/install/waver_description/share/waver_description//meshes/top_shell_link.stl
-- Installing: /home/seyeongw/ros2_ws/src/ROS2-Mobile-Manipulator/wave_rover/install/waver_description/share/waver_description//urdf
-- Installing: /home/seyeongw/ros2_ws/src/ROS2-Mobile-Manipulator/wave_rover/install/waver_description/share/waver_description//urdf/materials.xacro
-- Installing: /home/seyeongw/ros2_ws/src/ROS2-Mobile-Manipulator/wave_rover/install/waver_description/share/waver_description//urdf/depth_camera_zedxm.xacro
-- Installing: /home/seyeongw/ros2_ws/src/ROS2-Mobile-Manipulator/wave_rover/install/waver_description/share/waver_description//urdf/waver.gazebo.xacro
-- Installing: /home/seyeongw/ros2_ws/src/ROS2-Mobile-Manipulator/wave_rover/install/waver_description/share/waver_description//urdf/lidar.xacro
-- Installing: /home/seyeongw/ros2_ws/src/ROS2-Mobile-Manipulator/wave_rover/install/waver_description/share/waver_description//urdf/waver.control.xacro
-- Installing: /home/seyeongw/ros2_ws/src/ROS2-Mobile-Manipulator/wave_rover/install/waver_description/share/waver_description//urdf/util.xacro
-- Installing: /home/seyeongw/ros2_ws/src/ROS2-Mobile-Manipulator/wave_rover/install/waver_description/share/waver_description//urdf/imu.xacro
-- Installing: /home/seyeongw/ros2_ws/src/ROS2-Mobile-Manipulator/wave_rover/install/waver_description/share/waver_description//urdf/rasp_pi_camera.xacro
-- Installing: /home/seyeongw/ros2_ws/src/ROS2-Mobile-Manipulator/wave_rover/install/waver_description/share/waver_description//urdf/waver.xacro
-- Installing: /home/seyeongw/ros2_ws/src/ROS2-Mobile-Manipulator/wave_rover/install/waver_description/share/ament_index/resource_index/package_run_dependencies/waver_description
-- Installing: /home/seyeongw/ros2_ws/src/ROS2-Mobile-Manipulator/wave_rover/install/waver_description/share/ament_index/resource_index/parent_prefix_path/waver_description
-- Installing: /home/seyeongw/ros2_ws/src/ROS2-Mobile-Manipulator/wave_rover/install/waver_description/share/waver_description/environment/ament_prefix_path.sh
-- Installing: /home/seyeongw/ros2_ws/src/ROS2-Mobile-Manipulator/wave_rover/install/waver_description/share/waver_description/environment/ament_prefix_path.dsv
-- Installing: /home/seyeongw/ros2_ws/src/ROS2-Mobile-Manipulator/wave_rover/install/waver_description/share/waver_description/environment/path.sh
-- Installing: /home/seyeongw/ros2_ws/src/ROS2-Mobile-Manipulator/wave_rover/install/waver_description/share/waver_description/environment/path.dsv
-- Installing: /home/seyeongw/ros2_ws/src/ROS2-Mobile-Manipulator/wave_rover/install/waver_description/share/waver_description/local_setup.bash
-- Installing: /home/seyeongw/ros2_ws/src/ROS2-Mobile-Manipulator/wave_rover/install/waver_description/share/waver_description/local_setup.sh
-- Installing: /home/seyeongw/ros2_ws/src/ROS2-Mobile-Manipulator/wave_rover/install/waver_description/share/waver_description/local_setup.zsh
-- Installing: /home/seyeongw/ros2_ws/src/ROS2-Mobile-Manipulator/wave_rover/install/waver_description/share/waver_description/local_setup.dsv
-- Installing: /home/seyeongw/ros2_ws/src/ROS2-Mobile-Manipulator/wave_rover/install/waver_description/share/waver_description/package.dsv
-- Installing: /home/seyeongw/ros2_ws/src/ROS2-Mobile-Manipulator/wave_rover/install/waver_description/share/ament_index/resource_index/packages/waver_description
-- Installing: /home/seyeongw/ros2_ws/src/ROS2-Mobile-Manipulator/wave_rover/install/waver_description/share/waver_description/cmake/waver_descriptionConfig.cmake
-- Installing: /home/seyeongw/ros2_ws/src/ROS2-Mobile-Manipulator/wave_rover/install/waver_description/share/waver_description/cmake/waver_descriptionConfig-version.cmake
-- Installing: /home/seyeongw/ros2_ws/src/ROS2-Mobile-Manipulator/wave_rover/install/waver_description/share/waver_description/package.xml
