[0.011s] Invoking command in '/home/seyeongw/ros2_ws/src/ROS2-Mobile-Manipulator/wave_rover/build/waver_description': CMAKE_PREFIX_PATH=${CMAKE_PREFIX_PATH}:/home/seyeongw/ros2_ws/install/ros2_aruco:/home/seyeongw/ros2_ws/install/camera_detection:/opt/ros/humble /usr/bin/cmake /home/seyeongw/ros2_ws/src/ROS2-Mobile-Manipulator/wave_rover/waver_description -DCMAKE_INSTALL_PREFIX=/home/seyeongw/ros2_ws/src/ROS2-Mobile-Manipulator/wave_rover/install/waver_description
[0.061s] -- The C compiler identification is GNU 11.4.0
[0.097s] -- The CXX compiler identification is GNU 11.4.0
[0.101s] -- Detecting C compiler ABI info
[0.159s] -- Detecting C compiler ABI info - done
[0.163s] -- Check for working C compiler: /usr/bin/cc - skipped
[0.163s] -- Detecting C compile features
[0.163s] -- Detecting C compile features - done
[0.165s] -- Detecting CXX compiler ABI info
[0.227s] -- Detecting CXX compiler ABI info - done
[0.234s] -- Check for working CXX compiler: /usr/bin/c++ - skipped
[0.234s] -- Detecting CXX compile features
[0.235s] -- Detecting CXX compile features - done
[0.239s] -- Found ament_cmake: 1.3.12 (/opt/ros/humble/share/ament_cmake/cmake)
[0.368s] -- Found Python3: /usr/bin/python3 (found version "3.10.12") found components: Interpreter 
[0.439s] -- Found urdf: 2.6.1 (/opt/ros/humble/share/urdf/cmake)
[0.479s] -- Found xacro: 2.1.1 (/opt/ros/humble/share/xacro/cmake)
[0.481s] -- Found ament_lint_auto: 0.12.14 (/opt/ros/humble/share/ament_lint_auto/cmake)
[0.546s] -- Configuring done
[0.547s] -- Generating done
[0.548s] -- Build files have been written to: /home/seyeongw/ros2_ws/src/ROS2-Mobile-Manipulator/wave_rover/build/waver_description
[0.558s] Invoked command in '/home/seyeongw/ros2_ws/src/ROS2-Mobile-Manipulator/wave_rover/build/waver_description' returned '0': CMAKE_PREFIX_PATH=${CMAKE_PREFIX_PATH}:/home/seyeongw/ros2_ws/install/ros2_aruco:/home/seyeongw/ros2_ws/install/camera_detection:/opt/ros/humble /usr/bin/cmake /home/seyeongw/ros2_ws/src/ROS2-Mobile-Manipulator/wave_rover/waver_description -DCMAKE_INSTALL_PREFIX=/home/seyeongw/ros2_ws/src/ROS2-Mobile-Manipulator/wave_rover/install/waver_description
[0.559s] Invoking command in '/home/seyeongw/ros2_ws/src/ROS2-Mobile-Manipulator/wave_rover/build/waver_description': CMAKE_PREFIX_PATH=${CMAKE_PREFIX_PATH}:/home/seyeongw/ros2_ws/install/ros2_aruco:/home/seyeongw/ros2_ws/install/camera_detection:/opt/ros/humble /usr/bin/cmake --build /home/seyeongw/ros2_ws/src/ROS2-Mobile-Manipulator/wave_rover/build/waver_description -- -j18 -l18
[0.590s] Invoked command in '/home/seyeongw/ros2_ws/src/ROS2-Mobile-Manipulator/wave_rover/build/waver_description' returned '0': CMAKE_PREFIX_PATH=${CMAKE_PREFIX_PATH}:/home/seyeongw/ros2_ws/install/ros2_aruco:/home/seyeongw/ros2_ws/install/camera_detection:/opt/ros/humble /usr/bin/cmake --build /home/seyeongw/ros2_ws/src/ROS2-Mobile-Manipulator/wave_rover/build/waver_description -- -j18 -l18
[0.591s] Invoking command in '/home/seyeongw/ros2_ws/src/ROS2-Mobile-Manipulator/wave_rover/build/waver_description': CMAKE_PREFIX_PATH=${CMAKE_PREFIX_PATH}:/home/seyeongw/ros2_ws/install/ros2_aruco:/home/seyeongw/ros2_ws/install/camera_detection:/opt/ros/humble /usr/bin/cmake --install /home/seyeongw/ros2_ws/src/ROS2-Mobile-Manipulator/wave_rover/build/waver_description
[0.595s] -- Install configuration: ""
[0.595s] -- Installing: /home/seyeongw/ros2_ws/src/ROS2-Mobile-Manipulator/wave_rover/install/waver_description/share/waver_description//config
[0.595s] -- Installing: /home/seyeongw/ros2_ws/src/ROS2-Mobile-Manipulator/wave_rover/install/waver_description/share/waver_description//config/waver_controllers.yaml
[0.596s] -- Installing: /home/seyeongw/ros2_ws/src/ROS2-Mobile-Manipulator/wave_rover/install/waver_description/share/waver_description//launch
[0.596s] -- Installing: /home/seyeongw/ros2_ws/src/ROS2-Mobile-Manipulator/wave_rover/install/waver_description/share/waver_description//launch/description.launch.xml
[0.596s] -- Installing: /home/seyeongw/ros2_ws/src/ROS2-Mobile-Manipulator/wave_rover/install/waver_description/share/waver_description//meshes
[0.596s] -- Installing: /home/seyeongw/ros2_ws/src/ROS2-Mobile-Manipulator/wave_rover/install/waver_description/share/waver_description//meshes/rasp_pi_camera.stl
[0.597s] -- Installing: /home/seyeongw/ros2_ws/src/ROS2-Mobile-Manipulator/wave_rover/install/waver_description/share/waver_description//meshes/wheel_back_left_link.stl
[0.598s] -- Installing: /home/seyeongw/ros2_ws/src/ROS2-Mobile-Manipulator/wave_rover/install/waver_description/share/waver_description//meshes/LD19.stl
[0.599s] -- Installing: /home/seyeongw/ros2_ws/src/ROS2-Mobile-Manipulator/wave_rover/install/waver_description/share/waver_description//meshes/wheel_front_right_link.stl
[0.600s] -- Installing: /home/seyeongw/ros2_ws/src/ROS2-Mobile-Manipulator/wave_rover/install/waver_description/share/waver_description//meshes/wheel_front_left_link.stl
[0.601s] -- Installing: /home/seyeongw/ros2_ws/src/ROS2-Mobile-Manipulator/wave_rover/install/waver_description/share/waver_description//meshes/board_link.stl
[0.603s] -- Installing: /home/seyeongw/ros2_ws/src/ROS2-Mobile-Manipulator/wave_rover/install/waver_description/share/waver_description//meshes/base_link.stl
[0.608s] -- Installing: /home/seyeongw/ros2_ws/src/ROS2-Mobile-Manipulator/wave_rover/install/waver_description/share/waver_description//meshes/accessories1_link.stl
[0.608s] -- Installing: /home/seyeongw/ros2_ws/src/ROS2-Mobile-Manipulator/wave_rover/install/waver_description/share/waver_description//meshes/zedxm.stl
[0.608s] -- Installing: /home/seyeongw/ros2_ws/src/ROS2-Mobile-Manipulator/wave_rover/install/waver_description/share/waver_description//meshes/oled_screen_link.stl
[0.608s] -- Installing: /home/seyeongw/ros2_ws/src/ROS2-Mobile-Manipulator/wave_rover/install/waver_description/share/waver_description//meshes/wheel_back_right_link.stl
[0.609s] -- Installing: /home/seyeongw/ros2_ws/src/ROS2-Mobile-Manipulator/wave_rover/install/waver_description/share/waver_description//meshes/accessories_link.stl
[0.609s] -- Installing: /home/seyeongw/ros2_ws/src/ROS2-Mobile-Manipulator/wave_rover/install/waver_description/share/waver_description//meshes/top_shell_link.stl
[0.611s] -- Installing: /home/seyeongw/ros2_ws/src/ROS2-Mobile-Manipulator/wave_rover/install/waver_description/share/waver_description//urdf
[0.611s] -- Installing: /home/seyeongw/ros2_ws/src/ROS2-Mobile-Manipulator/wave_rover/install/waver_description/share/waver_description//urdf/materials.xacro
[0.611s] -- Installing: /home/seyeongw/ros2_ws/src/ROS2-Mobile-Manipulator/wave_rover/install/waver_description/share/waver_description//urdf/depth_camera_zedxm.xacro
[0.611s] -- Installing: /home/seyeongw/ros2_ws/src/ROS2-Mobile-Manipulator/wave_rover/install/waver_description/share/waver_description//urdf/waver.gazebo.xacro
[0.611s] -- Installing: /home/seyeongw/ros2_ws/src/ROS2-Mobile-Manipulator/wave_rover/install/waver_description/share/waver_description//urdf/lidar.xacro
[0.611s] -- Installing: /home/seyeongw/ros2_ws/src/ROS2-Mobile-Manipulator/wave_rover/install/waver_description/share/waver_description//urdf/waver.control.xacro
[0.611s] -- Installing: /home/seyeongw/ros2_ws/src/ROS2-Mobile-Manipulator/wave_rover/install/waver_description/share/waver_description//urdf/util.xacro
[0.612s] -- Installing: /home/seyeongw/ros2_ws/src/ROS2-Mobile-Manipulator/wave_rover/install/waver_description/share/waver_description//urdf/imu.xacro
[0.612s] -- Installing: /home/seyeongw/ros2_ws/src/ROS2-Mobile-Manipulator/wave_rover/install/waver_description/share/waver_description//urdf/rasp_pi_camera.xacro
[0.612s] -- Installing: /home/seyeongw/ros2_ws/src/ROS2-Mobile-Manipulator/wave_rover/install/waver_description/share/waver_description//urdf/waver.xacro
[0.612s] -- Installing: /home/seyeongw/ros2_ws/src/ROS2-Mobile-Manipulator/wave_rover/install/waver_description/share/ament_index/resource_index/package_run_dependencies/waver_description
[0.612s] -- Installing: /home/seyeongw/ros2_ws/src/ROS2-Mobile-Manipulator/wave_rover/install/waver_description/share/ament_index/resource_index/parent_prefix_path/waver_description
[0.612s] -- Installing: /home/seyeongw/ros2_ws/src/ROS2-Mobile-Manipulator/wave_rover/install/waver_description/share/waver_description/environment/ament_prefix_path.sh
[0.612s] -- Installing: /home/seyeongw/ros2_ws/src/ROS2-Mobile-Manipulator/wave_rover/install/waver_description/share/waver_description/environment/ament_prefix_path.dsv
[0.612s] -- Installing: /home/seyeongw/ros2_ws/src/ROS2-Mobile-Manipulator/wave_rover/install/waver_description/share/waver_description/environment/path.sh
[0.612s] -- Installing: /home/seyeongw/ros2_ws/src/ROS2-Mobile-Manipulator/wave_rover/install/waver_description/share/waver_description/environment/path.dsv
[0.612s] -- Installing: /home/seyeongw/ros2_ws/src/ROS2-Mobile-Manipulator/wave_rover/install/waver_description/share/waver_description/local_setup.bash
[0.612s] -- Installing: /home/seyeongw/ros2_ws/src/ROS2-Mobile-Manipulator/wave_rover/install/waver_description/share/waver_description/local_setup.sh
[0.612s] -- Installing: /home/seyeongw/ros2_ws/src/ROS2-Mobile-Manipulator/wave_rover/install/waver_description/share/waver_description/local_setup.zsh
[0.612s] -- Installing: /home/seyeongw/ros2_ws/src/ROS2-Mobile-Manipulator/wave_rover/install/waver_description/share/waver_description/local_setup.dsv
[0.612s] -- Installing: /home/seyeongw/ros2_ws/src/ROS2-Mobile-Manipulator/wave_rover/install/waver_description/share/waver_description/package.dsv
[0.613s] -- Installing: /home/seyeongw/ros2_ws/src/ROS2-Mobile-Manipulator/wave_rover/install/waver_description/share/ament_index/resource_index/packages/waver_description
[0.613s] -- Installing: /home/seyeongw/ros2_ws/src/ROS2-Mobile-Manipulator/wave_rover/install/waver_description/share/waver_description/cmake/waver_descriptionConfig.cmake
[0.613s] -- Installing: /home/seyeongw/ros2_ws/src/ROS2-Mobile-Manipulator/wave_rover/install/waver_description/share/waver_description/cmake/waver_descriptionConfig-version.cmake
[0.613s] -- Installing: /home/seyeongw/ros2_ws/src/ROS2-Mobile-Manipulator/wave_rover/install/waver_description/share/waver_description/package.xml
[0.614s] Invoked command in '/home/seyeongw/ros2_ws/src/ROS2-Mobile-Manipulator/wave_rover/build/waver_description' returned '0': CMAKE_PREFIX_PATH=${CMAKE_PREFIX_PATH}:/home/seyeongw/ros2_ws/install/ros2_aruco:/home/seyeongw/ros2_ws/install/camera_detection:/opt/ros/humble /usr/bin/cmake --install /home/seyeongw/ros2_ws/src/ROS2-Mobile-Manipulator/wave_rover/build/waver_description
