[0.064s] DEBUG:colcon:Command line arguments: ['/usr/bin/colcon', 'build']
[0.064s] DEBUG:colcon:Parsed command line arguments: Namespace(log_base=None, log_level=None, verb_name='build', build_base='build', install_base='install', merge_install=False, symlink_install=False, test_result_base=None, continue_on_error=False, executor='parallel', parallel_workers=18, event_handlers=None, ignore_user_meta=False, metas=['./colcon.meta'], base_paths=['.'], packages_ignore=None, packages_ignore_regex=None, paths=None, packages_up_to=None, packages_up_to_regex=None, packages_above=None, packages_above_and_dependencies=None, packages_above_depth=None, packages_select_by_dep=None, packages_skip_by_dep=None, packages_skip_up_to=None, packages_select_build_failed=False, packages_skip_build_finished=False, packages_select_test_failures=False, packages_skip_test_passed=False, packages_select=None, packages_skip=None, packages_select_regex=None, packages_skip_regex=None, packages_start=None, packages_end=None, allow_overriding=[], cmake_args=None, cmake_target=None, cmake_target_skip_unavailable=False, cmake_clean_cache=False, cmake_clean_first=False, cmake_force_configure=False, ament_cmake_args=None, catkin_cmake_args=None, catkin_skip_building_tests=False, mixin_files=None, mixin=None, verb_parser=<colcon_mixin.mixin.mixin_argument.MixinArgumentDecorator object at 0x7f1c95581660>, verb_extension=<colcon_core.verb.build.BuildVerb object at 0x7f1c95580f70>, main=<bound method BuildVerb.main of <colcon_core.verb.build.BuildVerb object at 0x7f1c95580f70>>, mixin_verb=('build',))
[0.169s] Level 1:colcon.colcon_core.package_discovery:discover_packages(colcon_meta) check parameters
[0.170s] Level 1:colcon.colcon_core.package_discovery:discover_packages(recursive) check parameters
[0.170s] Level 1:colcon.colcon_core.package_discovery:discover_packages(ignore) check parameters
[0.170s] Level 1:colcon.colcon_core.package_discovery:discover_packages(path) check parameters
[0.170s] Level 1:colcon.colcon_core.package_discovery:discover_packages(colcon_meta) discover
[0.170s] Level 1:colcon.colcon_core.package_discovery:discover_packages(recursive) discover
[0.170s] INFO:colcon.colcon_core.package_discovery:Crawling recursively for packages in '/home/seyeongw/ros2_ws/src/ROS2-Mobile-Manipulator/wave_rover'
[0.170s] Level 1:colcon.colcon_core.package_identification:_identify(.) by extensions ['ignore', 'ignore_ament_install']
[0.170s] Level 1:colcon.colcon_core.package_identification:_identify(.) by extension 'ignore'
[0.170s] Level 1:colcon.colcon_core.package_identification:_identify(.) by extension 'ignore_ament_install'
[0.170s] Level 1:colcon.colcon_core.package_identification:_identify(.) by extensions ['colcon_pkg']
[0.170s] Level 1:colcon.colcon_core.package_identification:_identify(.) by extension 'colcon_pkg'
[0.170s] Level 1:colcon.colcon_core.package_identification:_identify(.) by extensions ['colcon_meta']
[0.170s] Level 1:colcon.colcon_core.package_identification:_identify(.) by extension 'colcon_meta'
[0.170s] Level 1:colcon.colcon_core.package_identification:_identify(.) by extensions ['ros']
[0.170s] Level 1:colcon.colcon_core.package_identification:_identify(.) by extension 'ros'
[0.192s] Level 1:colcon.colcon_core.package_identification:_identify(.) by extensions ['cmake', 'python']
[0.192s] Level 1:colcon.colcon_core.package_identification:_identify(.) by extension 'cmake'
[0.192s] Level 1:colcon.colcon_core.package_identification:_identify(.) by extension 'python'
[0.192s] Level 1:colcon.colcon_core.package_identification:_identify(.) by extensions ['python_setup_py']
[0.192s] Level 1:colcon.colcon_core.package_identification:_identify(.) by extension 'python_setup_py'
[0.192s] Level 1:colcon.colcon_core.package_identification:_identify(build) by extensions ['ignore', 'ignore_ament_install']
[0.192s] Level 1:colcon.colcon_core.package_identification:_identify(build) by extension 'ignore'
[0.192s] Level 1:colcon.colcon_core.package_identification:_identify(build) ignored
[0.192s] Level 1:colcon.colcon_core.package_identification:_identify(install) by extensions ['ignore', 'ignore_ament_install']
[0.192s] Level 1:colcon.colcon_core.package_identification:_identify(install) by extension 'ignore'
[0.192s] Level 1:colcon.colcon_core.package_identification:_identify(install) ignored
[0.192s] Level 1:colcon.colcon_core.package_identification:_identify(log) by extensions ['ignore', 'ignore_ament_install']
[0.192s] Level 1:colcon.colcon_core.package_identification:_identify(log) by extension 'ignore'
[0.192s] Level 1:colcon.colcon_core.package_identification:_identify(log) ignored
[0.192s] Level 1:colcon.colcon_core.package_identification:_identify(scripts) by extensions ['ignore', 'ignore_ament_install']
[0.192s] Level 1:colcon.colcon_core.package_identification:_identify(scripts) by extension 'ignore'
[0.192s] Level 1:colcon.colcon_core.package_identification:_identify(scripts) by extension 'ignore_ament_install'
[0.192s] Level 1:colcon.colcon_core.package_identification:_identify(scripts) by extensions ['colcon_pkg']
[0.192s] Level 1:colcon.colcon_core.package_identification:_identify(scripts) by extension 'colcon_pkg'
[0.192s] Level 1:colcon.colcon_core.package_identification:_identify(scripts) by extensions ['colcon_meta']
[0.192s] Level 1:colcon.colcon_core.package_identification:_identify(scripts) by extension 'colcon_meta'
[0.192s] Level 1:colcon.colcon_core.package_identification:_identify(scripts) by extensions ['ros']
[0.192s] Level 1:colcon.colcon_core.package_identification:_identify(scripts) by extension 'ros'
[0.192s] Level 1:colcon.colcon_core.package_identification:_identify(scripts) by extensions ['cmake', 'python']
[0.192s] Level 1:colcon.colcon_core.package_identification:_identify(scripts) by extension 'cmake'
[0.193s] Level 1:colcon.colcon_core.package_identification:_identify(scripts) by extension 'python'
[0.193s] Level 1:colcon.colcon_core.package_identification:_identify(scripts) by extensions ['python_setup_py']
[0.193s] Level 1:colcon.colcon_core.package_identification:_identify(scripts) by extension 'python_setup_py'
[0.193s] Level 1:colcon.colcon_core.package_identification:_identify(waver_description) by extensions ['ignore', 'ignore_ament_install']
[0.193s] Level 1:colcon.colcon_core.package_identification:_identify(waver_description) by extension 'ignore'
[0.193s] Level 1:colcon.colcon_core.package_identification:_identify(waver_description) by extension 'ignore_ament_install'
[0.193s] Level 1:colcon.colcon_core.package_identification:_identify(waver_description) by extensions ['colcon_pkg']
[0.193s] Level 1:colcon.colcon_core.package_identification:_identify(waver_description) by extension 'colcon_pkg'
[0.193s] Level 1:colcon.colcon_core.package_identification:_identify(waver_description) by extensions ['colcon_meta']
[0.193s] Level 1:colcon.colcon_core.package_identification:_identify(waver_description) by extension 'colcon_meta'
[0.193s] Level 1:colcon.colcon_core.package_identification:_identify(waver_description) by extensions ['ros']
[0.193s] Level 1:colcon.colcon_core.package_identification:_identify(waver_description) by extension 'ros'
[0.194s] DEBUG:colcon.colcon_core.package_identification:Package 'waver_description' with type 'ros.ament_cmake' and name 'waver_description'
[0.194s] Level 1:colcon.colcon_core.package_identification:_identify(waver_gazebo) by extensions ['ignore', 'ignore_ament_install']
[0.194s] Level 1:colcon.colcon_core.package_identification:_identify(waver_gazebo) by extension 'ignore'
[0.194s] Level 1:colcon.colcon_core.package_identification:_identify(waver_gazebo) by extension 'ignore_ament_install'
[0.194s] Level 1:colcon.colcon_core.package_identification:_identify(waver_gazebo) by extensions ['colcon_pkg']
[0.194s] Level 1:colcon.colcon_core.package_identification:_identify(waver_gazebo) by extension 'colcon_pkg'
[0.194s] Level 1:colcon.colcon_core.package_identification:_identify(waver_gazebo) by extensions ['colcon_meta']
[0.194s] Level 1:colcon.colcon_core.package_identification:_identify(waver_gazebo) by extension 'colcon_meta'
[0.194s] Level 1:colcon.colcon_core.package_identification:_identify(waver_gazebo) by extensions ['ros']
[0.194s] Level 1:colcon.colcon_core.package_identification:_identify(waver_gazebo) by extension 'ros'
[0.195s] DEBUG:colcon.colcon_core.package_identification:Package 'waver_gazebo' with type 'ros.ament_cmake' and name 'waver_gazebo'
[0.195s] Level 1:colcon.colcon_core.package_identification:_identify(waver_nav) by extensions ['ignore', 'ignore_ament_install']
[0.195s] Level 1:colcon.colcon_core.package_identification:_identify(waver_nav) by extension 'ignore'
[0.195s] Level 1:colcon.colcon_core.package_identification:_identify(waver_nav) by extension 'ignore_ament_install'
[0.195s] Level 1:colcon.colcon_core.package_identification:_identify(waver_nav) by extensions ['colcon_pkg']
[0.195s] Level 1:colcon.colcon_core.package_identification:_identify(waver_nav) by extension 'colcon_pkg'
[0.195s] Level 1:colcon.colcon_core.package_identification:_identify(waver_nav) by extensions ['colcon_meta']
[0.195s] Level 1:colcon.colcon_core.package_identification:_identify(waver_nav) by extension 'colcon_meta'
[0.195s] Level 1:colcon.colcon_core.package_identification:_identify(waver_nav) by extensions ['ros']
[0.195s] Level 1:colcon.colcon_core.package_identification:_identify(waver_nav) by extension 'ros'
[0.195s] DEBUG:colcon.colcon_core.package_identification:Package 'waver_nav' with type 'ros.ament_cmake' and name 'waver_nav'
[0.195s] Level 1:colcon.colcon_core.package_identification:_identify(waver_viz) by extensions ['ignore', 'ignore_ament_install']
[0.195s] Level 1:colcon.colcon_core.package_identification:_identify(waver_viz) by extension 'ignore'
[0.195s] Level 1:colcon.colcon_core.package_identification:_identify(waver_viz) by extension 'ignore_ament_install'
[0.195s] Level 1:colcon.colcon_core.package_identification:_identify(waver_viz) by extensions ['colcon_pkg']
[0.195s] Level 1:colcon.colcon_core.package_identification:_identify(waver_viz) by extension 'colcon_pkg'
[0.195s] Level 1:colcon.colcon_core.package_identification:_identify(waver_viz) by extensions ['colcon_meta']
[0.195s] Level 1:colcon.colcon_core.package_identification:_identify(waver_viz) by extension 'colcon_meta'
[0.195s] Level 1:colcon.colcon_core.package_identification:_identify(waver_viz) by extensions ['ros']
[0.195s] Level 1:colcon.colcon_core.package_identification:_identify(waver_viz) by extension 'ros'
[0.196s] DEBUG:colcon.colcon_core.package_identification:Package 'waver_viz' with type 'ros.ament_cmake' and name 'waver_viz'
[0.196s] Level 1:colcon.colcon_core.package_discovery:discover_packages(recursive) using defaults
[0.196s] Level 1:colcon.colcon_core.package_discovery:discover_packages(ignore) discover
[0.196s] Level 1:colcon.colcon_core.package_discovery:discover_packages(ignore) using defaults
[0.196s] Level 1:colcon.colcon_core.package_discovery:discover_packages(path) discover
[0.196s] Level 1:colcon.colcon_core.package_discovery:discover_packages(path) using defaults
[0.207s] Level 1:colcon.colcon_core.package_discovery:discover_packages(prefix_path) check parameters
[0.207s] Level 1:colcon.colcon_core.package_discovery:discover_packages(prefix_path) discover
[0.208s] DEBUG:colcon.colcon_installed_package_information.package_discovery:Found 22 installed packages in /home/seyeongw/ros2_ws/install
[0.209s] DEBUG:colcon.colcon_installed_package_information.package_discovery:Found 423 installed packages in /opt/ros/humble
[0.210s] Level 1:colcon.colcon_core.package_discovery:discover_packages(prefix_path) using defaults
[0.237s] Level 5:colcon.colcon_core.verb:set package 'waver_description' build argument 'cmake_args' from command line to 'None'
[0.237s] Level 5:colcon.colcon_core.verb:set package 'waver_description' build argument 'cmake_target' from command line to 'None'
[0.237s] Level 5:colcon.colcon_core.verb:set package 'waver_description' build argument 'cmake_target_skip_unavailable' from command line to 'False'
[0.237s] Level 5:colcon.colcon_core.verb:set package 'waver_description' build argument 'cmake_clean_cache' from command line to 'False'
[0.237s] Level 5:colcon.colcon_core.verb:set package 'waver_description' build argument 'cmake_clean_first' from command line to 'False'
[0.237s] Level 5:colcon.colcon_core.verb:set package 'waver_description' build argument 'cmake_force_configure' from command line to 'False'
[0.237s] Level 5:colcon.colcon_core.verb:set package 'waver_description' build argument 'ament_cmake_args' from command line to 'None'
[0.237s] Level 5:colcon.colcon_core.verb:set package 'waver_description' build argument 'catkin_cmake_args' from command line to 'None'
[0.237s] Level 5:colcon.colcon_core.verb:set package 'waver_description' build argument 'catkin_skip_building_tests' from command line to 'False'
[0.237s] DEBUG:colcon.colcon_core.verb:Building package 'waver_description' with the following arguments: {'ament_cmake_args': None, 'build_base': '/home/seyeongw/ros2_ws/src/ROS2-Mobile-Manipulator/wave_rover/build/waver_description', 'catkin_cmake_args': None, 'catkin_skip_building_tests': False, 'cmake_args': None, 'cmake_clean_cache': False, 'cmake_clean_first': False, 'cmake_force_configure': False, 'cmake_target': None, 'cmake_target_skip_unavailable': False, 'install_base': '/home/seyeongw/ros2_ws/src/ROS2-Mobile-Manipulator/wave_rover/install/waver_description', 'merge_install': False, 'path': '/home/seyeongw/ros2_ws/src/ROS2-Mobile-Manipulator/wave_rover/waver_description', 'symlink_install': False, 'test_result_base': None}
[0.238s] Level 5:colcon.colcon_core.verb:set package 'waver_gazebo' build argument 'cmake_args' from command line to 'None'
[0.238s] Level 5:colcon.colcon_core.verb:set package 'waver_gazebo' build argument 'cmake_target' from command line to 'None'
[0.238s] Level 5:colcon.colcon_core.verb:set package 'waver_gazebo' build argument 'cmake_target_skip_unavailable' from command line to 'False'
[0.238s] Level 5:colcon.colcon_core.verb:set package 'waver_gazebo' build argument 'cmake_clean_cache' from command line to 'False'
[0.238s] Level 5:colcon.colcon_core.verb:set package 'waver_gazebo' build argument 'cmake_clean_first' from command line to 'False'
[0.238s] Level 5:colcon.colcon_core.verb:set package 'waver_gazebo' build argument 'cmake_force_configure' from command line to 'False'
[0.238s] Level 5:colcon.colcon_core.verb:set package 'waver_gazebo' build argument 'ament_cmake_args' from command line to 'None'
[0.238s] Level 5:colcon.colcon_core.verb:set package 'waver_gazebo' build argument 'catkin_cmake_args' from command line to 'None'
[0.238s] Level 5:colcon.colcon_core.verb:set package 'waver_gazebo' build argument 'catkin_skip_building_tests' from command line to 'False'
[0.238s] DEBUG:colcon.colcon_core.verb:Building package 'waver_gazebo' with the following arguments: {'ament_cmake_args': None, 'build_base': '/home/seyeongw/ros2_ws/src/ROS2-Mobile-Manipulator/wave_rover/build/waver_gazebo', 'catkin_cmake_args': None, 'catkin_skip_building_tests': False, 'cmake_args': None, 'cmake_clean_cache': False, 'cmake_clean_first': False, 'cmake_force_configure': False, 'cmake_target': None, 'cmake_target_skip_unavailable': False, 'install_base': '/home/seyeongw/ros2_ws/src/ROS2-Mobile-Manipulator/wave_rover/install/waver_gazebo', 'merge_install': False, 'path': '/home/seyeongw/ros2_ws/src/ROS2-Mobile-Manipulator/wave_rover/waver_gazebo', 'symlink_install': False, 'test_result_base': None}
[0.238s] Level 5:colcon.colcon_core.verb:set package 'waver_viz' build argument 'cmake_args' from command line to 'None'
[0.238s] Level 5:colcon.colcon_core.verb:set package 'waver_viz' build argument 'cmake_target' from command line to 'None'
[0.238s] Level 5:colcon.colcon_core.verb:set package 'waver_viz' build argument 'cmake_target_skip_unavailable' from command line to 'False'
[0.238s] Level 5:colcon.colcon_core.verb:set package 'waver_viz' build argument 'cmake_clean_cache' from command line to 'False'
[0.238s] Level 5:colcon.colcon_core.verb:set package 'waver_viz' build argument 'cmake_clean_first' from command line to 'False'
[0.238s] Level 5:colcon.colcon_core.verb:set package 'waver_viz' build argument 'cmake_force_configure' from command line to 'False'
[0.238s] Level 5:colcon.colcon_core.verb:set package 'waver_viz' build argument 'ament_cmake_args' from command line to 'None'
[0.238s] Level 5:colcon.colcon_core.verb:set package 'waver_viz' build argument 'catkin_cmake_args' from command line to 'None'
[0.238s] Level 5:colcon.colcon_core.verb:set package 'waver_viz' build argument 'catkin_skip_building_tests' from command line to 'False'
[0.238s] DEBUG:colcon.colcon_core.verb:Building package 'waver_viz' with the following arguments: {'ament_cmake_args': None, 'build_base': '/home/seyeongw/ros2_ws/src/ROS2-Mobile-Manipulator/wave_rover/build/waver_viz', 'catkin_cmake_args': None, 'catkin_skip_building_tests': False, 'cmake_args': None, 'cmake_clean_cache': False, 'cmake_clean_first': False, 'cmake_force_configure': False, 'cmake_target': None, 'cmake_target_skip_unavailable': False, 'install_base': '/home/seyeongw/ros2_ws/src/ROS2-Mobile-Manipulator/wave_rover/install/waver_viz', 'merge_install': False, 'path': '/home/seyeongw/ros2_ws/src/ROS2-Mobile-Manipulator/wave_rover/waver_viz', 'symlink_install': False, 'test_result_base': None}
[0.238s] Level 5:colcon.colcon_core.verb:set package 'waver_nav' build argument 'cmake_args' from command line to 'None'
[0.238s] Level 5:colcon.colcon_core.verb:set package 'waver_nav' build argument 'cmake_target' from command line to 'None'
[0.238s] Level 5:colcon.colcon_core.verb:set package 'waver_nav' build argument 'cmake_target_skip_unavailable' from command line to 'False'
[0.238s] Level 5:colcon.colcon_core.verb:set package 'waver_nav' build argument 'cmake_clean_cache' from command line to 'False'
[0.238s] Level 5:colcon.colcon_core.verb:set package 'waver_nav' build argument 'cmake_clean_first' from command line to 'False'
[0.238s] Level 5:colcon.colcon_core.verb:set package 'waver_nav' build argument 'cmake_force_configure' from command line to 'False'
[0.238s] Level 5:colcon.colcon_core.verb:set package 'waver_nav' build argument 'ament_cmake_args' from command line to 'None'
[0.238s] Level 5:colcon.colcon_core.verb:set package 'waver_nav' build argument 'catkin_cmake_args' from command line to 'None'
[0.238s] Level 5:colcon.colcon_core.verb:set package 'waver_nav' build argument 'catkin_skip_building_tests' from command line to 'False'
[0.238s] DEBUG:colcon.colcon_core.verb:Building package 'waver_nav' with the following arguments: {'ament_cmake_args': None, 'build_base': '/home/seyeongw/ros2_ws/src/ROS2-Mobile-Manipulator/wave_rover/build/waver_nav', 'catkin_cmake_args': None, 'catkin_skip_building_tests': False, 'cmake_args': None, 'cmake_clean_cache': False, 'cmake_clean_first': False, 'cmake_force_configure': False, 'cmake_target': None, 'cmake_target_skip_unavailable': False, 'install_base': '/home/seyeongw/ros2_ws/src/ROS2-Mobile-Manipulator/wave_rover/install/waver_nav', 'merge_install': False, 'path': '/home/seyeongw/ros2_ws/src/ROS2-Mobile-Manipulator/wave_rover/waver_nav', 'symlink_install': False, 'test_result_base': None}
[0.238s] INFO:colcon.colcon_core.executor:Executing jobs using 'parallel' executor
[0.239s] DEBUG:colcon.colcon_parallel_executor.executor.parallel:run_until_complete
[0.239s] INFO:colcon.colcon_ros.task.ament_cmake.build:Building ROS package in '/home/seyeongw/ros2_ws/src/ROS2-Mobile-Manipulator/wave_rover/waver_description' with build type 'ament_cmake'
[0.240s] INFO:colcon.colcon_cmake.task.cmake.build:Building CMake package in '/home/seyeongw/ros2_ws/src/ROS2-Mobile-Manipulator/wave_rover/waver_description'
[0.241s] INFO:colcon.colcon_core.plugin_system:Skipping extension 'colcon_core.shell.bat': Not used on non-Windows systems
[0.241s] INFO:colcon.colcon_core.shell:Skip shell extension 'powershell' for command environment: Not usable outside of PowerShell
[0.241s] DEBUG:colcon.colcon_core.shell:Skip shell extension 'dsv' for command environment
[0.244s] INFO:colcon.colcon_ros.task.ament_cmake.build:Building ROS package in '/home/seyeongw/ros2_ws/src/ROS2-Mobile-Manipulator/wave_rover/waver_gazebo' with build type 'ament_cmake'
[0.244s] INFO:colcon.colcon_cmake.task.cmake.build:Building CMake package in '/home/seyeongw/ros2_ws/src/ROS2-Mobile-Manipulator/wave_rover/waver_gazebo'
[0.244s] INFO:colcon.colcon_core.shell:Skip shell extension 'powershell' for command environment: Not usable outside of PowerShell
[0.244s] DEBUG:colcon.colcon_core.shell:Skip shell extension 'dsv' for command environment
[0.246s] INFO:colcon.colcon_ros.task.ament_cmake.build:Building ROS package in '/home/seyeongw/ros2_ws/src/ROS2-Mobile-Manipulator/wave_rover/waver_viz' with build type 'ament_cmake'
[0.246s] INFO:colcon.colcon_cmake.task.cmake.build:Building CMake package in '/home/seyeongw/ros2_ws/src/ROS2-Mobile-Manipulator/wave_rover/waver_viz'
[0.246s] INFO:colcon.colcon_core.shell:Skip shell extension 'powershell' for command environment: Not usable outside of PowerShell
[0.246s] DEBUG:colcon.colcon_core.shell:Skip shell extension 'dsv' for command environment
[0.252s] DEBUG:colcon.colcon_core.event_handler.log_command:Invoking command in '/home/seyeongw/ros2_ws/src/ROS2-Mobile-Manipulator/wave_rover/build/waver_description': CMAKE_PREFIX_PATH=${CMAKE_PREFIX_PATH}:/home/seyeongw/ros2_ws/install/ros2_aruco:/home/seyeongw/ros2_ws/install/camera_detection:/opt/ros/humble /usr/bin/cmake /home/seyeongw/ros2_ws/src/ROS2-Mobile-Manipulator/wave_rover/waver_description -DCMAKE_INSTALL_PREFIX=/home/seyeongw/ros2_ws/src/ROS2-Mobile-Manipulator/wave_rover/install/waver_description
[0.254s] DEBUG:colcon.colcon_core.event_handler.log_command:Invoking command in '/home/seyeongw/ros2_ws/src/ROS2-Mobile-Manipulator/wave_rover/build/waver_gazebo': CMAKE_PREFIX_PATH=${CMAKE_PREFIX_PATH}:/home/seyeongw/ros2_ws/install/ros2_aruco:/home/seyeongw/ros2_ws/install/camera_detection:/opt/ros/humble /usr/bin/cmake /home/seyeongw/ros2_ws/src/ROS2-Mobile-Manipulator/wave_rover/waver_gazebo -DCMAKE_INSTALL_PREFIX=/home/seyeongw/ros2_ws/src/ROS2-Mobile-Manipulator/wave_rover/install/waver_gazebo
[0.257s] DEBUG:colcon.colcon_core.event_handler.log_command:Invoking command in '/home/seyeongw/ros2_ws/src/ROS2-Mobile-Manipulator/wave_rover/build/waver_viz': CMAKE_PREFIX_PATH=${CMAKE_PREFIX_PATH}:/home/seyeongw/ros2_ws/install/ros2_aruco:/home/seyeongw/ros2_ws/install/camera_detection:/opt/ros/humble /usr/bin/cmake /home/seyeongw/ros2_ws/src/ROS2-Mobile-Manipulator/wave_rover/waver_viz -DCMAKE_INSTALL_PREFIX=/home/seyeongw/ros2_ws/src/ROS2-Mobile-Manipulator/wave_rover/install/waver_viz
[0.755s] DEBUG:colcon.colcon_core.event_handler.log_command:Invoked command in '/home/seyeongw/ros2_ws/src/ROS2-Mobile-Manipulator/wave_rover/build/waver_viz' returned '0': CMAKE_PREFIX_PATH=${CMAKE_PREFIX_PATH}:/home/seyeongw/ros2_ws/install/ros2_aruco:/home/seyeongw/ros2_ws/install/camera_detection:/opt/ros/humble /usr/bin/cmake /home/seyeongw/ros2_ws/src/ROS2-Mobile-Manipulator/wave_rover/waver_viz -DCMAKE_INSTALL_PREFIX=/home/seyeongw/ros2_ws/src/ROS2-Mobile-Manipulator/wave_rover/install/waver_viz
[0.758s] DEBUG:colcon.colcon_core.event_handler.log_command:Invoking command in '/home/seyeongw/ros2_ws/src/ROS2-Mobile-Manipulator/wave_rover/build/waver_viz': CMAKE_PREFIX_PATH=${CMAKE_PREFIX_PATH}:/home/seyeongw/ros2_ws/install/ros2_aruco:/home/seyeongw/ros2_ws/install/camera_detection:/opt/ros/humble /usr/bin/cmake --build /home/seyeongw/ros2_ws/src/ROS2-Mobile-Manipulator/wave_rover/build/waver_viz -- -j18 -l18
[0.760s] DEBUG:colcon.colcon_core.event_handler.log_command:Invoked command in '/home/seyeongw/ros2_ws/src/ROS2-Mobile-Manipulator/wave_rover/build/waver_gazebo' returned '0': CMAKE_PREFIX_PATH=${CMAKE_PREFIX_PATH}:/home/seyeongw/ros2_ws/install/ros2_aruco:/home/seyeongw/ros2_ws/install/camera_detection:/opt/ros/humble /usr/bin/cmake /home/seyeongw/ros2_ws/src/ROS2-Mobile-Manipulator/wave_rover/waver_gazebo -DCMAKE_INSTALL_PREFIX=/home/seyeongw/ros2_ws/src/ROS2-Mobile-Manipulator/wave_rover/install/waver_gazebo
[0.761s] DEBUG:colcon.colcon_core.event_handler.log_command:Invoking command in '/home/seyeongw/ros2_ws/src/ROS2-Mobile-Manipulator/wave_rover/build/waver_gazebo': CMAKE_PREFIX_PATH=${CMAKE_PREFIX_PATH}:/home/seyeongw/ros2_ws/install/ros2_aruco:/home/seyeongw/ros2_ws/install/camera_detection:/opt/ros/humble /usr/bin/cmake --build /home/seyeongw/ros2_ws/src/ROS2-Mobile-Manipulator/wave_rover/build/waver_gazebo -- -j18 -l18
[0.790s] DEBUG:colcon.colcon_core.event_handler.log_command:Invoked command in '/home/seyeongw/ros2_ws/src/ROS2-Mobile-Manipulator/wave_rover/build/waver_viz' returned '0': CMAKE_PREFIX_PATH=${CMAKE_PREFIX_PATH}:/home/seyeongw/ros2_ws/install/ros2_aruco:/home/seyeongw/ros2_ws/install/camera_detection:/opt/ros/humble /usr/bin/cmake --build /home/seyeongw/ros2_ws/src/ROS2-Mobile-Manipulator/wave_rover/build/waver_viz -- -j18 -l18
[0.798s] DEBUG:colcon.colcon_core.event_handler.log_command:Invoking command in '/home/seyeongw/ros2_ws/src/ROS2-Mobile-Manipulator/wave_rover/build/waver_viz': CMAKE_PREFIX_PATH=${CMAKE_PREFIX_PATH}:/home/seyeongw/ros2_ws/install/ros2_aruco:/home/seyeongw/ros2_ws/install/camera_detection:/opt/ros/humble /usr/bin/cmake --install /home/seyeongw/ros2_ws/src/ROS2-Mobile-Manipulator/wave_rover/build/waver_viz
[0.798s] DEBUG:colcon.colcon_core.event_handler.log_command:Invoked command in '/home/seyeongw/ros2_ws/src/ROS2-Mobile-Manipulator/wave_rover/build/waver_description' returned '0': CMAKE_PREFIX_PATH=${CMAKE_PREFIX_PATH}:/home/seyeongw/ros2_ws/install/ros2_aruco:/home/seyeongw/ros2_ws/install/camera_detection:/opt/ros/humble /usr/bin/cmake /home/seyeongw/ros2_ws/src/ROS2-Mobile-Manipulator/wave_rover/waver_description -DCMAKE_INSTALL_PREFIX=/home/seyeongw/ros2_ws/src/ROS2-Mobile-Manipulator/wave_rover/install/waver_description
[0.799s] DEBUG:colcon.colcon_core.event_handler.log_command:Invoking command in '/home/seyeongw/ros2_ws/src/ROS2-Mobile-Manipulator/wave_rover/build/waver_description': CMAKE_PREFIX_PATH=${CMAKE_PREFIX_PATH}:/home/seyeongw/ros2_ws/install/ros2_aruco:/home/seyeongw/ros2_ws/install/camera_detection:/opt/ros/humble /usr/bin/cmake --build /home/seyeongw/ros2_ws/src/ROS2-Mobile-Manipulator/wave_rover/build/waver_description -- -j18 -l18
[0.800s] DEBUG:colcon.colcon_core.event_handler.log_command:Invoked command in '/home/seyeongw/ros2_ws/src/ROS2-Mobile-Manipulator/wave_rover/build/waver_gazebo' returned '0': CMAKE_PREFIX_PATH=${CMAKE_PREFIX_PATH}:/home/seyeongw/ros2_ws/install/ros2_aruco:/home/seyeongw/ros2_ws/install/camera_detection:/opt/ros/humble /usr/bin/cmake --build /home/seyeongw/ros2_ws/src/ROS2-Mobile-Manipulator/wave_rover/build/waver_gazebo -- -j18 -l18
[0.800s] DEBUG:colcon.colcon_core.event_handler.log_command:Invoking command in '/home/seyeongw/ros2_ws/src/ROS2-Mobile-Manipulator/wave_rover/build/waver_gazebo': CMAKE_PREFIX_PATH=${CMAKE_PREFIX_PATH}:/home/seyeongw/ros2_ws/install/ros2_aruco:/home/seyeongw/ros2_ws/install/camera_detection:/opt/ros/humble /usr/bin/cmake --install /home/seyeongw/ros2_ws/src/ROS2-Mobile-Manipulator/wave_rover/build/waver_gazebo
[0.803s] Level 1:colcon.colcon_core.environment:create_environment_scripts_only(waver_viz)
[0.804s] DEBUG:colcon.colcon_core.event_handler.log_command:Invoked command in '/home/seyeongw/ros2_ws/src/ROS2-Mobile-Manipulator/wave_rover/build/waver_viz' returned '0': CMAKE_PREFIX_PATH=${CMAKE_PREFIX_PATH}:/home/seyeongw/ros2_ws/install/ros2_aruco:/home/seyeongw/ros2_ws/install/camera_detection:/opt/ros/humble /usr/bin/cmake --install /home/seyeongw/ros2_ws/src/ROS2-Mobile-Manipulator/wave_rover/build/waver_viz
[0.805s] Level 1:colcon.colcon_core.environment:checking '/home/seyeongw/ros2_ws/src/ROS2-Mobile-Manipulator/wave_rover/install/waver_viz' for CMake module files
[0.805s] Level 1:colcon.colcon_core.environment:checking '/home/seyeongw/ros2_ws/src/ROS2-Mobile-Manipulator/wave_rover/install/waver_viz' for CMake config files
[0.805s] Level 1:colcon.colcon_core.shell:create_environment_hook('waver_viz', 'cmake_prefix_path')
[0.805s] INFO:colcon.colcon_core.shell:Creating environment hook '/home/seyeongw/ros2_ws/src/ROS2-Mobile-Manipulator/wave_rover/install/waver_viz/share/waver_viz/hook/cmake_prefix_path.ps1'
[0.806s] INFO:colcon.colcon_core.shell:Creating environment descriptor '/home/seyeongw/ros2_ws/src/ROS2-Mobile-Manipulator/wave_rover/install/waver_viz/share/waver_viz/hook/cmake_prefix_path.dsv'
[0.806s] INFO:colcon.colcon_core.shell:Creating environment hook '/home/seyeongw/ros2_ws/src/ROS2-Mobile-Manipulator/wave_rover/install/waver_viz/share/waver_viz/hook/cmake_prefix_path.sh'
[0.807s] Level 1:colcon.colcon_core.environment:checking '/home/seyeongw/ros2_ws/src/ROS2-Mobile-Manipulator/wave_rover/install/waver_viz/bin'
[0.807s] Level 1:colcon.colcon_core.environment:checking '/home/seyeongw/ros2_ws/src/ROS2-Mobile-Manipulator/wave_rover/install/waver_viz/lib/pkgconfig/waver_viz.pc'
[0.807s] Level 1:colcon.colcon_core.environment:checking '/home/seyeongw/ros2_ws/src/ROS2-Mobile-Manipulator/wave_rover/install/waver_viz/lib/python3.10/site-packages'
[0.808s] Level 1:colcon.colcon_core.environment:checking '/home/seyeongw/ros2_ws/src/ROS2-Mobile-Manipulator/wave_rover/install/waver_viz/bin'
[0.808s] INFO:colcon.colcon_core.shell:Creating package script '/home/seyeongw/ros2_ws/src/ROS2-Mobile-Manipulator/wave_rover/install/waver_viz/share/waver_viz/package.ps1'
[0.808s] INFO:colcon.colcon_core.shell:Creating package descriptor '/home/seyeongw/ros2_ws/src/ROS2-Mobile-Manipulator/wave_rover/install/waver_viz/share/waver_viz/package.dsv'
[0.809s] INFO:colcon.colcon_core.shell:Creating package script '/home/seyeongw/ros2_ws/src/ROS2-Mobile-Manipulator/wave_rover/install/waver_viz/share/waver_viz/package.sh'
[0.810s] INFO:colcon.colcon_core.shell:Creating package script '/home/seyeongw/ros2_ws/src/ROS2-Mobile-Manipulator/wave_rover/install/waver_viz/share/waver_viz/package.bash'
[0.810s] INFO:colcon.colcon_core.shell:Creating package script '/home/seyeongw/ros2_ws/src/ROS2-Mobile-Manipulator/wave_rover/install/waver_viz/share/waver_viz/package.zsh'
[0.810s] Level 1:colcon.colcon_core.environment:create_file_with_runtime_dependencies(/home/seyeongw/ros2_ws/src/ROS2-Mobile-Manipulator/wave_rover/install/waver_viz/share/colcon-core/packages/waver_viz)
[0.811s] Level 1:colcon.colcon_core.environment:create_environment_scripts_only(waver_viz)
[0.811s] Level 1:colcon.colcon_core.environment:checking '/home/seyeongw/ros2_ws/src/ROS2-Mobile-Manipulator/wave_rover/install/waver_viz' for CMake module files
[0.811s] Level 1:colcon.colcon_core.environment:checking '/home/seyeongw/ros2_ws/src/ROS2-Mobile-Manipulator/wave_rover/install/waver_viz' for CMake config files
[0.811s] Level 1:colcon.colcon_core.shell:create_environment_hook('waver_viz', 'cmake_prefix_path')
[0.811s] INFO:colcon.colcon_core.shell:Creating environment hook '/home/seyeongw/ros2_ws/src/ROS2-Mobile-Manipulator/wave_rover/install/waver_viz/share/waver_viz/hook/cmake_prefix_path.ps1'
[0.812s] INFO:colcon.colcon_core.shell:Creating environment descriptor '/home/seyeongw/ros2_ws/src/ROS2-Mobile-Manipulator/wave_rover/install/waver_viz/share/waver_viz/hook/cmake_prefix_path.dsv'
[0.812s] INFO:colcon.colcon_core.shell:Creating environment hook '/home/seyeongw/ros2_ws/src/ROS2-Mobile-Manipulator/wave_rover/install/waver_viz/share/waver_viz/hook/cmake_prefix_path.sh'
[0.812s] Level 1:colcon.colcon_core.environment:checking '/home/seyeongw/ros2_ws/src/ROS2-Mobile-Manipulator/wave_rover/install/waver_viz/bin'
[0.812s] Level 1:colcon.colcon_core.environment:checking '/home/seyeongw/ros2_ws/src/ROS2-Mobile-Manipulator/wave_rover/install/waver_viz/lib/pkgconfig/waver_viz.pc'
[0.812s] Level 1:colcon.colcon_core.environment:checking '/home/seyeongw/ros2_ws/src/ROS2-Mobile-Manipulator/wave_rover/install/waver_viz/lib/python3.10/site-packages'
[0.812s] Level 1:colcon.colcon_core.environment:checking '/home/seyeongw/ros2_ws/src/ROS2-Mobile-Manipulator/wave_rover/install/waver_viz/bin'
[0.813s] INFO:colcon.colcon_core.shell:Creating package script '/home/seyeongw/ros2_ws/src/ROS2-Mobile-Manipulator/wave_rover/install/waver_viz/share/waver_viz/package.ps1'
[0.813s] INFO:colcon.colcon_core.shell:Creating package descriptor '/home/seyeongw/ros2_ws/src/ROS2-Mobile-Manipulator/wave_rover/install/waver_viz/share/waver_viz/package.dsv'
[0.813s] INFO:colcon.colcon_core.shell:Creating package script '/home/seyeongw/ros2_ws/src/ROS2-Mobile-Manipulator/wave_rover/install/waver_viz/share/waver_viz/package.sh'
[0.813s] INFO:colcon.colcon_core.shell:Creating package script '/home/seyeongw/ros2_ws/src/ROS2-Mobile-Manipulator/wave_rover/install/waver_viz/share/waver_viz/package.bash'
[0.813s] INFO:colcon.colcon_core.shell:Creating package script '/home/seyeongw/ros2_ws/src/ROS2-Mobile-Manipulator/wave_rover/install/waver_viz/share/waver_viz/package.zsh'
[0.814s] Level 1:colcon.colcon_core.environment:create_file_with_runtime_dependencies(/home/seyeongw/ros2_ws/src/ROS2-Mobile-Manipulator/wave_rover/install/waver_viz/share/colcon-core/packages/waver_viz)
[0.814s] Level 1:colcon.colcon_core.environment:create_environment_scripts_only(waver_gazebo)
[0.815s] DEBUG:colcon.colcon_core.event_handler.log_command:Invoked command in '/home/seyeongw/ros2_ws/src/ROS2-Mobile-Manipulator/wave_rover/build/waver_gazebo' returned '0': CMAKE_PREFIX_PATH=${CMAKE_PREFIX_PATH}:/home/seyeongw/ros2_ws/install/ros2_aruco:/home/seyeongw/ros2_ws/install/camera_detection:/opt/ros/humble /usr/bin/cmake --install /home/seyeongw/ros2_ws/src/ROS2-Mobile-Manipulator/wave_rover/build/waver_gazebo
[0.815s] Level 1:colcon.colcon_core.environment:checking '/home/seyeongw/ros2_ws/src/ROS2-Mobile-Manipulator/wave_rover/install/waver_gazebo' for CMake module files
[0.815s] Level 1:colcon.colcon_core.environment:checking '/home/seyeongw/ros2_ws/src/ROS2-Mobile-Manipulator/wave_rover/install/waver_gazebo' for CMake config files
[0.815s] Level 1:colcon.colcon_core.shell:create_environment_hook('waver_gazebo', 'cmake_prefix_path')
[0.816s] INFO:colcon.colcon_core.shell:Creating environment hook '/home/seyeongw/ros2_ws/src/ROS2-Mobile-Manipulator/wave_rover/install/waver_gazebo/share/waver_gazebo/hook/cmake_prefix_path.ps1'
[0.816s] INFO:colcon.colcon_core.shell:Creating environment descriptor '/home/seyeongw/ros2_ws/src/ROS2-Mobile-Manipulator/wave_rover/install/waver_gazebo/share/waver_gazebo/hook/cmake_prefix_path.dsv'
[0.816s] INFO:colcon.colcon_core.shell:Creating environment hook '/home/seyeongw/ros2_ws/src/ROS2-Mobile-Manipulator/wave_rover/install/waver_gazebo/share/waver_gazebo/hook/cmake_prefix_path.sh'
[0.816s] Level 1:colcon.colcon_core.environment:checking '/home/seyeongw/ros2_ws/src/ROS2-Mobile-Manipulator/wave_rover/install/waver_gazebo/bin'
[0.816s] Level 1:colcon.colcon_core.environment:checking '/home/seyeongw/ros2_ws/src/ROS2-Mobile-Manipulator/wave_rover/install/waver_gazebo/lib/pkgconfig/waver_gazebo.pc'
[0.816s] Level 1:colcon.colcon_core.environment:checking '/home/seyeongw/ros2_ws/src/ROS2-Mobile-Manipulator/wave_rover/install/waver_gazebo/lib/python3.10/site-packages'
[0.817s] Level 1:colcon.colcon_core.environment:checking '/home/seyeongw/ros2_ws/src/ROS2-Mobile-Manipulator/wave_rover/install/waver_gazebo/bin'
[0.817s] INFO:colcon.colcon_core.shell:Creating package script '/home/seyeongw/ros2_ws/src/ROS2-Mobile-Manipulator/wave_rover/install/waver_gazebo/share/waver_gazebo/package.ps1'
[0.817s] INFO:colcon.colcon_core.shell:Creating package descriptor '/home/seyeongw/ros2_ws/src/ROS2-Mobile-Manipulator/wave_rover/install/waver_gazebo/share/waver_gazebo/package.dsv'
[0.817s] INFO:colcon.colcon_core.shell:Creating package script '/home/seyeongw/ros2_ws/src/ROS2-Mobile-Manipulator/wave_rover/install/waver_gazebo/share/waver_gazebo/package.sh'
[0.817s] INFO:colcon.colcon_core.shell:Creating package script '/home/seyeongw/ros2_ws/src/ROS2-Mobile-Manipulator/wave_rover/install/waver_gazebo/share/waver_gazebo/package.bash'
[0.817s] INFO:colcon.colcon_core.shell:Creating package script '/home/seyeongw/ros2_ws/src/ROS2-Mobile-Manipulator/wave_rover/install/waver_gazebo/share/waver_gazebo/package.zsh'
[0.818s] Level 1:colcon.colcon_core.environment:create_file_with_runtime_dependencies(/home/seyeongw/ros2_ws/src/ROS2-Mobile-Manipulator/wave_rover/install/waver_gazebo/share/colcon-core/packages/waver_gazebo)
[0.818s] Level 1:colcon.colcon_core.environment:create_environment_scripts_only(waver_gazebo)
[0.818s] Level 1:colcon.colcon_core.environment:checking '/home/seyeongw/ros2_ws/src/ROS2-Mobile-Manipulator/wave_rover/install/waver_gazebo' for CMake module files
[0.818s] Level 1:colcon.colcon_core.environment:checking '/home/seyeongw/ros2_ws/src/ROS2-Mobile-Manipulator/wave_rover/install/waver_gazebo' for CMake config files
[0.818s] Level 1:colcon.colcon_core.shell:create_environment_hook('waver_gazebo', 'cmake_prefix_path')
[0.819s] INFO:colcon.colcon_core.shell:Creating environment hook '/home/seyeongw/ros2_ws/src/ROS2-Mobile-Manipulator/wave_rover/install/waver_gazebo/share/waver_gazebo/hook/cmake_prefix_path.ps1'
[0.819s] INFO:colcon.colcon_core.shell:Creating environment descriptor '/home/seyeongw/ros2_ws/src/ROS2-Mobile-Manipulator/wave_rover/install/waver_gazebo/share/waver_gazebo/hook/cmake_prefix_path.dsv'
[0.819s] INFO:colcon.colcon_core.shell:Creating environment hook '/home/seyeongw/ros2_ws/src/ROS2-Mobile-Manipulator/wave_rover/install/waver_gazebo/share/waver_gazebo/hook/cmake_prefix_path.sh'
[0.819s] Level 1:colcon.colcon_core.environment:checking '/home/seyeongw/ros2_ws/src/ROS2-Mobile-Manipulator/wave_rover/install/waver_gazebo/bin'
[0.819s] Level 1:colcon.colcon_core.environment:checking '/home/seyeongw/ros2_ws/src/ROS2-Mobile-Manipulator/wave_rover/install/waver_gazebo/lib/pkgconfig/waver_gazebo.pc'
[0.819s] Level 1:colcon.colcon_core.environment:checking '/home/seyeongw/ros2_ws/src/ROS2-Mobile-Manipulator/wave_rover/install/waver_gazebo/lib/python3.10/site-packages'
[0.820s] Level 1:colcon.colcon_core.environment:checking '/home/seyeongw/ros2_ws/src/ROS2-Mobile-Manipulator/wave_rover/install/waver_gazebo/bin'
[0.820s] INFO:colcon.colcon_core.shell:Creating package script '/home/seyeongw/ros2_ws/src/ROS2-Mobile-Manipulator/wave_rover/install/waver_gazebo/share/waver_gazebo/package.ps1'
[0.820s] INFO:colcon.colcon_core.shell:Creating package descriptor '/home/seyeongw/ros2_ws/src/ROS2-Mobile-Manipulator/wave_rover/install/waver_gazebo/share/waver_gazebo/package.dsv'
[0.820s] INFO:colcon.colcon_core.shell:Creating package script '/home/seyeongw/ros2_ws/src/ROS2-Mobile-Manipulator/wave_rover/install/waver_gazebo/share/waver_gazebo/package.sh'
[0.821s] INFO:colcon.colcon_core.shell:Creating package script '/home/seyeongw/ros2_ws/src/ROS2-Mobile-Manipulator/wave_rover/install/waver_gazebo/share/waver_gazebo/package.bash'
[0.821s] INFO:colcon.colcon_core.shell:Creating package script '/home/seyeongw/ros2_ws/src/ROS2-Mobile-Manipulator/wave_rover/install/waver_gazebo/share/waver_gazebo/package.zsh'
[0.821s] Level 1:colcon.colcon_core.environment:create_file_with_runtime_dependencies(/home/seyeongw/ros2_ws/src/ROS2-Mobile-Manipulator/wave_rover/install/waver_gazebo/share/colcon-core/packages/waver_gazebo)
[0.830s] DEBUG:colcon.colcon_core.event_handler.log_command:Invoked command in '/home/seyeongw/ros2_ws/src/ROS2-Mobile-Manipulator/wave_rover/build/waver_description' returned '0': CMAKE_PREFIX_PATH=${CMAKE_PREFIX_PATH}:/home/seyeongw/ros2_ws/install/ros2_aruco:/home/seyeongw/ros2_ws/install/camera_detection:/opt/ros/humble /usr/bin/cmake --build /home/seyeongw/ros2_ws/src/ROS2-Mobile-Manipulator/wave_rover/build/waver_description -- -j18 -l18
[0.832s] DEBUG:colcon.colcon_core.event_handler.log_command:Invoking command in '/home/seyeongw/ros2_ws/src/ROS2-Mobile-Manipulator/wave_rover/build/waver_description': CMAKE_PREFIX_PATH=${CMAKE_PREFIX_PATH}:/home/seyeongw/ros2_ws/install/ros2_aruco:/home/seyeongw/ros2_ws/install/camera_detection:/opt/ros/humble /usr/bin/cmake --install /home/seyeongw/ros2_ws/src/ROS2-Mobile-Manipulator/wave_rover/build/waver_description
[0.854s] Level 1:colcon.colcon_core.environment:create_environment_scripts_only(waver_description)
[0.854s] Level 1:colcon.colcon_core.environment:checking '/home/seyeongw/ros2_ws/src/ROS2-Mobile-Manipulator/wave_rover/install/waver_description' for CMake module files
[0.855s] DEBUG:colcon.colcon_core.event_handler.log_command:Invoked command in '/home/seyeongw/ros2_ws/src/ROS2-Mobile-Manipulator/wave_rover/build/waver_description' returned '0': CMAKE_PREFIX_PATH=${CMAKE_PREFIX_PATH}:/home/seyeongw/ros2_ws/install/ros2_aruco:/home/seyeongw/ros2_ws/install/camera_detection:/opt/ros/humble /usr/bin/cmake --install /home/seyeongw/ros2_ws/src/ROS2-Mobile-Manipulator/wave_rover/build/waver_description
[0.855s] Level 1:colcon.colcon_core.environment:checking '/home/seyeongw/ros2_ws/src/ROS2-Mobile-Manipulator/wave_rover/install/waver_description' for CMake config files
[0.855s] Level 1:colcon.colcon_core.shell:create_environment_hook('waver_description', 'cmake_prefix_path')
[0.855s] INFO:colcon.colcon_core.shell:Creating environment hook '/home/seyeongw/ros2_ws/src/ROS2-Mobile-Manipulator/wave_rover/install/waver_description/share/waver_description/hook/cmake_prefix_path.ps1'
[0.856s] INFO:colcon.colcon_core.shell:Creating environment descriptor '/home/seyeongw/ros2_ws/src/ROS2-Mobile-Manipulator/wave_rover/install/waver_description/share/waver_description/hook/cmake_prefix_path.dsv'
[0.856s] INFO:colcon.colcon_core.shell:Creating environment hook '/home/seyeongw/ros2_ws/src/ROS2-Mobile-Manipulator/wave_rover/install/waver_description/share/waver_description/hook/cmake_prefix_path.sh'
[0.856s] Level 1:colcon.colcon_core.environment:checking '/home/seyeongw/ros2_ws/src/ROS2-Mobile-Manipulator/wave_rover/install/waver_description/bin'
[0.856s] Level 1:colcon.colcon_core.environment:checking '/home/seyeongw/ros2_ws/src/ROS2-Mobile-Manipulator/wave_rover/install/waver_description/lib/pkgconfig/waver_description.pc'
[0.856s] Level 1:colcon.colcon_core.environment:checking '/home/seyeongw/ros2_ws/src/ROS2-Mobile-Manipulator/wave_rover/install/waver_description/lib/python3.10/site-packages'
[0.856s] Level 1:colcon.colcon_core.environment:checking '/home/seyeongw/ros2_ws/src/ROS2-Mobile-Manipulator/wave_rover/install/waver_description/bin'
[0.857s] INFO:colcon.colcon_core.shell:Creating package script '/home/seyeongw/ros2_ws/src/ROS2-Mobile-Manipulator/wave_rover/install/waver_description/share/waver_description/package.ps1'
[0.857s] INFO:colcon.colcon_core.shell:Creating package descriptor '/home/seyeongw/ros2_ws/src/ROS2-Mobile-Manipulator/wave_rover/install/waver_description/share/waver_description/package.dsv'
[0.857s] INFO:colcon.colcon_core.shell:Creating package script '/home/seyeongw/ros2_ws/src/ROS2-Mobile-Manipulator/wave_rover/install/waver_description/share/waver_description/package.sh'
[0.857s] INFO:colcon.colcon_core.shell:Creating package script '/home/seyeongw/ros2_ws/src/ROS2-Mobile-Manipulator/wave_rover/install/waver_description/share/waver_description/package.bash'
[0.857s] INFO:colcon.colcon_core.shell:Creating package script '/home/seyeongw/ros2_ws/src/ROS2-Mobile-Manipulator/wave_rover/install/waver_description/share/waver_description/package.zsh'
[0.858s] Level 1:colcon.colcon_core.environment:create_file_with_runtime_dependencies(/home/seyeongw/ros2_ws/src/ROS2-Mobile-Manipulator/wave_rover/install/waver_description/share/colcon-core/packages/waver_description)
[0.858s] Level 1:colcon.colcon_core.environment:create_environment_scripts_only(waver_description)
[0.858s] Level 1:colcon.colcon_core.environment:checking '/home/seyeongw/ros2_ws/src/ROS2-Mobile-Manipulator/wave_rover/install/waver_description' for CMake module files
[0.858s] Level 1:colcon.colcon_core.environment:checking '/home/seyeongw/ros2_ws/src/ROS2-Mobile-Manipulator/wave_rover/install/waver_description' for CMake config files
[0.858s] Level 1:colcon.colcon_core.shell:create_environment_hook('waver_description', 'cmake_prefix_path')
[0.858s] INFO:colcon.colcon_core.shell:Creating environment hook '/home/seyeongw/ros2_ws/src/ROS2-Mobile-Manipulator/wave_rover/install/waver_description/share/waver_description/hook/cmake_prefix_path.ps1'
[0.859s] INFO:colcon.colcon_core.shell:Creating environment descriptor '/home/seyeongw/ros2_ws/src/ROS2-Mobile-Manipulator/wave_rover/install/waver_description/share/waver_description/hook/cmake_prefix_path.dsv'
[0.859s] INFO:colcon.colcon_core.shell:Creating environment hook '/home/seyeongw/ros2_ws/src/ROS2-Mobile-Manipulator/wave_rover/install/waver_description/share/waver_description/hook/cmake_prefix_path.sh'
[0.859s] Level 1:colcon.colcon_core.environment:checking '/home/seyeongw/ros2_ws/src/ROS2-Mobile-Manipulator/wave_rover/install/waver_description/bin'
[0.859s] Level 1:colcon.colcon_core.environment:checking '/home/seyeongw/ros2_ws/src/ROS2-Mobile-Manipulator/wave_rover/install/waver_description/lib/pkgconfig/waver_description.pc'
[0.859s] Level 1:colcon.colcon_core.environment:checking '/home/seyeongw/ros2_ws/src/ROS2-Mobile-Manipulator/wave_rover/install/waver_description/lib/python3.10/site-packages'
[0.859s] Level 1:colcon.colcon_core.environment:checking '/home/seyeongw/ros2_ws/src/ROS2-Mobile-Manipulator/wave_rover/install/waver_description/bin'
[0.860s] INFO:colcon.colcon_core.shell:Creating package script '/home/seyeongw/ros2_ws/src/ROS2-Mobile-Manipulator/wave_rover/install/waver_description/share/waver_description/package.ps1'
[0.860s] INFO:colcon.colcon_core.shell:Creating package descriptor '/home/seyeongw/ros2_ws/src/ROS2-Mobile-Manipulator/wave_rover/install/waver_description/share/waver_description/package.dsv'
[0.860s] INFO:colcon.colcon_core.shell:Creating package script '/home/seyeongw/ros2_ws/src/ROS2-Mobile-Manipulator/wave_rover/install/waver_description/share/waver_description/package.sh'
[0.860s] INFO:colcon.colcon_core.shell:Creating package script '/home/seyeongw/ros2_ws/src/ROS2-Mobile-Manipulator/wave_rover/install/waver_description/share/waver_description/package.bash'
[0.861s] INFO:colcon.colcon_core.shell:Creating package script '/home/seyeongw/ros2_ws/src/ROS2-Mobile-Manipulator/wave_rover/install/waver_description/share/waver_description/package.zsh'
[0.861s] Level 1:colcon.colcon_core.environment:create_file_with_runtime_dependencies(/home/seyeongw/ros2_ws/src/ROS2-Mobile-Manipulator/wave_rover/install/waver_description/share/colcon-core/packages/waver_description)
[0.861s] INFO:colcon.colcon_ros.task.ament_cmake.build:Building ROS package in '/home/seyeongw/ros2_ws/src/ROS2-Mobile-Manipulator/wave_rover/waver_nav' with build type 'ament_cmake'
[0.861s] INFO:colcon.colcon_cmake.task.cmake.build:Building CMake package in '/home/seyeongw/ros2_ws/src/ROS2-Mobile-Manipulator/wave_rover/waver_nav'
[0.861s] INFO:colcon.colcon_core.shell:Skip shell extension 'powershell' for command environment: Not usable outside of PowerShell
[0.861s] DEBUG:colcon.colcon_core.shell:Skip shell extension 'dsv' for command environment
[0.871s] DEBUG:colcon.colcon_core.event_handler.log_command:Invoking command in '/home/seyeongw/ros2_ws/src/ROS2-Mobile-Manipulator/wave_rover/build/waver_nav': AMENT_PREFIX_PATH=/home/seyeongw/ros2_ws/src/ROS2-Mobile-Manipulator/wave_rover/install/waver_viz:/home/seyeongw/ros2_ws/src/ROS2-Mobile-Manipulator/wave_rover/install/waver_gazebo:/home/seyeongw/ros2_ws/src/ROS2-Mobile-Manipulator/wave_rover/install/waver_description:${AMENT_PREFIX_PATH} CMAKE_PREFIX_PATH=/home/seyeongw/ros2_ws/src/ROS2-Mobile-Manipulator/wave_rover/install/waver_viz:/home/seyeongw/ros2_ws/src/ROS2-Mobile-Manipulator/wave_rover/install/waver_gazebo:/home/seyeongw/ros2_ws/src/ROS2-Mobile-Manipulator/wave_rover/install/waver_description:/home/seyeongw/ros2_ws/install/omx_real_pick:/home/seyeongw/ros2_ws/install/omx_moveit_pick_cpp:/home/seyeongw/ros2_ws/install/ros2_aruco_interfaces:/home/seyeongw/ros2_ws/install/px4_ros_com:/home/seyeongw/ros2_ws/install/offboard:/home/seyeongw/ros2_ws/install/px4_msgs:/home/seyeongw/ros2_ws/install/opencv_webcam_sub:/home/seyeongw/ros2_ws/install/open_manipulator:/home/seyeongw/ros2_ws/install/open_manipulator_x_teleop:/home/seyeongw/ros2_ws/install/open_manipulator_x_playground:/home/seyeongw/ros2_ws/install/open_manipulator_x_moveit_config:/home/seyeongw/ros2_ws/install/open_manipulator_x_gui:/home/seyeongw/ros2_ws/install/open_manipulator_x_bringup:/home/seyeongw/ros2_ws/install/open_manipulator_x_description:/home/seyeongw/ros2_ws/install/open_manipulator_msgs:/home/seyeongw/ros2_ws/install/dynamixel_sdk_examples:/home/seyeongw/ros2_ws/install/dynamixel_sdk_custom_interfaces:/home/seyeongw/ros2_ws/install/dynamixel_hardware_interface:/home/seyeongw/ros2_ws/install/dynamixel_sdk:/home/seyeongw/ros2_ws/install/dynamixel_interfaces:/home/seyeongw/ros2_ws/install/ros2_aruco:/home/seyeongw/ros2_ws/install/camera_detection:/opt/ros/humble /usr/bin/cmake /home/seyeongw/ros2_ws/src/ROS2-Mobile-Manipulator/wave_rover/waver_nav -DCMAKE_INSTALL_PREFIX=/home/seyeongw/ros2_ws/src/ROS2-Mobile-Manipulator/wave_rover/install/waver_nav
[1.340s] DEBUG:colcon.colcon_core.event_handler.log_command:Invoked command in '/home/seyeongw/ros2_ws/src/ROS2-Mobile-Manipulator/wave_rover/build/waver_nav' returned '0': AMENT_PREFIX_PATH=/home/seyeongw/ros2_ws/src/ROS2-Mobile-Manipulator/wave_rover/install/waver_viz:/home/seyeongw/ros2_ws/src/ROS2-Mobile-Manipulator/wave_rover/install/waver_gazebo:/home/seyeongw/ros2_ws/src/ROS2-Mobile-Manipulator/wave_rover/install/waver_description:${AMENT_PREFIX_PATH} CMAKE_PREFIX_PATH=/home/seyeongw/ros2_ws/src/ROS2-Mobile-Manipulator/wave_rover/install/waver_viz:/home/seyeongw/ros2_ws/src/ROS2-Mobile-Manipulator/wave_rover/install/waver_gazebo:/home/seyeongw/ros2_ws/src/ROS2-Mobile-Manipulator/wave_rover/install/waver_description:/home/seyeongw/ros2_ws/install/omx_real_pick:/home/seyeongw/ros2_ws/install/omx_moveit_pick_cpp:/home/seyeongw/ros2_ws/install/ros2_aruco_interfaces:/home/seyeongw/ros2_ws/install/px4_ros_com:/home/seyeongw/ros2_ws/install/offboard:/home/seyeongw/ros2_ws/install/px4_msgs:/home/seyeongw/ros2_ws/install/opencv_webcam_sub:/home/seyeongw/ros2_ws/install/open_manipulator:/home/seyeongw/ros2_ws/install/open_manipulator_x_teleop:/home/seyeongw/ros2_ws/install/open_manipulator_x_playground:/home/seyeongw/ros2_ws/install/open_manipulator_x_moveit_config:/home/seyeongw/ros2_ws/install/open_manipulator_x_gui:/home/seyeongw/ros2_ws/install/open_manipulator_x_bringup:/home/seyeongw/ros2_ws/install/open_manipulator_x_description:/home/seyeongw/ros2_ws/install/open_manipulator_msgs:/home/seyeongw/ros2_ws/install/dynamixel_sdk_examples:/home/seyeongw/ros2_ws/install/dynamixel_sdk_custom_interfaces:/home/seyeongw/ros2_ws/install/dynamixel_hardware_interface:/home/seyeongw/ros2_ws/install/dynamixel_sdk:/home/seyeongw/ros2_ws/install/dynamixel_interfaces:/home/seyeongw/ros2_ws/install/ros2_aruco:/home/seyeongw/ros2_ws/install/camera_detection:/opt/ros/humble /usr/bin/cmake /home/seyeongw/ros2_ws/src/ROS2-Mobile-Manipulator/wave_rover/waver_nav -DCMAKE_INSTALL_PREFIX=/home/seyeongw/ros2_ws/src/ROS2-Mobile-Manipulator/wave_rover/install/waver_nav
[1.343s] DEBUG:colcon.colcon_core.event_handler.log_command:Invoking command in '/home/seyeongw/ros2_ws/src/ROS2-Mobile-Manipulator/wave_rover/build/waver_nav': AMENT_PREFIX_PATH=/home/seyeongw/ros2_ws/src/ROS2-Mobile-Manipulator/wave_rover/install/waver_viz:/home/seyeongw/ros2_ws/src/ROS2-Mobile-Manipulator/wave_rover/install/waver_gazebo:/home/seyeongw/ros2_ws/src/ROS2-Mobile-Manipulator/wave_rover/install/waver_description:${AMENT_PREFIX_PATH} CMAKE_PREFIX_PATH=/home/seyeongw/ros2_ws/src/ROS2-Mobile-Manipulator/wave_rover/install/waver_viz:/home/seyeongw/ros2_ws/src/ROS2-Mobile-Manipulator/wave_rover/install/waver_gazebo:/home/seyeongw/ros2_ws/src/ROS2-Mobile-Manipulator/wave_rover/install/waver_description:/home/seyeongw/ros2_ws/install/omx_real_pick:/home/seyeongw/ros2_ws/install/omx_moveit_pick_cpp:/home/seyeongw/ros2_ws/install/ros2_aruco_interfaces:/home/seyeongw/ros2_ws/install/px4_ros_com:/home/seyeongw/ros2_ws/install/offboard:/home/seyeongw/ros2_ws/install/px4_msgs:/home/seyeongw/ros2_ws/install/opencv_webcam_sub:/home/seyeongw/ros2_ws/install/open_manipulator:/home/seyeongw/ros2_ws/install/open_manipulator_x_teleop:/home/seyeongw/ros2_ws/install/open_manipulator_x_playground:/home/seyeongw/ros2_ws/install/open_manipulator_x_moveit_config:/home/seyeongw/ros2_ws/install/open_manipulator_x_gui:/home/seyeongw/ros2_ws/install/open_manipulator_x_bringup:/home/seyeongw/ros2_ws/install/open_manipulator_x_description:/home/seyeongw/ros2_ws/install/open_manipulator_msgs:/home/seyeongw/ros2_ws/install/dynamixel_sdk_examples:/home/seyeongw/ros2_ws/install/dynamixel_sdk_custom_interfaces:/home/seyeongw/ros2_ws/install/dynamixel_hardware_interface:/home/seyeongw/ros2_ws/install/dynamixel_sdk:/home/seyeongw/ros2_ws/install/dynamixel_interfaces:/home/seyeongw/ros2_ws/install/ros2_aruco:/home/seyeongw/ros2_ws/install/camera_detection:/opt/ros/humble /usr/bin/cmake --build /home/seyeongw/ros2_ws/src/ROS2-Mobile-Manipulator/wave_rover/build/waver_nav -- -j18 -l18
[1.378s] DEBUG:colcon.colcon_core.event_handler.log_command:Invoked command in '/home/seyeongw/ros2_ws/src/ROS2-Mobile-Manipulator/wave_rover/build/waver_nav' returned '0': AMENT_PREFIX_PATH=/home/seyeongw/ros2_ws/src/ROS2-Mobile-Manipulator/wave_rover/install/waver_viz:/home/seyeongw/ros2_ws/src/ROS2-Mobile-Manipulator/wave_rover/install/waver_gazebo:/home/seyeongw/ros2_ws/src/ROS2-Mobile-Manipulator/wave_rover/install/waver_description:${AMENT_PREFIX_PATH} CMAKE_PREFIX_PATH=/home/seyeongw/ros2_ws/src/ROS2-Mobile-Manipulator/wave_rover/install/waver_viz:/home/seyeongw/ros2_ws/src/ROS2-Mobile-Manipulator/wave_rover/install/waver_gazebo:/home/seyeongw/ros2_ws/src/ROS2-Mobile-Manipulator/wave_rover/install/waver_description:/home/seyeongw/ros2_ws/install/omx_real_pick:/home/seyeongw/ros2_ws/install/omx_moveit_pick_cpp:/home/seyeongw/ros2_ws/install/ros2_aruco_interfaces:/home/seyeongw/ros2_ws/install/px4_ros_com:/home/seyeongw/ros2_ws/install/offboard:/home/seyeongw/ros2_ws/install/px4_msgs:/home/seyeongw/ros2_ws/install/opencv_webcam_sub:/home/seyeongw/ros2_ws/install/open_manipulator:/home/seyeongw/ros2_ws/install/open_manipulator_x_teleop:/home/seyeongw/ros2_ws/install/open_manipulator_x_playground:/home/seyeongw/ros2_ws/install/open_manipulator_x_moveit_config:/home/seyeongw/ros2_ws/install/open_manipulator_x_gui:/home/seyeongw/ros2_ws/install/open_manipulator_x_bringup:/home/seyeongw/ros2_ws/install/open_manipulator_x_description:/home/seyeongw/ros2_ws/install/open_manipulator_msgs:/home/seyeongw/ros2_ws/install/dynamixel_sdk_examples:/home/seyeongw/ros2_ws/install/dynamixel_sdk_custom_interfaces:/home/seyeongw/ros2_ws/install/dynamixel_hardware_interface:/home/seyeongw/ros2_ws/install/dynamixel_sdk:/home/seyeongw/ros2_ws/install/dynamixel_interfaces:/home/seyeongw/ros2_ws/install/ros2_aruco:/home/seyeongw/ros2_ws/install/camera_detection:/opt/ros/humble /usr/bin/cmake --build /home/seyeongw/ros2_ws/src/ROS2-Mobile-Manipulator/wave_rover/build/waver_nav -- -j18 -l18
[1.380s] DEBUG:colcon.colcon_core.event_handler.log_command:Invoking command in '/home/seyeongw/ros2_ws/src/ROS2-Mobile-Manipulator/wave_rover/build/waver_nav': AMENT_PREFIX_PATH=/home/seyeongw/ros2_ws/src/ROS2-Mobile-Manipulator/wave_rover/install/waver_viz:/home/seyeongw/ros2_ws/src/ROS2-Mobile-Manipulator/wave_rover/install/waver_gazebo:/home/seyeongw/ros2_ws/src/ROS2-Mobile-Manipulator/wave_rover/install/waver_description:${AMENT_PREFIX_PATH} CMAKE_PREFIX_PATH=/home/seyeongw/ros2_ws/src/ROS2-Mobile-Manipulator/wave_rover/install/waver_viz:/home/seyeongw/ros2_ws/src/ROS2-Mobile-Manipulator/wave_rover/install/waver_gazebo:/home/seyeongw/ros2_ws/src/ROS2-Mobile-Manipulator/wave_rover/install/waver_description:/home/seyeongw/ros2_ws/install/omx_real_pick:/home/seyeongw/ros2_ws/install/omx_moveit_pick_cpp:/home/seyeongw/ros2_ws/install/ros2_aruco_interfaces:/home/seyeongw/ros2_ws/install/px4_ros_com:/home/seyeongw/ros2_ws/install/offboard:/home/seyeongw/ros2_ws/install/px4_msgs:/home/seyeongw/ros2_ws/install/opencv_webcam_sub:/home/seyeongw/ros2_ws/install/open_manipulator:/home/seyeongw/ros2_ws/install/open_manipulator_x_teleop:/home/seyeongw/ros2_ws/install/open_manipulator_x_playground:/home/seyeongw/ros2_ws/install/open_manipulator_x_moveit_config:/home/seyeongw/ros2_ws/install/open_manipulator_x_gui:/home/seyeongw/ros2_ws/install/open_manipulator_x_bringup:/home/seyeongw/ros2_ws/install/open_manipulator_x_description:/home/seyeongw/ros2_ws/install/open_manipulator_msgs:/home/seyeongw/ros2_ws/install/dynamixel_sdk_examples:/home/seyeongw/ros2_ws/install/dynamixel_sdk_custom_interfaces:/home/seyeongw/ros2_ws/install/dynamixel_hardware_interface:/home/seyeongw/ros2_ws/install/dynamixel_sdk:/home/seyeongw/ros2_ws/install/dynamixel_interfaces:/home/seyeongw/ros2_ws/install/ros2_aruco:/home/seyeongw/ros2_ws/install/camera_detection:/opt/ros/humble /usr/bin/cmake --install /home/seyeongw/ros2_ws/src/ROS2-Mobile-Manipulator/wave_rover/build/waver_nav
[1.387s] Level 1:colcon.colcon_core.environment:create_environment_scripts_only(waver_nav)
[1.387s] Level 1:colcon.colcon_core.environment:checking '/home/seyeongw/ros2_ws/src/ROS2-Mobile-Manipulator/wave_rover/install/waver_nav' for CMake module files
[1.388s] DEBUG:colcon.colcon_core.event_handler.log_command:Invoked command in '/home/seyeongw/ros2_ws/src/ROS2-Mobile-Manipulator/wave_rover/build/waver_nav' returned '0': AMENT_PREFIX_PATH=/home/seyeongw/ros2_ws/src/ROS2-Mobile-Manipulator/wave_rover/install/waver_viz:/home/seyeongw/ros2_ws/src/ROS2-Mobile-Manipulator/wave_rover/install/waver_gazebo:/home/seyeongw/ros2_ws/src/ROS2-Mobile-Manipulator/wave_rover/install/waver_description:${AMENT_PREFIX_PATH} CMAKE_PREFIX_PATH=/home/seyeongw/ros2_ws/src/ROS2-Mobile-Manipulator/wave_rover/install/waver_viz:/home/seyeongw/ros2_ws/src/ROS2-Mobile-Manipulator/wave_rover/install/waver_gazebo:/home/seyeongw/ros2_ws/src/ROS2-Mobile-Manipulator/wave_rover/install/waver_description:/home/seyeongw/ros2_ws/install/omx_real_pick:/home/seyeongw/ros2_ws/install/omx_moveit_pick_cpp:/home/seyeongw/ros2_ws/install/ros2_aruco_interfaces:/home/seyeongw/ros2_ws/install/px4_ros_com:/home/seyeongw/ros2_ws/install/offboard:/home/seyeongw/ros2_ws/install/px4_msgs:/home/seyeongw/ros2_ws/install/opencv_webcam_sub:/home/seyeongw/ros2_ws/install/open_manipulator:/home/seyeongw/ros2_ws/install/open_manipulator_x_teleop:/home/seyeongw/ros2_ws/install/open_manipulator_x_playground:/home/seyeongw/ros2_ws/install/open_manipulator_x_moveit_config:/home/seyeongw/ros2_ws/install/open_manipulator_x_gui:/home/seyeongw/ros2_ws/install/open_manipulator_x_bringup:/home/seyeongw/ros2_ws/install/open_manipulator_x_description:/home/seyeongw/ros2_ws/install/open_manipulator_msgs:/home/seyeongw/ros2_ws/install/dynamixel_sdk_examples:/home/seyeongw/ros2_ws/install/dynamixel_sdk_custom_interfaces:/home/seyeongw/ros2_ws/install/dynamixel_hardware_interface:/home/seyeongw/ros2_ws/install/dynamixel_sdk:/home/seyeongw/ros2_ws/install/dynamixel_interfaces:/home/seyeongw/ros2_ws/install/ros2_aruco:/home/seyeongw/ros2_ws/install/camera_detection:/opt/ros/humble /usr/bin/cmake --install /home/seyeongw/ros2_ws/src/ROS2-Mobile-Manipulator/wave_rover/build/waver_nav
[1.388s] Level 1:colcon.colcon_core.environment:checking '/home/seyeongw/ros2_ws/src/ROS2-Mobile-Manipulator/wave_rover/install/waver_nav' for CMake config files
[1.388s] Level 1:colcon.colcon_core.shell:create_environment_hook('waver_nav', 'cmake_prefix_path')
[1.389s] INFO:colcon.colcon_core.shell:Creating environment hook '/home/seyeongw/ros2_ws/src/ROS2-Mobile-Manipulator/wave_rover/install/waver_nav/share/waver_nav/hook/cmake_prefix_path.ps1'
[1.389s] INFO:colcon.colcon_core.shell:Creating environment descriptor '/home/seyeongw/ros2_ws/src/ROS2-Mobile-Manipulator/wave_rover/install/waver_nav/share/waver_nav/hook/cmake_prefix_path.dsv'
[1.389s] INFO:colcon.colcon_core.shell:Creating environment hook '/home/seyeongw/ros2_ws/src/ROS2-Mobile-Manipulator/wave_rover/install/waver_nav/share/waver_nav/hook/cmake_prefix_path.sh'
[1.390s] Level 1:colcon.colcon_core.environment:checking '/home/seyeongw/ros2_ws/src/ROS2-Mobile-Manipulator/wave_rover/install/waver_nav/bin'
[1.390s] Level 1:colcon.colcon_core.environment:checking '/home/seyeongw/ros2_ws/src/ROS2-Mobile-Manipulator/wave_rover/install/waver_nav/lib/pkgconfig/waver_nav.pc'
[1.390s] Level 1:colcon.colcon_core.environment:checking '/home/seyeongw/ros2_ws/src/ROS2-Mobile-Manipulator/wave_rover/install/waver_nav/lib/python3.10/site-packages'
[1.391s] Level 1:colcon.colcon_core.environment:checking '/home/seyeongw/ros2_ws/src/ROS2-Mobile-Manipulator/wave_rover/install/waver_nav/bin'
[1.391s] INFO:colcon.colcon_core.shell:Creating package script '/home/seyeongw/ros2_ws/src/ROS2-Mobile-Manipulator/wave_rover/install/waver_nav/share/waver_nav/package.ps1'
[1.391s] INFO:colcon.colcon_core.shell:Creating package descriptor '/home/seyeongw/ros2_ws/src/ROS2-Mobile-Manipulator/wave_rover/install/waver_nav/share/waver_nav/package.dsv'
[1.392s] INFO:colcon.colcon_core.shell:Creating package script '/home/seyeongw/ros2_ws/src/ROS2-Mobile-Manipulator/wave_rover/install/waver_nav/share/waver_nav/package.sh'
[1.392s] INFO:colcon.colcon_core.shell:Creating package script '/home/seyeongw/ros2_ws/src/ROS2-Mobile-Manipulator/wave_rover/install/waver_nav/share/waver_nav/package.bash'
[1.393s] INFO:colcon.colcon_core.shell:Creating package script '/home/seyeongw/ros2_ws/src/ROS2-Mobile-Manipulator/wave_rover/install/waver_nav/share/waver_nav/package.zsh'
[1.393s] Level 1:colcon.colcon_core.environment:create_file_with_runtime_dependencies(/home/seyeongw/ros2_ws/src/ROS2-Mobile-Manipulator/wave_rover/install/waver_nav/share/colcon-core/packages/waver_nav)
[1.394s] Level 1:colcon.colcon_core.environment:create_environment_scripts_only(waver_nav)
[1.394s] Level 1:colcon.colcon_core.environment:checking '/home/seyeongw/ros2_ws/src/ROS2-Mobile-Manipulator/wave_rover/install/waver_nav' for CMake module files
[1.394s] Level 1:colcon.colcon_core.environment:checking '/home/seyeongw/ros2_ws/src/ROS2-Mobile-Manipulator/wave_rover/install/waver_nav' for CMake config files
[1.395s] Level 1:colcon.colcon_core.shell:create_environment_hook('waver_nav', 'cmake_prefix_path')
[1.395s] INFO:colcon.colcon_core.shell:Creating environment hook '/home/seyeongw/ros2_ws/src/ROS2-Mobile-Manipulator/wave_rover/install/waver_nav/share/waver_nav/hook/cmake_prefix_path.ps1'
[1.395s] INFO:colcon.colcon_core.shell:Creating environment descriptor '/home/seyeongw/ros2_ws/src/ROS2-Mobile-Manipulator/wave_rover/install/waver_nav/share/waver_nav/hook/cmake_prefix_path.dsv'
[1.395s] INFO:colcon.colcon_core.shell:Creating environment hook '/home/seyeongw/ros2_ws/src/ROS2-Mobile-Manipulator/wave_rover/install/waver_nav/share/waver_nav/hook/cmake_prefix_path.sh'
[1.395s] Level 1:colcon.colcon_core.environment:checking '/home/seyeongw/ros2_ws/src/ROS2-Mobile-Manipulator/wave_rover/install/waver_nav/bin'
[1.395s] Level 1:colcon.colcon_core.environment:checking '/home/seyeongw/ros2_ws/src/ROS2-Mobile-Manipulator/wave_rover/install/waver_nav/lib/pkgconfig/waver_nav.pc'
[1.396s] Level 1:colcon.colcon_core.environment:checking '/home/seyeongw/ros2_ws/src/ROS2-Mobile-Manipulator/wave_rover/install/waver_nav/lib/python3.10/site-packages'
[1.396s] Level 1:colcon.colcon_core.environment:checking '/home/seyeongw/ros2_ws/src/ROS2-Mobile-Manipulator/wave_rover/install/waver_nav/bin'
[1.396s] INFO:colcon.colcon_core.shell:Creating package script '/home/seyeongw/ros2_ws/src/ROS2-Mobile-Manipulator/wave_rover/install/waver_nav/share/waver_nav/package.ps1'
[1.396s] INFO:colcon.colcon_core.shell:Creating package descriptor '/home/seyeongw/ros2_ws/src/ROS2-Mobile-Manipulator/wave_rover/install/waver_nav/share/waver_nav/package.dsv'
[1.396s] INFO:colcon.colcon_core.shell:Creating package script '/home/seyeongw/ros2_ws/src/ROS2-Mobile-Manipulator/wave_rover/install/waver_nav/share/waver_nav/package.sh'
[1.397s] INFO:colcon.colcon_core.shell:Creating package script '/home/seyeongw/ros2_ws/src/ROS2-Mobile-Manipulator/wave_rover/install/waver_nav/share/waver_nav/package.bash'
[1.397s] INFO:colcon.colcon_core.shell:Creating package script '/home/seyeongw/ros2_ws/src/ROS2-Mobile-Manipulator/wave_rover/install/waver_nav/share/waver_nav/package.zsh'
[1.397s] Level 1:colcon.colcon_core.environment:create_file_with_runtime_dependencies(/home/seyeongw/ros2_ws/src/ROS2-Mobile-Manipulator/wave_rover/install/waver_nav/share/colcon-core/packages/waver_nav)
[1.397s] DEBUG:colcon.colcon_parallel_executor.executor.parallel:closing loop
[1.397s] DEBUG:colcon.colcon_parallel_executor.executor.parallel:loop closed
[1.397s] DEBUG:colcon.colcon_parallel_executor.executor.parallel:run_until_complete finished with '0'
[1.397s] DEBUG:colcon.colcon_core.event_reactor:joining thread
[1.403s] INFO:colcon.colcon_core.plugin_system:Skipping extension 'colcon_notification.desktop_notification.terminal_notifier': Not used on non-Darwin systems
[1.403s] INFO:colcon.colcon_core.plugin_system:Skipping extension 'colcon_notification.desktop_notification.win32': Not used on non-Windows systems
[1.404s] INFO:colcon.colcon_notification.desktop_notification:Sending desktop notification using 'notify2'
[1.415s] DEBUG:colcon.colcon_core.event_reactor:joined thread
[1.415s] INFO:colcon.colcon_core.shell:Creating prefix script '/home/seyeongw/ros2_ws/src/ROS2-Mobile-Manipulator/wave_rover/install/local_setup.ps1'
[1.415s] INFO:colcon.colcon_core.shell:Creating prefix util module '/home/seyeongw/ros2_ws/src/ROS2-Mobile-Manipulator/wave_rover/install/_local_setup_util_ps1.py'
[1.416s] INFO:colcon.colcon_core.shell:Creating prefix chain script '/home/seyeongw/ros2_ws/src/ROS2-Mobile-Manipulator/wave_rover/install/setup.ps1'
[1.417s] INFO:colcon.colcon_core.shell:Creating prefix script '/home/seyeongw/ros2_ws/src/ROS2-Mobile-Manipulator/wave_rover/install/local_setup.sh'
[1.417s] INFO:colcon.colcon_core.shell:Creating prefix util module '/home/seyeongw/ros2_ws/src/ROS2-Mobile-Manipulator/wave_rover/install/_local_setup_util_sh.py'
[1.417s] INFO:colcon.colcon_core.shell:Creating prefix chain script '/home/seyeongw/ros2_ws/src/ROS2-Mobile-Manipulator/wave_rover/install/setup.sh'
[1.418s] INFO:colcon.colcon_core.shell:Creating prefix script '/home/seyeongw/ros2_ws/src/ROS2-Mobile-Manipulator/wave_rover/install/local_setup.bash'
[1.419s] INFO:colcon.colcon_core.shell:Creating prefix chain script '/home/seyeongw/ros2_ws/src/ROS2-Mobile-Manipulator/wave_rover/install/setup.bash'
[1.419s] INFO:colcon.colcon_core.shell:Creating prefix script '/home/seyeongw/ros2_ws/src/ROS2-Mobile-Manipulator/wave_rover/install/local_setup.zsh'
[1.419s] INFO:colcon.colcon_core.shell:Creating prefix chain script '/home/seyeongw/ros2_ws/src/ROS2-Mobile-Manipulator/wave_rover/install/setup.zsh'
