[0.129s] DEBUG:colcon:Command line arguments: ['/usr/bin/colcon', 'build']
[0.129s] DEBUG:colcon:Parsed command line arguments: Namespace(log_base=None, log_level=None, verb_name='build', build_base='build', install_base='install', merge_install=False, symlink_install=False, test_result_base=None, continue_on_error=False, executor='parallel', parallel_workers=18, event_handlers=None, ignore_user_meta=False, metas=['./colcon.meta'], base_paths=['.'], packages_ignore=None, packages_ignore_regex=None, paths=None, packages_up_to=None, packages_up_to_regex=None, packages_above=None, packages_above_and_dependencies=None, packages_above_depth=None, packages_select_by_dep=None, packages_skip_by_dep=None, packages_skip_up_to=None, packages_select_build_failed=False, packages_skip_build_finished=False, packages_select_test_failures=False, packages_skip_test_passed=False, packages_select=None, packages_skip=None, packages_select_regex=None, packages_skip_regex=None, packages_start=None, packages_end=None, allow_overriding=[], cmake_args=None, cmake_target=None, cmake_target_skip_unavailable=False, cmake_clean_cache=False, cmake_clean_first=False, cmake_force_configure=False, ament_cmake_args=None, catkin_cmake_args=None, catkin_skip_building_tests=False, mixin_files=None, mixin=None, verb_parser=<colcon_mixin.mixin.mixin_argument.MixinArgumentDecorator object at 0x75046726d840>, verb_extension=<colcon_core.verb.build.BuildVerb object at 0x75046726d150>, main=<bound method BuildVerb.main of <colcon_core.verb.build.BuildVerb object at 0x75046726d150>>, mixin_verb=('build',))
[0.342s] Level 1:colcon.colcon_core.package_discovery:discover_packages(colcon_meta) check parameters
[0.342s] Level 1:colcon.colcon_core.package_discovery:discover_packages(recursive) check parameters
[0.342s] Level 1:colcon.colcon_core.package_discovery:discover_packages(ignore) check parameters
[0.342s] Level 1:colcon.colcon_core.package_discovery:discover_packages(path) check parameters
[0.343s] Level 1:colcon.colcon_core.package_discovery:discover_packages(colcon_meta) discover
[0.343s] Level 1:colcon.colcon_core.package_discovery:discover_packages(recursive) discover
[0.343s] INFO:colcon.colcon_core.package_discovery:Crawling recursively for packages in '/home/seyeongw/ros2_ws/src/ROS2-Mobile-Manipulator/wave_rover'
[0.343s] Level 1:colcon.colcon_core.package_identification:_identify(.) by extensions ['ignore', 'ignore_ament_install']
[0.343s] Level 1:colcon.colcon_core.package_identification:_identify(.) by extension 'ignore'
[0.343s] Level 1:colcon.colcon_core.package_identification:_identify(.) by extension 'ignore_ament_install'
[0.343s] Level 1:colcon.colcon_core.package_identification:_identify(.) by extensions ['colcon_pkg']
[0.343s] Level 1:colcon.colcon_core.package_identification:_identify(.) by extension 'colcon_pkg'
[0.343s] Level 1:colcon.colcon_core.package_identification:_identify(.) by extensions ['colcon_meta']
[0.343s] Level 1:colcon.colcon_core.package_identification:_identify(.) by extension 'colcon_meta'
[0.343s] Level 1:colcon.colcon_core.package_identification:_identify(.) by extensions ['ros']
[0.343s] Level 1:colcon.colcon_core.package_identification:_identify(.) by extension 'ros'
[0.395s] Level 1:colcon.colcon_core.package_identification:_identify(.) by extensions ['cmake', 'python']
[0.395s] Level 1:colcon.colcon_core.package_identification:_identify(.) by extension 'cmake'
[0.395s] Level 1:colcon.colcon_core.package_identification:_identify(.) by extension 'python'
[0.395s] Level 1:colcon.colcon_core.package_identification:_identify(.) by extensions ['python_setup_py']
[0.395s] Level 1:colcon.colcon_core.package_identification:_identify(.) by extension 'python_setup_py'
[0.395s] Level 1:colcon.colcon_core.package_identification:_identify(build) by extensions ['ignore', 'ignore_ament_install']
[0.396s] Level 1:colcon.colcon_core.package_identification:_identify(build) by extension 'ignore'
[0.396s] Level 1:colcon.colcon_core.package_identification:_identify(build) ignored
[0.396s] Level 1:colcon.colcon_core.package_identification:_identify(install) by extensions ['ignore', 'ignore_ament_install']
[0.396s] Level 1:colcon.colcon_core.package_identification:_identify(install) by extension 'ignore'
[0.396s] Level 1:colcon.colcon_core.package_identification:_identify(install) ignored
[0.396s] Level 1:colcon.colcon_core.package_identification:_identify(log) by extensions ['ignore', 'ignore_ament_install']
[0.396s] Level 1:colcon.colcon_core.package_identification:_identify(log) by extension 'ignore'
[0.396s] Level 1:colcon.colcon_core.package_identification:_identify(log) ignored
[0.396s] Level 1:colcon.colcon_core.package_identification:_identify(scripts) by extensions ['ignore', 'ignore_ament_install']
[0.396s] Level 1:colcon.colcon_core.package_identification:_identify(scripts) by extension 'ignore'
[0.396s] Level 1:colcon.colcon_core.package_identification:_identify(scripts) by extension 'ignore_ament_install'
[0.396s] Level 1:colcon.colcon_core.package_identification:_identify(scripts) by extensions ['colcon_pkg']
[0.396s] Level 1:colcon.colcon_core.package_identification:_identify(scripts) by extension 'colcon_pkg'
[0.397s] Level 1:colcon.colcon_core.package_identification:_identify(scripts) by extensions ['colcon_meta']
[0.397s] Level 1:colcon.colcon_core.package_identification:_identify(scripts) by extension 'colcon_meta'
[0.397s] Level 1:colcon.colcon_core.package_identification:_identify(scripts) by extensions ['ros']
[0.397s] Level 1:colcon.colcon_core.package_identification:_identify(scripts) by extension 'ros'
[0.397s] Level 1:colcon.colcon_core.package_identification:_identify(scripts) by extensions ['cmake', 'python']
[0.397s] Level 1:colcon.colcon_core.package_identification:_identify(scripts) by extension 'cmake'
[0.397s] Level 1:colcon.colcon_core.package_identification:_identify(scripts) by extension 'python'
[0.397s] Level 1:colcon.colcon_core.package_identification:_identify(scripts) by extensions ['python_setup_py']
[0.397s] Level 1:colcon.colcon_core.package_identification:_identify(scripts) by extension 'python_setup_py'
[0.397s] Level 1:colcon.colcon_core.package_identification:_identify(waver_description) by extensions ['ignore', 'ignore_ament_install']
[0.397s] Level 1:colcon.colcon_core.package_identification:_identify(waver_description) by extension 'ignore'
[0.397s] Level 1:colcon.colcon_core.package_identification:_identify(waver_description) by extension 'ignore_ament_install'
[0.397s] Level 1:colcon.colcon_core.package_identification:_identify(waver_description) by extensions ['colcon_pkg']
[0.397s] Level 1:colcon.colcon_core.package_identification:_identify(waver_description) by extension 'colcon_pkg'
[0.397s] Level 1:colcon.colcon_core.package_identification:_identify(waver_description) by extensions ['colcon_meta']
[0.397s] Level 1:colcon.colcon_core.package_identification:_identify(waver_description) by extension 'colcon_meta'
[0.397s] Level 1:colcon.colcon_core.package_identification:_identify(waver_description) by extensions ['ros']
[0.397s] Level 1:colcon.colcon_core.package_identification:_identify(waver_description) by extension 'ros'
[0.401s] DEBUG:colcon.colcon_core.package_identification:Package 'waver_description' with type 'ros.ament_cmake' and name 'waver_description'
[0.401s] Level 1:colcon.colcon_core.package_identification:_identify(waver_gazebo) by extensions ['ignore', 'ignore_ament_install']
[0.401s] Level 1:colcon.colcon_core.package_identification:_identify(waver_gazebo) by extension 'ignore'
[0.401s] Level 1:colcon.colcon_core.package_identification:_identify(waver_gazebo) by extension 'ignore_ament_install'
[0.401s] Level 1:colcon.colcon_core.package_identification:_identify(waver_gazebo) by extensions ['colcon_pkg']
[0.401s] Level 1:colcon.colcon_core.package_identification:_identify(waver_gazebo) by extension 'colcon_pkg'
[0.401s] Level 1:colcon.colcon_core.package_identification:_identify(waver_gazebo) by extensions ['colcon_meta']
[0.401s] Level 1:colcon.colcon_core.package_identification:_identify(waver_gazebo) by extension 'colcon_meta'
[0.401s] Level 1:colcon.colcon_core.package_identification:_identify(waver_gazebo) by extensions ['ros']
[0.401s] Level 1:colcon.colcon_core.package_identification:_identify(waver_gazebo) by extension 'ros'
[0.402s] DEBUG:colcon.colcon_core.package_identification:Package 'waver_gazebo' with type 'ros.ament_cmake' and name 'waver_gazebo'
[0.402s] Level 1:colcon.colcon_core.package_identification:_identify(waver_nav) by extensions ['ignore', 'ignore_ament_install']
[0.402s] Level 1:colcon.colcon_core.package_identification:_identify(waver_nav) by extension 'ignore'
[0.402s] Level 1:colcon.colcon_core.package_identification:_identify(waver_nav) by extension 'ignore_ament_install'
[0.403s] Level 1:colcon.colcon_core.package_identification:_identify(waver_nav) by extensions ['colcon_pkg']
[0.403s] Level 1:colcon.colcon_core.package_identification:_identify(waver_nav) by extension 'colcon_pkg'
[0.403s] Level 1:colcon.colcon_core.package_identification:_identify(waver_nav) by extensions ['colcon_meta']
[0.403s] Level 1:colcon.colcon_core.package_identification:_identify(waver_nav) by extension 'colcon_meta'
[0.403s] Level 1:colcon.colcon_core.package_identification:_identify(waver_nav) by extensions ['ros']
[0.403s] Level 1:colcon.colcon_core.package_identification:_identify(waver_nav) by extension 'ros'
[0.403s] DEBUG:colcon.colcon_core.package_identification:Package 'waver_nav' with type 'ros.ament_cmake' and name 'waver_nav'
[0.403s] Level 1:colcon.colcon_core.package_identification:_identify(waver_viz) by extensions ['ignore', 'ignore_ament_install']
[0.403s] Level 1:colcon.colcon_core.package_identification:_identify(waver_viz) by extension 'ignore'
[0.403s] Level 1:colcon.colcon_core.package_identification:_identify(waver_viz) by extension 'ignore_ament_install'
[0.404s] Level 1:colcon.colcon_core.package_identification:_identify(waver_viz) by extensions ['colcon_pkg']
[0.404s] Level 1:colcon.colcon_core.package_identification:_identify(waver_viz) by extension 'colcon_pkg'
[0.404s] Level 1:colcon.colcon_core.package_identification:_identify(waver_viz) by extensions ['colcon_meta']
[0.404s] Level 1:colcon.colcon_core.package_identification:_identify(waver_viz) by extension 'colcon_meta'
[0.404s] Level 1:colcon.colcon_core.package_identification:_identify(waver_viz) by extensions ['ros']
[0.404s] Level 1:colcon.colcon_core.package_identification:_identify(waver_viz) by extension 'ros'
[0.404s] DEBUG:colcon.colcon_core.package_identification:Package 'waver_viz' with type 'ros.ament_cmake' and name 'waver_viz'
[0.404s] Level 1:colcon.colcon_core.package_discovery:discover_packages(recursive) using defaults
[0.404s] Level 1:colcon.colcon_core.package_discovery:discover_packages(ignore) discover
[0.404s] Level 1:colcon.colcon_core.package_discovery:discover_packages(ignore) using defaults
[0.404s] Level 1:colcon.colcon_core.package_discovery:discover_packages(path) discover
[0.404s] Level 1:colcon.colcon_core.package_discovery:discover_packages(path) using defaults
[0.426s] Level 1:colcon.colcon_core.package_discovery:discover_packages(prefix_path) check parameters
[0.426s] Level 1:colcon.colcon_core.package_discovery:discover_packages(prefix_path) discover
[0.430s] DEBUG:colcon.colcon_installed_package_information.package_discovery:Found 22 installed packages in /home/seyeongw/ros2_ws/install
[0.432s] DEBUG:colcon.colcon_installed_package_information.package_discovery:Found 475 installed packages in /opt/ros/humble
[0.437s] Level 1:colcon.colcon_core.package_discovery:discover_packages(prefix_path) using defaults
[0.508s] Level 5:colcon.colcon_core.verb:set package 'waver_description' build argument 'cmake_args' from command line to 'None'
[0.508s] Level 5:colcon.colcon_core.verb:set package 'waver_description' build argument 'cmake_target' from command line to 'None'
[0.508s] Level 5:colcon.colcon_core.verb:set package 'waver_description' build argument 'cmake_target_skip_unavailable' from command line to 'False'
[0.508s] Level 5:colcon.colcon_core.verb:set package 'waver_description' build argument 'cmake_clean_cache' from command line to 'False'
[0.508s] Level 5:colcon.colcon_core.verb:set package 'waver_description' build argument 'cmake_clean_first' from command line to 'False'
[0.509s] Level 5:colcon.colcon_core.verb:set package 'waver_description' build argument 'cmake_force_configure' from command line to 'False'
[0.509s] Level 5:colcon.colcon_core.verb:set package 'waver_description' build argument 'ament_cmake_args' from command line to 'None'
[0.509s] Level 5:colcon.colcon_core.verb:set package 'waver_description' build argument 'catkin_cmake_args' from command line to 'None'
[0.509s] Level 5:colcon.colcon_core.verb:set package 'waver_description' build argument 'catkin_skip_building_tests' from command line to 'False'
[0.509s] DEBUG:colcon.colcon_core.verb:Building package 'waver_description' with the following arguments: {'ament_cmake_args': None, 'build_base': '/home/seyeongw/ros2_ws/src/ROS2-Mobile-Manipulator/wave_rover/build/waver_description', 'catkin_cmake_args': None, 'catkin_skip_building_tests': False, 'cmake_args': None, 'cmake_clean_cache': False, 'cmake_clean_first': False, 'cmake_force_configure': False, 'cmake_target': None, 'cmake_target_skip_unavailable': False, 'install_base': '/home/seyeongw/ros2_ws/src/ROS2-Mobile-Manipulator/wave_rover/install/waver_description', 'merge_install': False, 'path': '/home/seyeongw/ros2_ws/src/ROS2-Mobile-Manipulator/wave_rover/waver_description', 'symlink_install': False, 'test_result_base': None}
[0.509s] Level 5:colcon.colcon_core.verb:set package 'waver_gazebo' build argument 'cmake_args' from command line to 'None'
[0.509s] Level 5:colcon.colcon_core.verb:set package 'waver_gazebo' build argument 'cmake_target' from command line to 'None'
[0.509s] Level 5:colcon.colcon_core.verb:set package 'waver_gazebo' build argument 'cmake_target_skip_unavailable' from command line to 'False'
[0.509s] Level 5:colcon.colcon_core.verb:set package 'waver_gazebo' build argument 'cmake_clean_cache' from command line to 'False'
[0.509s] Level 5:colcon.colcon_core.verb:set package 'waver_gazebo' build argument 'cmake_clean_first' from command line to 'False'
[0.509s] Level 5:colcon.colcon_core.verb:set package 'waver_gazebo' build argument 'cmake_force_configure' from command line to 'False'
[0.509s] Level 5:colcon.colcon_core.verb:set package 'waver_gazebo' build argument 'ament_cmake_args' from command line to 'None'
[0.509s] Level 5:colcon.colcon_core.verb:set package 'waver_gazebo' build argument 'catkin_cmake_args' from command line to 'None'
[0.509s] Level 5:colcon.colcon_core.verb:set package 'waver_gazebo' build argument 'catkin_skip_building_tests' from command line to 'False'
[0.509s] DEBUG:colcon.colcon_core.verb:Building package 'waver_gazebo' with the following arguments: {'ament_cmake_args': None, 'build_base': '/home/seyeongw/ros2_ws/src/ROS2-Mobile-Manipulator/wave_rover/build/waver_gazebo', 'catkin_cmake_args': None, 'catkin_skip_building_tests': False, 'cmake_args': None, 'cmake_clean_cache': False, 'cmake_clean_first': False, 'cmake_force_configure': False, 'cmake_target': None, 'cmake_target_skip_unavailable': False, 'install_base': '/home/seyeongw/ros2_ws/src/ROS2-Mobile-Manipulator/wave_rover/install/waver_gazebo', 'merge_install': False, 'path': '/home/seyeongw/ros2_ws/src/ROS2-Mobile-Manipulator/wave_rover/waver_gazebo', 'symlink_install': False, 'test_result_base': None}
[0.509s] Level 5:colcon.colcon_core.verb:set package 'waver_viz' build argument 'cmake_args' from command line to 'None'
[0.509s] Level 5:colcon.colcon_core.verb:set package 'waver_viz' build argument 'cmake_target' from command line to 'None'
[0.509s] Level 5:colcon.colcon_core.verb:set package 'waver_viz' build argument 'cmake_target_skip_unavailable' from command line to 'False'
[0.509s] Level 5:colcon.colcon_core.verb:set package 'waver_viz' build argument 'cmake_clean_cache' from command line to 'False'
[0.510s] Level 5:colcon.colcon_core.verb:set package 'waver_viz' build argument 'cmake_clean_first' from command line to 'False'
[0.510s] Level 5:colcon.colcon_core.verb:set package 'waver_viz' build argument 'cmake_force_configure' from command line to 'False'
[0.510s] Level 5:colcon.colcon_core.verb:set package 'waver_viz' build argument 'ament_cmake_args' from command line to 'None'
[0.510s] Level 5:colcon.colcon_core.verb:set package 'waver_viz' build argument 'catkin_cmake_args' from command line to 'None'
[0.510s] Level 5:colcon.colcon_core.verb:set package 'waver_viz' build argument 'catkin_skip_building_tests' from command line to 'False'
[0.510s] DEBUG:colcon.colcon_core.verb:Building package 'waver_viz' with the following arguments: {'ament_cmake_args': None, 'build_base': '/home/seyeongw/ros2_ws/src/ROS2-Mobile-Manipulator/wave_rover/build/waver_viz', 'catkin_cmake_args': None, 'catkin_skip_building_tests': False, 'cmake_args': None, 'cmake_clean_cache': False, 'cmake_clean_first': False, 'cmake_force_configure': False, 'cmake_target': None, 'cmake_target_skip_unavailable': False, 'install_base': '/home/seyeongw/ros2_ws/src/ROS2-Mobile-Manipulator/wave_rover/install/waver_viz', 'merge_install': False, 'path': '/home/seyeongw/ros2_ws/src/ROS2-Mobile-Manipulator/wave_rover/waver_viz', 'symlink_install': False, 'test_result_base': None}
[0.510s] Level 5:colcon.colcon_core.verb:set package 'waver_nav' build argument 'cmake_args' from command line to 'None'
[0.510s] Level 5:colcon.colcon_core.verb:set package 'waver_nav' build argument 'cmake_target' from command line to 'None'
[0.510s] Level 5:colcon.colcon_core.verb:set package 'waver_nav' build argument 'cmake_target_skip_unavailable' from command line to 'False'
[0.510s] Level 5:colcon.colcon_core.verb:set package 'waver_nav' build argument 'cmake_clean_cache' from command line to 'False'
[0.510s] Level 5:colcon.colcon_core.verb:set package 'waver_nav' build argument 'cmake_clean_first' from command line to 'False'
[0.510s] Level 5:colcon.colcon_core.verb:set package 'waver_nav' build argument 'cmake_force_configure' from command line to 'False'
[0.510s] Level 5:colcon.colcon_core.verb:set package 'waver_nav' build argument 'ament_cmake_args' from command line to 'None'
[0.510s] Level 5:colcon.colcon_core.verb:set package 'waver_nav' build argument 'catkin_cmake_args' from command line to 'None'
[0.510s] Level 5:colcon.colcon_core.verb:set package 'waver_nav' build argument 'catkin_skip_building_tests' from command line to 'False'
[0.510s] DEBUG:colcon.colcon_core.verb:Building package 'waver_nav' with the following arguments: {'ament_cmake_args': None, 'build_base': '/home/seyeongw/ros2_ws/src/ROS2-Mobile-Manipulator/wave_rover/build/waver_nav', 'catkin_cmake_args': None, 'catkin_skip_building_tests': False, 'cmake_args': None, 'cmake_clean_cache': False, 'cmake_clean_first': False, 'cmake_force_configure': False, 'cmake_target': None, 'cmake_target_skip_unavailable': False, 'install_base': '/home/seyeongw/ros2_ws/src/ROS2-Mobile-Manipulator/wave_rover/install/waver_nav', 'merge_install': False, 'path': '/home/seyeongw/ros2_ws/src/ROS2-Mobile-Manipulator/wave_rover/waver_nav', 'symlink_install': False, 'test_result_base': None}
[0.510s] INFO:colcon.colcon_core.executor:Executing jobs using 'parallel' executor
[0.511s] DEBUG:colcon.colcon_parallel_executor.executor.parallel:run_until_complete
[0.512s] INFO:colcon.colcon_ros.task.ament_cmake.build:Building ROS package in '/home/seyeongw/ros2_ws/src/ROS2-Mobile-Manipulator/wave_rover/waver_description' with build type 'ament_cmake'
[0.512s] INFO:colcon.colcon_cmake.task.cmake.build:Building CMake package in '/home/seyeongw/ros2_ws/src/ROS2-Mobile-Manipulator/wave_rover/waver_description'
[0.514s] INFO:colcon.colcon_core.plugin_system:Skipping extension 'colcon_core.shell.bat': Not used on non-Windows systems
[0.514s] INFO:colcon.colcon_core.shell:Skip shell extension 'powershell' for command environment: Not usable outside of PowerShell
[0.514s] DEBUG:colcon.colcon_core.shell:Skip shell extension 'dsv' for command environment
[0.519s] INFO:colcon.colcon_ros.task.ament_cmake.build:Building ROS package in '/home/seyeongw/ros2_ws/src/ROS2-Mobile-Manipulator/wave_rover/waver_gazebo' with build type 'ament_cmake'
[0.519s] INFO:colcon.colcon_cmake.task.cmake.build:Building CMake package in '/home/seyeongw/ros2_ws/src/ROS2-Mobile-Manipulator/wave_rover/waver_gazebo'
[0.520s] INFO:colcon.colcon_core.shell:Skip shell extension 'powershell' for command environment: Not usable outside of PowerShell
[0.520s] DEBUG:colcon.colcon_core.shell:Skip shell extension 'dsv' for command environment
[0.524s] INFO:colcon.colcon_ros.task.ament_cmake.build:Building ROS package in '/home/seyeongw/ros2_ws/src/ROS2-Mobile-Manipulator/wave_rover/waver_viz' with build type 'ament_cmake'
[0.524s] INFO:colcon.colcon_cmake.task.cmake.build:Building CMake package in '/home/seyeongw/ros2_ws/src/ROS2-Mobile-Manipulator/wave_rover/waver_viz'
[0.525s] INFO:colcon.colcon_core.shell:Skip shell extension 'powershell' for command environment: Not usable outside of PowerShell
[0.525s] DEBUG:colcon.colcon_core.shell:Skip shell extension 'dsv' for command environment
[0.532s] DEBUG:colcon.colcon_core.event_handler.log_command:Invoking command in '/home/seyeongw/ros2_ws/src/ROS2-Mobile-Manipulator/wave_rover/build/waver_description': CMAKE_PREFIX_PATH=${CMAKE_PREFIX_PATH}:/home/seyeongw/ros2_ws/install/ros2_aruco:/home/seyeongw/ros2_ws/install/open_manipulator_x_description:/home/seyeongw/ros2_ws/install/camera_detection:/opt/ros/humble /usr/bin/cmake --build /home/seyeongw/ros2_ws/src/ROS2-Mobile-Manipulator/wave_rover/build/waver_description -- -j18 -l18
[0.537s] DEBUG:colcon.colcon_core.event_handler.log_command:Invoking command in '/home/seyeongw/ros2_ws/src/ROS2-Mobile-Manipulator/wave_rover/build/waver_gazebo': CMAKE_PREFIX_PATH=${CMAKE_PREFIX_PATH}:/home/seyeongw/ros2_ws/install/ros2_aruco:/home/seyeongw/ros2_ws/install/open_manipulator_x_description:/home/seyeongw/ros2_ws/install/camera_detection:/opt/ros/humble /usr/bin/cmake --build /home/seyeongw/ros2_ws/src/ROS2-Mobile-Manipulator/wave_rover/build/waver_gazebo -- -j18 -l18
[0.543s] DEBUG:colcon.colcon_core.event_handler.log_command:Invoking command in '/home/seyeongw/ros2_ws/src/ROS2-Mobile-Manipulator/wave_rover/build/waver_viz': CMAKE_PREFIX_PATH=${CMAKE_PREFIX_PATH}:/home/seyeongw/ros2_ws/install/ros2_aruco:/home/seyeongw/ros2_ws/install/open_manipulator_x_description:/home/seyeongw/ros2_ws/install/camera_detection:/opt/ros/humble /usr/bin/cmake --build /home/seyeongw/ros2_ws/src/ROS2-Mobile-Manipulator/wave_rover/build/waver_viz -- -j18 -l18
[0.577s] DEBUG:colcon.colcon_core.event_handler.log_command:Invoked command in '/home/seyeongw/ros2_ws/src/ROS2-Mobile-Manipulator/wave_rover/build/waver_description' returned '0': CMAKE_PREFIX_PATH=${CMAKE_PREFIX_PATH}:/home/seyeongw/ros2_ws/install/ros2_aruco:/home/seyeongw/ros2_ws/install/open_manipulator_x_description:/home/seyeongw/ros2_ws/install/camera_detection:/opt/ros/humble /usr/bin/cmake --build /home/seyeongw/ros2_ws/src/ROS2-Mobile-Manipulator/wave_rover/build/waver_description -- -j18 -l18
[0.591s] DEBUG:colcon.colcon_core.event_handler.log_command:Invoking command in '/home/seyeongw/ros2_ws/src/ROS2-Mobile-Manipulator/wave_rover/build/waver_description': CMAKE_PREFIX_PATH=${CMAKE_PREFIX_PATH}:/home/seyeongw/ros2_ws/install/ros2_aruco:/home/seyeongw/ros2_ws/install/open_manipulator_x_description:/home/seyeongw/ros2_ws/install/camera_detection:/opt/ros/humble /usr/bin/cmake --install /home/seyeongw/ros2_ws/src/ROS2-Mobile-Manipulator/wave_rover/build/waver_description
[0.593s] DEBUG:colcon.colcon_core.event_handler.log_command:Invoked command in '/home/seyeongw/ros2_ws/src/ROS2-Mobile-Manipulator/wave_rover/build/waver_gazebo' returned '0': CMAKE_PREFIX_PATH=${CMAKE_PREFIX_PATH}:/home/seyeongw/ros2_ws/install/ros2_aruco:/home/seyeongw/ros2_ws/install/open_manipulator_x_description:/home/seyeongw/ros2_ws/install/camera_detection:/opt/ros/humble /usr/bin/cmake --build /home/seyeongw/ros2_ws/src/ROS2-Mobile-Manipulator/wave_rover/build/waver_gazebo -- -j18 -l18
[0.595s] DEBUG:colcon.colcon_core.event_handler.log_command:Invoking command in '/home/seyeongw/ros2_ws/src/ROS2-Mobile-Manipulator/wave_rover/build/waver_gazebo': CMAKE_PREFIX_PATH=${CMAKE_PREFIX_PATH}:/home/seyeongw/ros2_ws/install/ros2_aruco:/home/seyeongw/ros2_ws/install/open_manipulator_x_description:/home/seyeongw/ros2_ws/install/camera_detection:/opt/ros/humble /usr/bin/cmake --install /home/seyeongw/ros2_ws/src/ROS2-Mobile-Manipulator/wave_rover/build/waver_gazebo
[0.596s] DEBUG:colcon.colcon_core.event_handler.log_command:Invoked command in '/home/seyeongw/ros2_ws/src/ROS2-Mobile-Manipulator/wave_rover/build/waver_viz' returned '0': CMAKE_PREFIX_PATH=${CMAKE_PREFIX_PATH}:/home/seyeongw/ros2_ws/install/ros2_aruco:/home/seyeongw/ros2_ws/install/open_manipulator_x_description:/home/seyeongw/ros2_ws/install/camera_detection:/opt/ros/humble /usr/bin/cmake --build /home/seyeongw/ros2_ws/src/ROS2-Mobile-Manipulator/wave_rover/build/waver_viz -- -j18 -l18
[0.598s] DEBUG:colcon.colcon_core.event_handler.log_command:Invoking command in '/home/seyeongw/ros2_ws/src/ROS2-Mobile-Manipulator/wave_rover/build/waver_viz': CMAKE_PREFIX_PATH=${CMAKE_PREFIX_PATH}:/home/seyeongw/ros2_ws/install/ros2_aruco:/home/seyeongw/ros2_ws/install/open_manipulator_x_description:/home/seyeongw/ros2_ws/install/camera_detection:/opt/ros/humble /usr/bin/cmake --install /home/seyeongw/ros2_ws/src/ROS2-Mobile-Manipulator/wave_rover/build/waver_viz
[0.606s] Level 1:colcon.colcon_core.environment:create_environment_scripts_only(waver_description)
[0.608s] DEBUG:colcon.colcon_core.event_handler.log_command:Invoked command in '/home/seyeongw/ros2_ws/src/ROS2-Mobile-Manipulator/wave_rover/build/waver_description' returned '0': CMAKE_PREFIX_PATH=${CMAKE_PREFIX_PATH}:/home/seyeongw/ros2_ws/install/ros2_aruco:/home/seyeongw/ros2_ws/install/open_manipulator_x_description:/home/seyeongw/ros2_ws/install/camera_detection:/opt/ros/humble /usr/bin/cmake --install /home/seyeongw/ros2_ws/src/ROS2-Mobile-Manipulator/wave_rover/build/waver_description
[0.612s] Level 1:colcon.colcon_core.environment:checking '/home/seyeongw/ros2_ws/src/ROS2-Mobile-Manipulator/wave_rover/install/waver_description' for CMake module files
[0.613s] Level 1:colcon.colcon_core.environment:checking '/home/seyeongw/ros2_ws/src/ROS2-Mobile-Manipulator/wave_rover/install/waver_description' for CMake config files
[0.613s] Level 1:colcon.colcon_core.shell:create_environment_hook('waver_description', 'cmake_prefix_path')
[0.613s] INFO:colcon.colcon_core.shell:Creating environment hook '/home/seyeongw/ros2_ws/src/ROS2-Mobile-Manipulator/wave_rover/install/waver_description/share/waver_description/hook/cmake_prefix_path.ps1'
[0.614s] INFO:colcon.colcon_core.shell:Creating environment descriptor '/home/seyeongw/ros2_ws/src/ROS2-Mobile-Manipulator/wave_rover/install/waver_description/share/waver_description/hook/cmake_prefix_path.dsv'
[0.615s] INFO:colcon.colcon_core.shell:Creating environment hook '/home/seyeongw/ros2_ws/src/ROS2-Mobile-Manipulator/wave_rover/install/waver_description/share/waver_description/hook/cmake_prefix_path.sh'
[0.617s] Level 1:colcon.colcon_core.environment:checking '/home/seyeongw/ros2_ws/src/ROS2-Mobile-Manipulator/wave_rover/install/waver_description/bin'
[0.617s] Level 1:colcon.colcon_core.environment:checking '/home/seyeongw/ros2_ws/src/ROS2-Mobile-Manipulator/wave_rover/install/waver_description/lib/pkgconfig/waver_description.pc'
[0.617s] Level 1:colcon.colcon_core.environment:checking '/home/seyeongw/ros2_ws/src/ROS2-Mobile-Manipulator/wave_rover/install/waver_description/lib/python3.10/site-packages'
[0.618s] Level 1:colcon.colcon_core.environment:checking '/home/seyeongw/ros2_ws/src/ROS2-Mobile-Manipulator/wave_rover/install/waver_description/bin'
[0.618s] INFO:colcon.colcon_core.shell:Creating package script '/home/seyeongw/ros2_ws/src/ROS2-Mobile-Manipulator/wave_rover/install/waver_description/share/waver_description/package.ps1'
[0.619s] INFO:colcon.colcon_core.shell:Creating package descriptor '/home/seyeongw/ros2_ws/src/ROS2-Mobile-Manipulator/wave_rover/install/waver_description/share/waver_description/package.dsv'
[0.620s] INFO:colcon.colcon_core.shell:Creating package script '/home/seyeongw/ros2_ws/src/ROS2-Mobile-Manipulator/wave_rover/install/waver_description/share/waver_description/package.sh'
[0.620s] INFO:colcon.colcon_core.shell:Creating package script '/home/seyeongw/ros2_ws/src/ROS2-Mobile-Manipulator/wave_rover/install/waver_description/share/waver_description/package.bash'
[0.621s] INFO:colcon.colcon_core.shell:Creating package script '/home/seyeongw/ros2_ws/src/ROS2-Mobile-Manipulator/wave_rover/install/waver_description/share/waver_description/package.zsh'
[0.621s] Level 1:colcon.colcon_core.environment:create_file_with_runtime_dependencies(/home/seyeongw/ros2_ws/src/ROS2-Mobile-Manipulator/wave_rover/install/waver_description/share/colcon-core/packages/waver_description)
[0.622s] Level 1:colcon.colcon_core.environment:create_environment_scripts_only(waver_description)
[0.622s] Level 1:colcon.colcon_core.environment:checking '/home/seyeongw/ros2_ws/src/ROS2-Mobile-Manipulator/wave_rover/install/waver_description' for CMake module files
[0.622s] Level 1:colcon.colcon_core.environment:checking '/home/seyeongw/ros2_ws/src/ROS2-Mobile-Manipulator/wave_rover/install/waver_description' for CMake config files
[0.622s] Level 1:colcon.colcon_core.shell:create_environment_hook('waver_description', 'cmake_prefix_path')
[0.623s] INFO:colcon.colcon_core.shell:Creating environment hook '/home/seyeongw/ros2_ws/src/ROS2-Mobile-Manipulator/wave_rover/install/waver_description/share/waver_description/hook/cmake_prefix_path.ps1'
[0.623s] INFO:colcon.colcon_core.shell:Creating environment descriptor '/home/seyeongw/ros2_ws/src/ROS2-Mobile-Manipulator/wave_rover/install/waver_description/share/waver_description/hook/cmake_prefix_path.dsv'
[0.623s] INFO:colcon.colcon_core.shell:Creating environment hook '/home/seyeongw/ros2_ws/src/ROS2-Mobile-Manipulator/wave_rover/install/waver_description/share/waver_description/hook/cmake_prefix_path.sh'
[0.624s] Level 1:colcon.colcon_core.environment:checking '/home/seyeongw/ros2_ws/src/ROS2-Mobile-Manipulator/wave_rover/install/waver_description/bin'
[0.624s] Level 1:colcon.colcon_core.environment:checking '/home/seyeongw/ros2_ws/src/ROS2-Mobile-Manipulator/wave_rover/install/waver_description/lib/pkgconfig/waver_description.pc'
[0.624s] Level 1:colcon.colcon_core.environment:checking '/home/seyeongw/ros2_ws/src/ROS2-Mobile-Manipulator/wave_rover/install/waver_description/lib/python3.10/site-packages'
[0.624s] Level 1:colcon.colcon_core.environment:checking '/home/seyeongw/ros2_ws/src/ROS2-Mobile-Manipulator/wave_rover/install/waver_description/bin'
[0.624s] INFO:colcon.colcon_core.shell:Creating package script '/home/seyeongw/ros2_ws/src/ROS2-Mobile-Manipulator/wave_rover/install/waver_description/share/waver_description/package.ps1'
[0.625s] INFO:colcon.colcon_core.shell:Creating package descriptor '/home/seyeongw/ros2_ws/src/ROS2-Mobile-Manipulator/wave_rover/install/waver_description/share/waver_description/package.dsv'
[0.625s] INFO:colcon.colcon_core.shell:Creating package script '/home/seyeongw/ros2_ws/src/ROS2-Mobile-Manipulator/wave_rover/install/waver_description/share/waver_description/package.sh'
[0.625s] INFO:colcon.colcon_core.shell:Creating package script '/home/seyeongw/ros2_ws/src/ROS2-Mobile-Manipulator/wave_rover/install/waver_description/share/waver_description/package.bash'
[0.626s] INFO:colcon.colcon_core.shell:Creating package script '/home/seyeongw/ros2_ws/src/ROS2-Mobile-Manipulator/wave_rover/install/waver_description/share/waver_description/package.zsh'
[0.626s] Level 1:colcon.colcon_core.environment:create_file_with_runtime_dependencies(/home/seyeongw/ros2_ws/src/ROS2-Mobile-Manipulator/wave_rover/install/waver_description/share/colcon-core/packages/waver_description)
[0.628s] Level 1:colcon.colcon_core.environment:create_environment_scripts_only(waver_gazebo)
[0.628s] Level 1:colcon.colcon_core.environment:checking '/home/seyeongw/ros2_ws/src/ROS2-Mobile-Manipulator/wave_rover/install/waver_gazebo' for CMake module files
[0.629s] DEBUG:colcon.colcon_core.event_handler.log_command:Invoked command in '/home/seyeongw/ros2_ws/src/ROS2-Mobile-Manipulator/wave_rover/build/waver_gazebo' returned '0': CMAKE_PREFIX_PATH=${CMAKE_PREFIX_PATH}:/home/seyeongw/ros2_ws/install/ros2_aruco:/home/seyeongw/ros2_ws/install/open_manipulator_x_description:/home/seyeongw/ros2_ws/install/camera_detection:/opt/ros/humble /usr/bin/cmake --install /home/seyeongw/ros2_ws/src/ROS2-Mobile-Manipulator/wave_rover/build/waver_gazebo
[0.630s] Level 1:colcon.colcon_core.environment:checking '/home/seyeongw/ros2_ws/src/ROS2-Mobile-Manipulator/wave_rover/install/waver_gazebo' for CMake config files
[0.630s] Level 1:colcon.colcon_core.shell:create_environment_hook('waver_gazebo', 'cmake_prefix_path')
[0.631s] INFO:colcon.colcon_core.shell:Creating environment hook '/home/seyeongw/ros2_ws/src/ROS2-Mobile-Manipulator/wave_rover/install/waver_gazebo/share/waver_gazebo/hook/cmake_prefix_path.ps1'
[0.631s] INFO:colcon.colcon_core.shell:Creating environment descriptor '/home/seyeongw/ros2_ws/src/ROS2-Mobile-Manipulator/wave_rover/install/waver_gazebo/share/waver_gazebo/hook/cmake_prefix_path.dsv'
[0.631s] INFO:colcon.colcon_core.shell:Creating environment hook '/home/seyeongw/ros2_ws/src/ROS2-Mobile-Manipulator/wave_rover/install/waver_gazebo/share/waver_gazebo/hook/cmake_prefix_path.sh'
[0.632s] Level 1:colcon.colcon_core.environment:checking '/home/seyeongw/ros2_ws/src/ROS2-Mobile-Manipulator/wave_rover/install/waver_gazebo/bin'
[0.632s] Level 1:colcon.colcon_core.environment:checking '/home/seyeongw/ros2_ws/src/ROS2-Mobile-Manipulator/wave_rover/install/waver_gazebo/lib/pkgconfig/waver_gazebo.pc'
[0.632s] Level 1:colcon.colcon_core.environment:checking '/home/seyeongw/ros2_ws/src/ROS2-Mobile-Manipulator/wave_rover/install/waver_gazebo/lib/python3.10/site-packages'
[0.633s] Level 1:colcon.colcon_core.environment:checking '/home/seyeongw/ros2_ws/src/ROS2-Mobile-Manipulator/wave_rover/install/waver_gazebo/bin'
[0.633s] INFO:colcon.colcon_core.shell:Creating package script '/home/seyeongw/ros2_ws/src/ROS2-Mobile-Manipulator/wave_rover/install/waver_gazebo/share/waver_gazebo/package.ps1'
[0.633s] INFO:colcon.colcon_core.shell:Creating package descriptor '/home/seyeongw/ros2_ws/src/ROS2-Mobile-Manipulator/wave_rover/install/waver_gazebo/share/waver_gazebo/package.dsv'
[0.634s] INFO:colcon.colcon_core.shell:Creating package script '/home/seyeongw/ros2_ws/src/ROS2-Mobile-Manipulator/wave_rover/install/waver_gazebo/share/waver_gazebo/package.sh'
[0.634s] INFO:colcon.colcon_core.shell:Creating package script '/home/seyeongw/ros2_ws/src/ROS2-Mobile-Manipulator/wave_rover/install/waver_gazebo/share/waver_gazebo/package.bash'
[0.634s] INFO:colcon.colcon_core.shell:Creating package script '/home/seyeongw/ros2_ws/src/ROS2-Mobile-Manipulator/wave_rover/install/waver_gazebo/share/waver_gazebo/package.zsh'
[0.635s] Level 1:colcon.colcon_core.environment:create_file_with_runtime_dependencies(/home/seyeongw/ros2_ws/src/ROS2-Mobile-Manipulator/wave_rover/install/waver_gazebo/share/colcon-core/packages/waver_gazebo)
[0.635s] Level 1:colcon.colcon_core.environment:create_environment_scripts_only(waver_gazebo)
[0.635s] Level 1:colcon.colcon_core.environment:checking '/home/seyeongw/ros2_ws/src/ROS2-Mobile-Manipulator/wave_rover/install/waver_gazebo' for CMake module files
[0.636s] Level 1:colcon.colcon_core.environment:checking '/home/seyeongw/ros2_ws/src/ROS2-Mobile-Manipulator/wave_rover/install/waver_gazebo' for CMake config files
[0.636s] Level 1:colcon.colcon_core.shell:create_environment_hook('waver_gazebo', 'cmake_prefix_path')
[0.636s] INFO:colcon.colcon_core.shell:Creating environment hook '/home/seyeongw/ros2_ws/src/ROS2-Mobile-Manipulator/wave_rover/install/waver_gazebo/share/waver_gazebo/hook/cmake_prefix_path.ps1'
[0.636s] INFO:colcon.colcon_core.shell:Creating environment descriptor '/home/seyeongw/ros2_ws/src/ROS2-Mobile-Manipulator/wave_rover/install/waver_gazebo/share/waver_gazebo/hook/cmake_prefix_path.dsv'
[0.637s] INFO:colcon.colcon_core.shell:Creating environment hook '/home/seyeongw/ros2_ws/src/ROS2-Mobile-Manipulator/wave_rover/install/waver_gazebo/share/waver_gazebo/hook/cmake_prefix_path.sh'
[0.637s] Level 1:colcon.colcon_core.environment:checking '/home/seyeongw/ros2_ws/src/ROS2-Mobile-Manipulator/wave_rover/install/waver_gazebo/bin'
[0.637s] Level 1:colcon.colcon_core.environment:checking '/home/seyeongw/ros2_ws/src/ROS2-Mobile-Manipulator/wave_rover/install/waver_gazebo/lib/pkgconfig/waver_gazebo.pc'
[0.637s] Level 1:colcon.colcon_core.environment:checking '/home/seyeongw/ros2_ws/src/ROS2-Mobile-Manipulator/wave_rover/install/waver_gazebo/lib/python3.10/site-packages'
[0.638s] Level 1:colcon.colcon_core.environment:checking '/home/seyeongw/ros2_ws/src/ROS2-Mobile-Manipulator/wave_rover/install/waver_gazebo/bin'
[0.638s] INFO:colcon.colcon_core.shell:Creating package script '/home/seyeongw/ros2_ws/src/ROS2-Mobile-Manipulator/wave_rover/install/waver_gazebo/share/waver_gazebo/package.ps1'
[0.638s] INFO:colcon.colcon_core.shell:Creating package descriptor '/home/seyeongw/ros2_ws/src/ROS2-Mobile-Manipulator/wave_rover/install/waver_gazebo/share/waver_gazebo/package.dsv'
[0.639s] INFO:colcon.colcon_core.shell:Creating package script '/home/seyeongw/ros2_ws/src/ROS2-Mobile-Manipulator/wave_rover/install/waver_gazebo/share/waver_gazebo/package.sh'
[0.639s] INFO:colcon.colcon_core.shell:Creating package script '/home/seyeongw/ros2_ws/src/ROS2-Mobile-Manipulator/wave_rover/install/waver_gazebo/share/waver_gazebo/package.bash'
[0.640s] INFO:colcon.colcon_core.shell:Creating package script '/home/seyeongw/ros2_ws/src/ROS2-Mobile-Manipulator/wave_rover/install/waver_gazebo/share/waver_gazebo/package.zsh'
[0.640s] Level 1:colcon.colcon_core.environment:create_file_with_runtime_dependencies(/home/seyeongw/ros2_ws/src/ROS2-Mobile-Manipulator/wave_rover/install/waver_gazebo/share/colcon-core/packages/waver_gazebo)
[0.641s] Level 1:colcon.colcon_core.environment:create_environment_scripts_only(waver_viz)
[0.641s] Level 1:colcon.colcon_core.environment:checking '/home/seyeongw/ros2_ws/src/ROS2-Mobile-Manipulator/wave_rover/install/waver_viz' for CMake module files
[0.642s] DEBUG:colcon.colcon_core.event_handler.log_command:Invoked command in '/home/seyeongw/ros2_ws/src/ROS2-Mobile-Manipulator/wave_rover/build/waver_viz' returned '0': CMAKE_PREFIX_PATH=${CMAKE_PREFIX_PATH}:/home/seyeongw/ros2_ws/install/ros2_aruco:/home/seyeongw/ros2_ws/install/open_manipulator_x_description:/home/seyeongw/ros2_ws/install/camera_detection:/opt/ros/humble /usr/bin/cmake --install /home/seyeongw/ros2_ws/src/ROS2-Mobile-Manipulator/wave_rover/build/waver_viz
[0.642s] Level 1:colcon.colcon_core.environment:checking '/home/seyeongw/ros2_ws/src/ROS2-Mobile-Manipulator/wave_rover/install/waver_viz' for CMake config files
[0.642s] Level 1:colcon.colcon_core.shell:create_environment_hook('waver_viz', 'cmake_prefix_path')
[0.642s] INFO:colcon.colcon_core.shell:Creating environment hook '/home/seyeongw/ros2_ws/src/ROS2-Mobile-Manipulator/wave_rover/install/waver_viz/share/waver_viz/hook/cmake_prefix_path.ps1'
[0.642s] INFO:colcon.colcon_core.shell:Creating environment descriptor '/home/seyeongw/ros2_ws/src/ROS2-Mobile-Manipulator/wave_rover/install/waver_viz/share/waver_viz/hook/cmake_prefix_path.dsv'
[0.643s] INFO:colcon.colcon_core.shell:Creating environment hook '/home/seyeongw/ros2_ws/src/ROS2-Mobile-Manipulator/wave_rover/install/waver_viz/share/waver_viz/hook/cmake_prefix_path.sh'
[0.643s] Level 1:colcon.colcon_core.environment:checking '/home/seyeongw/ros2_ws/src/ROS2-Mobile-Manipulator/wave_rover/install/waver_viz/bin'
[0.643s] Level 1:colcon.colcon_core.environment:checking '/home/seyeongw/ros2_ws/src/ROS2-Mobile-Manipulator/wave_rover/install/waver_viz/lib/pkgconfig/waver_viz.pc'
[0.643s] Level 1:colcon.colcon_core.environment:checking '/home/seyeongw/ros2_ws/src/ROS2-Mobile-Manipulator/wave_rover/install/waver_viz/lib/python3.10/site-packages'
[0.644s] Level 1:colcon.colcon_core.environment:checking '/home/seyeongw/ros2_ws/src/ROS2-Mobile-Manipulator/wave_rover/install/waver_viz/bin'
[0.644s] INFO:colcon.colcon_core.shell:Creating package script '/home/seyeongw/ros2_ws/src/ROS2-Mobile-Manipulator/wave_rover/install/waver_viz/share/waver_viz/package.ps1'
[0.644s] INFO:colcon.colcon_core.shell:Creating package descriptor '/home/seyeongw/ros2_ws/src/ROS2-Mobile-Manipulator/wave_rover/install/waver_viz/share/waver_viz/package.dsv'
[0.645s] INFO:colcon.colcon_core.shell:Creating package script '/home/seyeongw/ros2_ws/src/ROS2-Mobile-Manipulator/wave_rover/install/waver_viz/share/waver_viz/package.sh'
[0.645s] INFO:colcon.colcon_core.shell:Creating package script '/home/seyeongw/ros2_ws/src/ROS2-Mobile-Manipulator/wave_rover/install/waver_viz/share/waver_viz/package.bash'
[0.645s] INFO:colcon.colcon_core.shell:Creating package script '/home/seyeongw/ros2_ws/src/ROS2-Mobile-Manipulator/wave_rover/install/waver_viz/share/waver_viz/package.zsh'
[0.646s] Level 1:colcon.colcon_core.environment:create_file_with_runtime_dependencies(/home/seyeongw/ros2_ws/src/ROS2-Mobile-Manipulator/wave_rover/install/waver_viz/share/colcon-core/packages/waver_viz)
[0.647s] Level 1:colcon.colcon_core.environment:create_environment_scripts_only(waver_viz)
[0.647s] Level 1:colcon.colcon_core.environment:checking '/home/seyeongw/ros2_ws/src/ROS2-Mobile-Manipulator/wave_rover/install/waver_viz' for CMake module files
[0.648s] Level 1:colcon.colcon_core.environment:checking '/home/seyeongw/ros2_ws/src/ROS2-Mobile-Manipulator/wave_rover/install/waver_viz' for CMake config files
[0.648s] Level 1:colcon.colcon_core.shell:create_environment_hook('waver_viz', 'cmake_prefix_path')
[0.648s] INFO:colcon.colcon_core.shell:Creating environment hook '/home/seyeongw/ros2_ws/src/ROS2-Mobile-Manipulator/wave_rover/install/waver_viz/share/waver_viz/hook/cmake_prefix_path.ps1'
[0.649s] INFO:colcon.colcon_core.shell:Creating environment descriptor '/home/seyeongw/ros2_ws/src/ROS2-Mobile-Manipulator/wave_rover/install/waver_viz/share/waver_viz/hook/cmake_prefix_path.dsv'
[0.650s] INFO:colcon.colcon_core.shell:Creating environment hook '/home/seyeongw/ros2_ws/src/ROS2-Mobile-Manipulator/wave_rover/install/waver_viz/share/waver_viz/hook/cmake_prefix_path.sh'
[0.650s] Level 1:colcon.colcon_core.environment:checking '/home/seyeongw/ros2_ws/src/ROS2-Mobile-Manipulator/wave_rover/install/waver_viz/bin'
[0.651s] Level 1:colcon.colcon_core.environment:checking '/home/seyeongw/ros2_ws/src/ROS2-Mobile-Manipulator/wave_rover/install/waver_viz/lib/pkgconfig/waver_viz.pc'
[0.651s] Level 1:colcon.colcon_core.environment:checking '/home/seyeongw/ros2_ws/src/ROS2-Mobile-Manipulator/wave_rover/install/waver_viz/lib/python3.10/site-packages'
[0.651s] Level 1:colcon.colcon_core.environment:checking '/home/seyeongw/ros2_ws/src/ROS2-Mobile-Manipulator/wave_rover/install/waver_viz/bin'
[0.652s] INFO:colcon.colcon_core.shell:Creating package script '/home/seyeongw/ros2_ws/src/ROS2-Mobile-Manipulator/wave_rover/install/waver_viz/share/waver_viz/package.ps1'
[0.652s] INFO:colcon.colcon_core.shell:Creating package descriptor '/home/seyeongw/ros2_ws/src/ROS2-Mobile-Manipulator/wave_rover/install/waver_viz/share/waver_viz/package.dsv'
[0.653s] INFO:colcon.colcon_core.shell:Creating package script '/home/seyeongw/ros2_ws/src/ROS2-Mobile-Manipulator/wave_rover/install/waver_viz/share/waver_viz/package.sh'
[0.653s] INFO:colcon.colcon_core.shell:Creating package script '/home/seyeongw/ros2_ws/src/ROS2-Mobile-Manipulator/wave_rover/install/waver_viz/share/waver_viz/package.bash'
[0.654s] INFO:colcon.colcon_core.shell:Creating package script '/home/seyeongw/ros2_ws/src/ROS2-Mobile-Manipulator/wave_rover/install/waver_viz/share/waver_viz/package.zsh'
[0.654s] Level 1:colcon.colcon_core.environment:create_file_with_runtime_dependencies(/home/seyeongw/ros2_ws/src/ROS2-Mobile-Manipulator/wave_rover/install/waver_viz/share/colcon-core/packages/waver_viz)
[0.655s] INFO:colcon.colcon_ros.task.ament_cmake.build:Building ROS package in '/home/seyeongw/ros2_ws/src/ROS2-Mobile-Manipulator/wave_rover/waver_nav' with build type 'ament_cmake'
[0.655s] INFO:colcon.colcon_cmake.task.cmake.build:Building CMake package in '/home/seyeongw/ros2_ws/src/ROS2-Mobile-Manipulator/wave_rover/waver_nav'
[0.655s] INFO:colcon.colcon_core.shell:Skip shell extension 'powershell' for command environment: Not usable outside of PowerShell
[0.656s] DEBUG:colcon.colcon_core.shell:Skip shell extension 'dsv' for command environment
[0.671s] DEBUG:colcon.colcon_core.event_handler.log_command:Invoking command in '/home/seyeongw/ros2_ws/src/ROS2-Mobile-Manipulator/wave_rover/build/waver_nav': AMENT_PREFIX_PATH=/home/seyeongw/ros2_ws/src/ROS2-Mobile-Manipulator/wave_rover/install/waver_viz:/home/seyeongw/ros2_ws/src/ROS2-Mobile-Manipulator/wave_rover/install/waver_gazebo:/home/seyeongw/ros2_ws/src/ROS2-Mobile-Manipulator/wave_rover/install/waver_description:${AMENT_PREFIX_PATH} CMAKE_PREFIX_PATH=/home/seyeongw/ros2_ws/src/ROS2-Mobile-Manipulator/wave_rover/install/waver_viz:/home/seyeongw/ros2_ws/src/ROS2-Mobile-Manipulator/wave_rover/install/waver_gazebo:/home/seyeongw/ros2_ws/src/ROS2-Mobile-Manipulator/wave_rover/install/waver_description:/home/seyeongw/ros2_ws/install/omx_real_pick:/home/seyeongw/ros2_ws/install/omx_moveit_pick_cpp:/home/seyeongw/ros2_ws/install/ros2_aruco_interfaces:/home/seyeongw/ros2_ws/install/px4_ros_com:/home/seyeongw/ros2_ws/install/offboard:/home/seyeongw/ros2_ws/install/px4_msgs:/home/seyeongw/ros2_ws/install/opencv_webcam_sub:/home/seyeongw/ros2_ws/install/open_manipulator:/home/seyeongw/ros2_ws/install/open_manipulator_x_teleop:/home/seyeongw/ros2_ws/install/open_manipulator_x_playground:/home/seyeongw/ros2_ws/install/open_manipulator_x_moveit_config:/home/seyeongw/ros2_ws/install/open_manipulator_x_gui:/home/seyeongw/ros2_ws/install/open_manipulator_x_bringup:/home/seyeongw/ros2_ws/install/open_manipulator_msgs:/home/seyeongw/ros2_ws/install/dynamixel_sdk_examples:/home/seyeongw/ros2_ws/install/dynamixel_sdk_custom_interfaces:/home/seyeongw/ros2_ws/install/dynamixel_hardware_interface:/home/seyeongw/ros2_ws/install/dynamixel_sdk:/home/seyeongw/ros2_ws/install/dynamixel_interfaces:/home/seyeongw/ros2_ws/install/ros2_aruco:/home/seyeongw/ros2_ws/install/open_manipulator_x_description:/home/seyeongw/ros2_ws/install/camera_detection:/opt/ros/humble /usr/bin/cmake --build /home/seyeongw/ros2_ws/src/ROS2-Mobile-Manipulator/wave_rover/build/waver_nav -- -j18 -l18
[0.724s] DEBUG:colcon.colcon_core.event_handler.log_command:Invoked command in '/home/seyeongw/ros2_ws/src/ROS2-Mobile-Manipulator/wave_rover/build/waver_nav' returned '0': AMENT_PREFIX_PATH=/home/seyeongw/ros2_ws/src/ROS2-Mobile-Manipulator/wave_rover/install/waver_viz:/home/seyeongw/ros2_ws/src/ROS2-Mobile-Manipulator/wave_rover/install/waver_gazebo:/home/seyeongw/ros2_ws/src/ROS2-Mobile-Manipulator/wave_rover/install/waver_description:${AMENT_PREFIX_PATH} CMAKE_PREFIX_PATH=/home/seyeongw/ros2_ws/src/ROS2-Mobile-Manipulator/wave_rover/install/waver_viz:/home/seyeongw/ros2_ws/src/ROS2-Mobile-Manipulator/wave_rover/install/waver_gazebo:/home/seyeongw/ros2_ws/src/ROS2-Mobile-Manipulator/wave_rover/install/waver_description:/home/seyeongw/ros2_ws/install/omx_real_pick:/home/seyeongw/ros2_ws/install/omx_moveit_pick_cpp:/home/seyeongw/ros2_ws/install/ros2_aruco_interfaces:/home/seyeongw/ros2_ws/install/px4_ros_com:/home/seyeongw/ros2_ws/install/offboard:/home/seyeongw/ros2_ws/install/px4_msgs:/home/seyeongw/ros2_ws/install/opencv_webcam_sub:/home/seyeongw/ros2_ws/install/open_manipulator:/home/seyeongw/ros2_ws/install/open_manipulator_x_teleop:/home/seyeongw/ros2_ws/install/open_manipulator_x_playground:/home/seyeongw/ros2_ws/install/open_manipulator_x_moveit_config:/home/seyeongw/ros2_ws/install/open_manipulator_x_gui:/home/seyeongw/ros2_ws/install/open_manipulator_x_bringup:/home/seyeongw/ros2_ws/install/open_manipulator_msgs:/home/seyeongw/ros2_ws/install/dynamixel_sdk_examples:/home/seyeongw/ros2_ws/install/dynamixel_sdk_custom_interfaces:/home/seyeongw/ros2_ws/install/dynamixel_hardware_interface:/home/seyeongw/ros2_ws/install/dynamixel_sdk:/home/seyeongw/ros2_ws/install/dynamixel_interfaces:/home/seyeongw/ros2_ws/install/ros2_aruco:/home/seyeongw/ros2_ws/install/open_manipulator_x_description:/home/seyeongw/ros2_ws/install/camera_detection:/opt/ros/humble /usr/bin/cmake --build /home/seyeongw/ros2_ws/src/ROS2-Mobile-Manipulator/wave_rover/build/waver_nav -- -j18 -l18
[0.726s] DEBUG:colcon.colcon_core.event_handler.log_command:Invoking command in '/home/seyeongw/ros2_ws/src/ROS2-Mobile-Manipulator/wave_rover/build/waver_nav': AMENT_PREFIX_PATH=/home/seyeongw/ros2_ws/src/ROS2-Mobile-Manipulator/wave_rover/install/waver_viz:/home/seyeongw/ros2_ws/src/ROS2-Mobile-Manipulator/wave_rover/install/waver_gazebo:/home/seyeongw/ros2_ws/src/ROS2-Mobile-Manipulator/wave_rover/install/waver_description:${AMENT_PREFIX_PATH} CMAKE_PREFIX_PATH=/home/seyeongw/ros2_ws/src/ROS2-Mobile-Manipulator/wave_rover/install/waver_viz:/home/seyeongw/ros2_ws/src/ROS2-Mobile-Manipulator/wave_rover/install/waver_gazebo:/home/seyeongw/ros2_ws/src/ROS2-Mobile-Manipulator/wave_rover/install/waver_description:/home/seyeongw/ros2_ws/install/omx_real_pick:/home/seyeongw/ros2_ws/install/omx_moveit_pick_cpp:/home/seyeongw/ros2_ws/install/ros2_aruco_interfaces:/home/seyeongw/ros2_ws/install/px4_ros_com:/home/seyeongw/ros2_ws/install/offboard:/home/seyeongw/ros2_ws/install/px4_msgs:/home/seyeongw/ros2_ws/install/opencv_webcam_sub:/home/seyeongw/ros2_ws/install/open_manipulator:/home/seyeongw/ros2_ws/install/open_manipulator_x_teleop:/home/seyeongw/ros2_ws/install/open_manipulator_x_playground:/home/seyeongw/ros2_ws/install/open_manipulator_x_moveit_config:/home/seyeongw/ros2_ws/install/open_manipulator_x_gui:/home/seyeongw/ros2_ws/install/open_manipulator_x_bringup:/home/seyeongw/ros2_ws/install/open_manipulator_msgs:/home/seyeongw/ros2_ws/install/dynamixel_sdk_examples:/home/seyeongw/ros2_ws/install/dynamixel_sdk_custom_interfaces:/home/seyeongw/ros2_ws/install/dynamixel_hardware_interface:/home/seyeongw/ros2_ws/install/dynamixel_sdk:/home/seyeongw/ros2_ws/install/dynamixel_interfaces:/home/seyeongw/ros2_ws/install/ros2_aruco:/home/seyeongw/ros2_ws/install/open_manipulator_x_description:/home/seyeongw/ros2_ws/install/camera_detection:/opt/ros/humble /usr/bin/cmake --install /home/seyeongw/ros2_ws/src/ROS2-Mobile-Manipulator/wave_rover/build/waver_nav
[0.742s] Level 1:colcon.colcon_core.environment:create_environment_scripts_only(waver_nav)
[0.743s] Level 1:colcon.colcon_core.environment:checking '/home/seyeongw/ros2_ws/src/ROS2-Mobile-Manipulator/wave_rover/install/waver_nav' for CMake module files
[0.743s] DEBUG:colcon.colcon_core.event_handler.log_command:Invoked command in '/home/seyeongw/ros2_ws/src/ROS2-Mobile-Manipulator/wave_rover/build/waver_nav' returned '0': AMENT_PREFIX_PATH=/home/seyeongw/ros2_ws/src/ROS2-Mobile-Manipulator/wave_rover/install/waver_viz:/home/seyeongw/ros2_ws/src/ROS2-Mobile-Manipulator/wave_rover/install/waver_gazebo:/home/seyeongw/ros2_ws/src/ROS2-Mobile-Manipulator/wave_rover/install/waver_description:${AMENT_PREFIX_PATH} CMAKE_PREFIX_PATH=/home/seyeongw/ros2_ws/src/ROS2-Mobile-Manipulator/wave_rover/install/waver_viz:/home/seyeongw/ros2_ws/src/ROS2-Mobile-Manipulator/wave_rover/install/waver_gazebo:/home/seyeongw/ros2_ws/src/ROS2-Mobile-Manipulator/wave_rover/install/waver_description:/home/seyeongw/ros2_ws/install/omx_real_pick:/home/seyeongw/ros2_ws/install/omx_moveit_pick_cpp:/home/seyeongw/ros2_ws/install/ros2_aruco_interfaces:/home/seyeongw/ros2_ws/install/px4_ros_com:/home/seyeongw/ros2_ws/install/offboard:/home/seyeongw/ros2_ws/install/px4_msgs:/home/seyeongw/ros2_ws/install/opencv_webcam_sub:/home/seyeongw/ros2_ws/install/open_manipulator:/home/seyeongw/ros2_ws/install/open_manipulator_x_teleop:/home/seyeongw/ros2_ws/install/open_manipulator_x_playground:/home/seyeongw/ros2_ws/install/open_manipulator_x_moveit_config:/home/seyeongw/ros2_ws/install/open_manipulator_x_gui:/home/seyeongw/ros2_ws/install/open_manipulator_x_bringup:/home/seyeongw/ros2_ws/install/open_manipulator_msgs:/home/seyeongw/ros2_ws/install/dynamixel_sdk_examples:/home/seyeongw/ros2_ws/install/dynamixel_sdk_custom_interfaces:/home/seyeongw/ros2_ws/install/dynamixel_hardware_interface:/home/seyeongw/ros2_ws/install/dynamixel_sdk:/home/seyeongw/ros2_ws/install/dynamixel_interfaces:/home/seyeongw/ros2_ws/install/ros2_aruco:/home/seyeongw/ros2_ws/install/open_manipulator_x_description:/home/seyeongw/ros2_ws/install/camera_detection:/opt/ros/humble /usr/bin/cmake --install /home/seyeongw/ros2_ws/src/ROS2-Mobile-Manipulator/wave_rover/build/waver_nav
[0.744s] Level 1:colcon.colcon_core.environment:checking '/home/seyeongw/ros2_ws/src/ROS2-Mobile-Manipulator/wave_rover/install/waver_nav' for CMake config files
[0.744s] Level 1:colcon.colcon_core.shell:create_environment_hook('waver_nav', 'cmake_prefix_path')
[0.745s] INFO:colcon.colcon_core.shell:Creating environment hook '/home/seyeongw/ros2_ws/src/ROS2-Mobile-Manipulator/wave_rover/install/waver_nav/share/waver_nav/hook/cmake_prefix_path.ps1'
[0.745s] INFO:colcon.colcon_core.shell:Creating environment descriptor '/home/seyeongw/ros2_ws/src/ROS2-Mobile-Manipulator/wave_rover/install/waver_nav/share/waver_nav/hook/cmake_prefix_path.dsv'
[0.746s] INFO:colcon.colcon_core.shell:Creating environment hook '/home/seyeongw/ros2_ws/src/ROS2-Mobile-Manipulator/wave_rover/install/waver_nav/share/waver_nav/hook/cmake_prefix_path.sh'
[0.746s] Level 1:colcon.colcon_core.environment:checking '/home/seyeongw/ros2_ws/src/ROS2-Mobile-Manipulator/wave_rover/install/waver_nav/bin'
[0.746s] Level 1:colcon.colcon_core.environment:checking '/home/seyeongw/ros2_ws/src/ROS2-Mobile-Manipulator/wave_rover/install/waver_nav/lib/pkgconfig/waver_nav.pc'
[0.747s] Level 1:colcon.colcon_core.environment:checking '/home/seyeongw/ros2_ws/src/ROS2-Mobile-Manipulator/wave_rover/install/waver_nav/lib/python3.10/site-packages'
[0.747s] Level 1:colcon.colcon_core.environment:checking '/home/seyeongw/ros2_ws/src/ROS2-Mobile-Manipulator/wave_rover/install/waver_nav/bin'
[0.748s] INFO:colcon.colcon_core.shell:Creating package script '/home/seyeongw/ros2_ws/src/ROS2-Mobile-Manipulator/wave_rover/install/waver_nav/share/waver_nav/package.ps1'
[0.749s] INFO:colcon.colcon_core.shell:Creating package descriptor '/home/seyeongw/ros2_ws/src/ROS2-Mobile-Manipulator/wave_rover/install/waver_nav/share/waver_nav/package.dsv'
[0.749s] INFO:colcon.colcon_core.shell:Creating package script '/home/seyeongw/ros2_ws/src/ROS2-Mobile-Manipulator/wave_rover/install/waver_nav/share/waver_nav/package.sh'
[0.750s] INFO:colcon.colcon_core.shell:Creating package script '/home/seyeongw/ros2_ws/src/ROS2-Mobile-Manipulator/wave_rover/install/waver_nav/share/waver_nav/package.bash'
[0.750s] INFO:colcon.colcon_core.shell:Creating package script '/home/seyeongw/ros2_ws/src/ROS2-Mobile-Manipulator/wave_rover/install/waver_nav/share/waver_nav/package.zsh'
[0.750s] Level 1:colcon.colcon_core.environment:create_file_with_runtime_dependencies(/home/seyeongw/ros2_ws/src/ROS2-Mobile-Manipulator/wave_rover/install/waver_nav/share/colcon-core/packages/waver_nav)
[0.751s] Level 1:colcon.colcon_core.environment:create_environment_scripts_only(waver_nav)
[0.751s] Level 1:colcon.colcon_core.environment:checking '/home/seyeongw/ros2_ws/src/ROS2-Mobile-Manipulator/wave_rover/install/waver_nav' for CMake module files
[0.752s] Level 1:colcon.colcon_core.environment:checking '/home/seyeongw/ros2_ws/src/ROS2-Mobile-Manipulator/wave_rover/install/waver_nav' for CMake config files
[0.752s] Level 1:colcon.colcon_core.shell:create_environment_hook('waver_nav', 'cmake_prefix_path')
[0.752s] INFO:colcon.colcon_core.shell:Creating environment hook '/home/seyeongw/ros2_ws/src/ROS2-Mobile-Manipulator/wave_rover/install/waver_nav/share/waver_nav/hook/cmake_prefix_path.ps1'
[0.753s] INFO:colcon.colcon_core.shell:Creating environment descriptor '/home/seyeongw/ros2_ws/src/ROS2-Mobile-Manipulator/wave_rover/install/waver_nav/share/waver_nav/hook/cmake_prefix_path.dsv'
[0.753s] INFO:colcon.colcon_core.shell:Creating environment hook '/home/seyeongw/ros2_ws/src/ROS2-Mobile-Manipulator/wave_rover/install/waver_nav/share/waver_nav/hook/cmake_prefix_path.sh'
[0.754s] Level 1:colcon.colcon_core.environment:checking '/home/seyeongw/ros2_ws/src/ROS2-Mobile-Manipulator/wave_rover/install/waver_nav/bin'
[0.754s] Level 1:colcon.colcon_core.environment:checking '/home/seyeongw/ros2_ws/src/ROS2-Mobile-Manipulator/wave_rover/install/waver_nav/lib/pkgconfig/waver_nav.pc'
[0.754s] Level 1:colcon.colcon_core.environment:checking '/home/seyeongw/ros2_ws/src/ROS2-Mobile-Manipulator/wave_rover/install/waver_nav/lib/python3.10/site-packages'
[0.755s] Level 1:colcon.colcon_core.environment:checking '/home/seyeongw/ros2_ws/src/ROS2-Mobile-Manipulator/wave_rover/install/waver_nav/bin'
[0.755s] INFO:colcon.colcon_core.shell:Creating package script '/home/seyeongw/ros2_ws/src/ROS2-Mobile-Manipulator/wave_rover/install/waver_nav/share/waver_nav/package.ps1'
[0.756s] INFO:colcon.colcon_core.shell:Creating package descriptor '/home/seyeongw/ros2_ws/src/ROS2-Mobile-Manipulator/wave_rover/install/waver_nav/share/waver_nav/package.dsv'
[0.756s] INFO:colcon.colcon_core.shell:Creating package script '/home/seyeongw/ros2_ws/src/ROS2-Mobile-Manipulator/wave_rover/install/waver_nav/share/waver_nav/package.sh'
[0.757s] INFO:colcon.colcon_core.shell:Creating package script '/home/seyeongw/ros2_ws/src/ROS2-Mobile-Manipulator/wave_rover/install/waver_nav/share/waver_nav/package.bash'
[0.757s] INFO:colcon.colcon_core.shell:Creating package script '/home/seyeongw/ros2_ws/src/ROS2-Mobile-Manipulator/wave_rover/install/waver_nav/share/waver_nav/package.zsh'
[0.758s] Level 1:colcon.colcon_core.environment:create_file_with_runtime_dependencies(/home/seyeongw/ros2_ws/src/ROS2-Mobile-Manipulator/wave_rover/install/waver_nav/share/colcon-core/packages/waver_nav)
[0.758s] DEBUG:colcon.colcon_parallel_executor.executor.parallel:closing loop
[0.759s] DEBUG:colcon.colcon_parallel_executor.executor.parallel:loop closed
[0.759s] DEBUG:colcon.colcon_parallel_executor.executor.parallel:run_until_complete finished with '0'
[0.759s] DEBUG:colcon.colcon_core.event_reactor:joining thread
[0.766s] INFO:colcon.colcon_core.plugin_system:Skipping extension 'colcon_notification.desktop_notification.terminal_notifier': Not used on non-Darwin systems
[0.766s] INFO:colcon.colcon_core.plugin_system:Skipping extension 'colcon_notification.desktop_notification.win32': Not used on non-Windows systems
[0.766s] INFO:colcon.colcon_notification.desktop_notification:Sending desktop notification using 'notify2'
[0.788s] DEBUG:colcon.colcon_core.event_reactor:joined thread
[0.789s] INFO:colcon.colcon_core.shell:Creating prefix script '/home/seyeongw/ros2_ws/src/ROS2-Mobile-Manipulator/wave_rover/install/local_setup.ps1'
[0.790s] INFO:colcon.colcon_core.shell:Creating prefix util module '/home/seyeongw/ros2_ws/src/ROS2-Mobile-Manipulator/wave_rover/install/_local_setup_util_ps1.py'
[0.792s] INFO:colcon.colcon_core.shell:Creating prefix chain script '/home/seyeongw/ros2_ws/src/ROS2-Mobile-Manipulator/wave_rover/install/setup.ps1'
[0.794s] INFO:colcon.colcon_core.shell:Creating prefix script '/home/seyeongw/ros2_ws/src/ROS2-Mobile-Manipulator/wave_rover/install/local_setup.sh'
[0.795s] INFO:colcon.colcon_core.shell:Creating prefix util module '/home/seyeongw/ros2_ws/src/ROS2-Mobile-Manipulator/wave_rover/install/_local_setup_util_sh.py'
[0.795s] INFO:colcon.colcon_core.shell:Creating prefix chain script '/home/seyeongw/ros2_ws/src/ROS2-Mobile-Manipulator/wave_rover/install/setup.sh'
[0.797s] INFO:colcon.colcon_core.shell:Creating prefix script '/home/seyeongw/ros2_ws/src/ROS2-Mobile-Manipulator/wave_rover/install/local_setup.bash'
[0.797s] INFO:colcon.colcon_core.shell:Creating prefix chain script '/home/seyeongw/ros2_ws/src/ROS2-Mobile-Manipulator/wave_rover/install/setup.bash'
[0.799s] INFO:colcon.colcon_core.shell:Creating prefix script '/home/seyeongw/ros2_ws/src/ROS2-Mobile-Manipulator/wave_rover/install/local_setup.zsh'
[0.799s] INFO:colcon.colcon_core.shell:Creating prefix chain script '/home/seyeongw/ros2_ws/src/ROS2-Mobile-Manipulator/wave_rover/install/setup.zsh'
