[0.024s] Invoking command in '/home/seyeongw/ros2_ws/src/ROS2-Mobile-Manipulator/wave_rover/build/waver_description': CMAKE_PREFIX_PATH=${CMAKE_PREFIX_PATH}:/home/seyeongw/ros2_ws/install/ros2_aruco:/home/seyeongw/ros2_ws/install/camera_detection:/opt/ros/humble /usr/bin/cmake --build /home/seyeongw/ros2_ws/src/ROS2-Mobile-Manipulator/wave_rover/build/waver_description -- -j18 -l18
[0.072s] Invoked command in '/home/seyeongw/ros2_ws/src/ROS2-Mobile-Manipulator/wave_rover/build/waver_description' returned '0': CMAKE_PREFIX_PATH=${CMAKE_PREFIX_PATH}:/home/seyeongw/ros2_ws/install/ros2_aruco:/home/seyeongw/ros2_ws/install/camera_detection:/opt/ros/humble /usr/bin/cmake --build /home/seyeongw/ros2_ws/src/ROS2-Mobile-Manipulator/wave_rover/build/waver_description -- -j18 -l18
[0.085s] Invoking command in '/home/seyeongw/ros2_ws/src/ROS2-Mobile-Manipulator/wave_rover/build/waver_description': CMAKE_PREFIX_PATH=${CMAKE_PREFIX_PATH}:/home/seyeongw/ros2_ws/install/ros2_aruco:/home/seyeongw/ros2_ws/install/camera_detection:/opt/ros/humble /usr/bin/cmake --install /home/seyeongw/ros2_ws/src/ROS2-Mobile-Manipulator/wave_rover/build/waver_description
[0.096s] -- Install configuration: ""
[0.096s] -- Up-to-date: /home/seyeongw/ros2_ws/src/ROS2-Mobile-Manipulator/wave_rover/install/waver_description/share/waver_description//config
[0.096s] -- Up-to-date: /home/seyeongw/ros2_ws/src/ROS2-Mobile-Manipulator/wave_rover/install/waver_description/share/waver_description//config/waver_controllers.yaml
[0.096s] -- Up-to-date: /home/seyeongw/ros2_ws/src/ROS2-Mobile-Manipulator/wave_rover/install/waver_description/share/waver_description//launch
[0.096s] -- Up-to-date: /home/seyeongw/ros2_ws/src/ROS2-Mobile-Manipulator/wave_rover/install/waver_description/share/waver_description//launch/description.launch.xml
[0.096s] -- Up-to-date: /home/seyeongw/ros2_ws/src/ROS2-Mobile-Manipulator/wave_rover/install/waver_description/share/waver_description//meshes
[0.097s] -- Up-to-date: /home/seyeongw/ros2_ws/src/ROS2-Mobile-Manipulator/wave_rover/install/waver_description/share/waver_description//meshes/rasp_pi_camera.stl
[0.097s] -- Up-to-date: /home/seyeongw/ros2_ws/src/ROS2-Mobile-Manipulator/wave_rover/install/waver_description/share/waver_description//meshes/wheel_back_left_link.stl
[0.097s] -- Up-to-date: /home/seyeongw/ros2_ws/src/ROS2-Mobile-Manipulator/wave_rover/install/waver_description/share/waver_description//meshes/LD19.stl
[0.097s] -- Up-to-date: /home/seyeongw/ros2_ws/src/ROS2-Mobile-Manipulator/wave_rover/install/waver_description/share/waver_description//meshes/wheel_front_right_link.stl
[0.097s] -- Up-to-date: /home/seyeongw/ros2_ws/src/ROS2-Mobile-Manipulator/wave_rover/install/waver_description/share/waver_description//meshes/wheel_front_left_link.stl
[0.097s] -- Up-to-date: /home/seyeongw/ros2_ws/src/ROS2-Mobile-Manipulator/wave_rover/install/waver_description/share/waver_description//meshes/board_link.stl
[0.098s] -- Up-to-date: /home/seyeongw/ros2_ws/src/ROS2-Mobile-Manipulator/wave_rover/install/waver_description/share/waver_description//meshes/base_link.stl
[0.098s] -- Up-to-date: /home/seyeongw/ros2_ws/src/ROS2-Mobile-Manipulator/wave_rover/install/waver_description/share/waver_description//meshes/accessories1_link.stl
[0.098s] -- Up-to-date: /home/seyeongw/ros2_ws/src/ROS2-Mobile-Manipulator/wave_rover/install/waver_description/share/waver_description//meshes/zedxm.stl
[0.098s] -- Up-to-date: /home/seyeongw/ros2_ws/src/ROS2-Mobile-Manipulator/wave_rover/install/waver_description/share/waver_description//meshes/oled_screen_link.stl
[0.098s] -- Up-to-date: /home/seyeongw/ros2_ws/src/ROS2-Mobile-Manipulator/wave_rover/install/waver_description/share/waver_description//meshes/wheel_back_right_link.stl
[0.098s] -- Up-to-date: /home/seyeongw/ros2_ws/src/ROS2-Mobile-Manipulator/wave_rover/install/waver_description/share/waver_description//meshes/accessories_link.stl
[0.098s] -- Up-to-date: /home/seyeongw/ros2_ws/src/ROS2-Mobile-Manipulator/wave_rover/install/waver_description/share/waver_description//meshes/top_shell_link.stl
[0.098s] -- Up-to-date: /home/seyeongw/ros2_ws/src/ROS2-Mobile-Manipulator/wave_rover/install/waver_description/share/waver_description//urdf
[0.098s] -- Up-to-date: /home/seyeongw/ros2_ws/src/ROS2-Mobile-Manipulator/wave_rover/install/waver_description/share/waver_description//urdf/materials.xacro
[0.098s] -- Up-to-date: /home/seyeongw/ros2_ws/src/ROS2-Mobile-Manipulator/wave_rover/install/waver_description/share/waver_description//urdf/depth_camera_zedxm.xacro
[0.099s] -- Up-to-date: /home/seyeongw/ros2_ws/src/ROS2-Mobile-Manipulator/wave_rover/install/waver_description/share/waver_description//urdf/waver.gazebo.xacro
[0.099s] -- Up-to-date: /home/seyeongw/ros2_ws/src/ROS2-Mobile-Manipulator/wave_rover/install/waver_description/share/waver_description//urdf/lidar.xacro
[0.099s] -- Up-to-date: /home/seyeongw/ros2_ws/src/ROS2-Mobile-Manipulator/wave_rover/install/waver_description/share/waver_description//urdf/waver.control.xacro
[0.099s] -- Up-to-date: /home/seyeongw/ros2_ws/src/ROS2-Mobile-Manipulator/wave_rover/install/waver_description/share/waver_description//urdf/util.xacro
[0.099s] -- Up-to-date: /home/seyeongw/ros2_ws/src/ROS2-Mobile-Manipulator/wave_rover/install/waver_description/share/waver_description//urdf/imu.xacro
[0.099s] -- Up-to-date: /home/seyeongw/ros2_ws/src/ROS2-Mobile-Manipulator/wave_rover/install/waver_description/share/waver_description//urdf/rasp_pi_camera.xacro
[0.099s] -- Up-to-date: /home/seyeongw/ros2_ws/src/ROS2-Mobile-Manipulator/wave_rover/install/waver_description/share/waver_description//urdf/waver.xacro
[0.100s] -- Up-to-date: /home/seyeongw/ros2_ws/src/ROS2-Mobile-Manipulator/wave_rover/install/waver_description/share/ament_index/resource_index/package_run_dependencies/waver_description
[0.100s] -- Up-to-date: /home/seyeongw/ros2_ws/src/ROS2-Mobile-Manipulator/wave_rover/install/waver_description/share/ament_index/resource_index/parent_prefix_path/waver_description
[0.100s] -- Up-to-date: /home/seyeongw/ros2_ws/src/ROS2-Mobile-Manipulator/wave_rover/install/waver_description/share/waver_description/environment/ament_prefix_path.sh
[0.100s] -- Up-to-date: /home/seyeongw/ros2_ws/src/ROS2-Mobile-Manipulator/wave_rover/install/waver_description/share/waver_description/environment/ament_prefix_path.dsv
[0.100s] -- Up-to-date: /home/seyeongw/ros2_ws/src/ROS2-Mobile-Manipulator/wave_rover/install/waver_description/share/waver_description/environment/path.sh
[0.100s] -- Up-to-date: /home/seyeongw/ros2_ws/src/ROS2-Mobile-Manipulator/wave_rover/install/waver_description/share/waver_description/environment/path.dsv
[0.101s] -- Up-to-date: /home/seyeongw/ros2_ws/src/ROS2-Mobile-Manipulator/wave_rover/install/waver_description/share/waver_description/local_setup.bash
[0.101s] -- Up-to-date: /home/seyeongw/ros2_ws/src/ROS2-Mobile-Manipulator/wave_rover/install/waver_description/share/waver_description/local_setup.sh
[0.101s] -- Up-to-date: /home/seyeongw/ros2_ws/src/ROS2-Mobile-Manipulator/wave_rover/install/waver_description/share/waver_description/local_setup.zsh
[0.101s] -- Up-to-date: /home/seyeongw/ros2_ws/src/ROS2-Mobile-Manipulator/wave_rover/install/waver_description/share/waver_description/local_setup.dsv
[0.101s] -- Installing: /home/seyeongw/ros2_ws/src/ROS2-Mobile-Manipulator/wave_rover/install/waver_description/share/waver_description/package.dsv
[0.103s] -- Up-to-date: /home/seyeongw/ros2_ws/src/ROS2-Mobile-Manipulator/wave_rover/install/waver_description/share/ament_index/resource_index/packages/waver_description
[0.103s] -- Up-to-date: /home/seyeongw/ros2_ws/src/ROS2-Mobile-Manipulator/wave_rover/install/waver_description/share/waver_description/cmake/waver_descriptionConfig.cmake
[0.103s] -- Up-to-date: /home/seyeongw/ros2_ws/src/ROS2-Mobile-Manipulator/wave_rover/install/waver_description/share/waver_description/cmake/waver_descriptionConfig-version.cmake
[0.103s] -- Up-to-date: /home/seyeongw/ros2_ws/src/ROS2-Mobile-Manipulator/wave_rover/install/waver_description/share/waver_description/package.xml
[0.104s] Invoked command in '/home/seyeongw/ros2_ws/src/ROS2-Mobile-Manipulator/wave_rover/build/waver_description' returned '0': CMAKE_PREFIX_PATH=${CMAKE_PREFIX_PATH}:/home/seyeongw/ros2_ws/install/ros2_aruco:/home/seyeongw/ros2_ws/install/camera_detection:/opt/ros/humble /usr/bin/cmake --install /home/seyeongw/ros2_ws/src/ROS2-Mobile-Manipulator/wave_rover/build/waver_description
