-- Install configuration: ""
-- Up-to-date: /home/seyeongw/ros2_ws/src/ROS2-Mobile-Manipulator/wave_rover/install/waver_nav/share/ament_index/resource_index/package_run_dependencies/waver_nav
-- Up-to-date: /home/seyeongw/ros2_ws/src/ROS2-Mobile-Manipulator/wave_rover/install/waver_nav/share/ament_index/resource_index/parent_prefix_path/waver_nav
-- Up-to-date: /home/seyeongw/ros2_ws/src/ROS2-Mobile-Manipulator/wave_rover/install/waver_nav/share/waver_nav/environment/ament_prefix_path.sh
-- Up-to-date: /home/seyeongw/ros2_ws/src/ROS2-Mobile-Manipulator/wave_rover/install/waver_nav/share/waver_nav/environment/ament_prefix_path.dsv
-- Up-to-date: /home/seyeongw/ros2_ws/src/ROS2-Mobile-Manipulator/wave_rover/install/waver_nav/share/waver_nav/environment/path.sh
-- Up-to-date: /home/seyeongw/ros2_ws/src/ROS2-Mobile-Manipulator/wave_rover/install/waver_nav/share/waver_nav/environment/path.dsv
-- Up-to-date: /home/seyeongw/ros2_ws/src/ROS2-Mobile-Manipulator/wave_rover/install/waver_nav/share/waver_nav/local_setup.bash
-- Up-to-date: /home/seyeongw/ros2_ws/src/ROS2-Mobile-Manipulator/wave_rover/install/waver_nav/share/waver_nav/local_setup.sh
-- Up-to-date: /home/seyeongw/ros2_ws/src/ROS2-Mobile-Manipulator/wave_rover/install/waver_nav/share/waver_nav/local_setup.zsh
-- Up-to-date: /home/seyeongw/ros2_ws/src/ROS2-Mobile-Manipulator/wave_rover/install/waver_nav/share/waver_nav/local_setup.dsv
-- Up-to-date: /home/seyeongw/ros2_ws/src/ROS2-Mobile-Manipulator/wave_rover/install/waver_nav/share/waver_nav/package.dsv
-- Up-to-date: /home/seyeongw/ros2_ws/src/ROS2-Mobile-Manipulator/wave_rover/install/waver_nav/share/ament_index/resource_index/packages/waver_nav
-- Up-to-date: /home/seyeongw/ros2_ws/src/ROS2-Mobile-Manipulator/wave_rover/install/waver_nav/share/waver_nav/cmake/waver_navConfig.cmake
-- Up-to-date: /home/seyeongw/ros2_ws/src/ROS2-Mobile-Manipulator/wave_rover/install/waver_nav/share/waver_nav/cmake/waver_navConfig-version.cmake
-- Up-to-date: /home/seyeongw/ros2_ws/src/ROS2-Mobile-Manipulator/wave_rover/install/waver_nav/share/waver_nav/package.xml
-- Up-to-date: /home/seyeongw/ros2_ws/src/ROS2-Mobile-Manipulator/wave_rover/install/waver_nav/share/waver_nav//launch
-- Up-to-date: /home/seyeongw/ros2_ws/src/ROS2-Mobile-Manipulator/wave_rover/install/waver_nav/share/waver_nav//launch/lifecycle_manager.launch.xml
-- Up-to-date: /home/seyeongw/ros2_ws/src/ROS2-Mobile-Manipulator/wave_rover/install/waver_nav/share/waver_nav//launch/move_base.launch
-- Up-to-date: /home/seyeongw/ros2_ws/src/ROS2-Mobile-Manipulator/wave_rover/install/waver_nav/share/waver_nav//launch/map_server.launch.xml
-- Up-to-date: /home/seyeongw/ros2_ws/src/ROS2-Mobile-Manipulator/wave_rover/install/waver_nav/share/waver_nav//launch/async_slam_toolbox.launch.xml
-- Up-to-date: /home/seyeongw/ros2_ws/src/ROS2-Mobile-Manipulator/wave_rover/install/waver_nav/share/waver_nav//launch/map_saver.launch.xml
-- Up-to-date: /home/seyeongw/ros2_ws/src/ROS2-Mobile-Manipulator/wave_rover/install/waver_nav/share/waver_nav//launch/waver_nav.launch
-- Up-to-date: /home/seyeongw/ros2_ws/src/ROS2-Mobile-Manipulator/wave_rover/install/waver_nav/share/waver_nav//launch/amcl.launch
-- Up-to-date: /home/seyeongw/ros2_ws/src/ROS2-Mobile-Manipulator/wave_rover/install/waver_nav/share/waver_nav//maps
-- Up-to-date: /home/seyeongw/ros2_ws/src/ROS2-Mobile-Manipulator/wave_rover/install/waver_nav/share/waver_nav//maps/coworking_map.pgm
-- Up-to-date: /home/seyeongw/ros2_ws/src/ROS2-Mobile-Manipulator/wave_rover/install/waver_nav/share/waver_nav//maps/coworking_map.yaml
-- Up-to-date: /home/seyeongw/ros2_ws/src/ROS2-Mobile-Manipulator/wave_rover/install/waver_nav/share/waver_nav//param
-- Up-to-date: /home/seyeongw/ros2_ws/src/ROS2-Mobile-Manipulator/wave_rover/install/waver_nav/share/waver_nav//param/async_slam_toolbox.yaml
-- Up-to-date: /home/seyeongw/ros2_ws/src/ROS2-Mobile-Manipulator/wave_rover/install/waver_nav/share/waver_nav//rviz
-- Up-to-date: /home/seyeongw/ros2_ws/src/ROS2-Mobile-Manipulator/wave_rover/install/waver_nav/share/waver_nav//rviz/waver.rviz
